2021-03-08 13:03:10 [restartedMain] [INFO] o.s.b.d.restart.ChangeableUrls - The Class-Path manifest attribute in C:\Users\Eanda\.gradle\caches\modules-2\files-2.1\javax.xml\jaxb-impl\2.1\8c86d5d4eac7f89cec63432274d712ba82cd201b\jaxb-impl-2.1.jar referenced one or more files that do not exist: file:/C:/Users/Eanda/.gradle/caches/modules-2/files-2.1/javax.xml/jaxb-impl/2.1/8c86d5d4eac7f89cec63432274d712ba82cd201b/jaxb-api.jar,file:/C:/Users/Eanda/.gradle/caches/modules-2/files-2.1/javax.xml/jaxb-impl/2.1/8c86d5d4eac7f89cec63432274d712ba82cd201b/activation.jar,file:/C:/Users/Eanda/.gradle/caches/modules-2/files-2.1/javax.xml/jaxb-impl/2.1/8c86d5d4eac7f89cec63432274d712ba82cd201b/jsr173_1.0_api.jar,file:/C:/Users/Eanda/.gradle/caches/modules-2/files-2.1/javax.xml/jaxb-impl/2.1/8c86d5d4eac7f89cec63432274d712ba82cd201b/jaxb1-impl.jar
2021-03-08 13:03:10 [restartedMain] [INFO] o.s.b.d.e.DevToolsPropertyDefaultsPostProcessor - Devtools property defaults active! Set 'spring.devtools.add-properties' to 'false' to disable
2021-03-08 13:03:10 [restartedMain] [INFO] o.s.b.d.e.DevToolsPropertyDefaultsPostProcessor - For additional web related logging consider setting the 'logging.level.web' property to 'DEBUG'
2021-03-08 13:03:11 [restartedMain] [DEBUG] o.m.s.b.a.MybatisAutoConfiguration - Searching for mappers annotated with @Mapper
2021-03-08 13:03:11 [restartedMain] [DEBUG] o.m.s.b.a.MybatisAutoConfiguration - Using auto-configuration base package 'com.ecommercebackend'
2021-03-08 13:03:11 [restartedMain] [DEBUG] o.m.s.mapper.ClassPathMapperScanner - Identified candidate component class: file [E:\projects\Ecommerce\ecommerce-backend\build\classes\java\main\com\ecommercebackend\admin\dao\CategoryDao.class]
2021-03-08 13:03:11 [restartedMain] [DEBUG] o.m.s.mapper.ClassPathMapperScanner - Identified candidate component class: file [E:\projects\Ecommerce\ecommerce-backend\build\classes\java\main\com\ecommercebackend\admin\dao\ProductDao.class]
2021-03-08 13:03:11 [restartedMain] [DEBUG] o.m.s.mapper.ClassPathMapperScanner - Identified candidate component class: file [E:\projects\Ecommerce\ecommerce-backend\build\classes\java\main\com\ecommercebackend\admin\dao\ResourceImageDao.class]
2021-03-08 13:03:11 [restartedMain] [DEBUG] o.m.s.mapper.ClassPathMapperScanner - Identified candidate component class: file [E:\projects\Ecommerce\ecommerce-backend\build\classes\java\main\com\ecommercebackend\admin\dao\UserDao.class]
2021-03-08 13:03:11 [restartedMain] [DEBUG] o.m.s.mapper.ClassPathMapperScanner - Identified candidate component class: file [E:\projects\Ecommerce\ecommerce-backend\build\classes\java\main\com\ecommercebackend\core\dao\DefaultAuthenticationDao.class]
2021-03-08 13:03:11 [restartedMain] [DEBUG] o.m.s.mapper.ClassPathMapperScanner - Identified candidate component class: file [E:\projects\Ecommerce\ecommerce-backend\build\classes\java\main\com\ecommercebackend\core\dao\SuccessLoginDao.class]
2021-03-08 13:03:11 [restartedMain] [DEBUG] o.m.s.mapper.ClassPathMapperScanner - Identified candidate component class: file [E:\projects\Ecommerce\ecommerce-backend\build\classes\java\main\com\ecommercebackend\web\dao\ReaderImgDao.class]
2021-03-08 13:03:11 [restartedMain] [DEBUG] o.m.s.mapper.ClassPathMapperScanner - Creating MapperFactoryBean with name 'categoryDao' and 'com.ecommercebackend.admin.dao.CategoryDao' mapperInterface
2021-03-08 13:03:11 [restartedMain] [DEBUG] o.m.s.mapper.ClassPathMapperScanner - Enabling autowire by type for MapperFactoryBean with name 'categoryDao'.
2021-03-08 13:03:11 [restartedMain] [DEBUG] o.m.s.mapper.ClassPathMapperScanner - Creating MapperFactoryBean with name 'productDao' and 'com.ecommercebackend.admin.dao.ProductDao' mapperInterface
2021-03-08 13:03:11 [restartedMain] [DEBUG] o.m.s.mapper.ClassPathMapperScanner - Enabling autowire by type for MapperFactoryBean with name 'productDao'.
2021-03-08 13:03:11 [restartedMain] [DEBUG] o.m.s.mapper.ClassPathMapperScanner - Creating MapperFactoryBean with name 'resourceImageDao' and 'com.ecommercebackend.admin.dao.ResourceImageDao' mapperInterface
2021-03-08 13:03:11 [restartedMain] [DEBUG] o.m.s.mapper.ClassPathMapperScanner - Enabling autowire by type for MapperFactoryBean with name 'resourceImageDao'.
2021-03-08 13:03:11 [restartedMain] [DEBUG] o.m.s.mapper.ClassPathMapperScanner - Creating MapperFactoryBean with name 'userDao' and 'com.ecommercebackend.admin.dao.UserDao' mapperInterface
2021-03-08 13:03:11 [restartedMain] [DEBUG] o.m.s.mapper.ClassPathMapperScanner - Enabling autowire by type for MapperFactoryBean with name 'userDao'.
2021-03-08 13:03:11 [restartedMain] [DEBUG] o.m.s.mapper.ClassPathMapperScanner - Creating MapperFactoryBean with name 'defaultAuthenticationDao' and 'com.ecommercebackend.core.dao.DefaultAuthenticationDao' mapperInterface
2021-03-08 13:03:11 [restartedMain] [DEBUG] o.m.s.mapper.ClassPathMapperScanner - Enabling autowire by type for MapperFactoryBean with name 'defaultAuthenticationDao'.
2021-03-08 13:03:11 [restartedMain] [DEBUG] o.m.s.mapper.ClassPathMapperScanner - Creating MapperFactoryBean with name 'successLoginDao' and 'com.ecommercebackend.core.dao.SuccessLoginDao' mapperInterface
2021-03-08 13:03:11 [restartedMain] [DEBUG] o.m.s.mapper.ClassPathMapperScanner - Enabling autowire by type for MapperFactoryBean with name 'successLoginDao'.
2021-03-08 13:03:11 [restartedMain] [DEBUG] o.m.s.mapper.ClassPathMapperScanner - Creating MapperFactoryBean with name 'readerImgDao' and 'com.ecommercebackend.web.dao.ReaderImgDao' mapperInterface
2021-03-08 13:03:11 [restartedMain] [DEBUG] o.m.s.mapper.ClassPathMapperScanner - Enabling autowire by type for MapperFactoryBean with name 'readerImgDao'.
2021-03-08 13:03:11 [restartedMain] [INFO] o.s.c.s.PostProcessorRegistrationDelegate$BeanPostProcessorChecker - Bean 'org.springframework.ws.config.annotation.DelegatingWsConfiguration' of type [org.springframework.ws.config.annotation.DelegatingWsConfiguration$$EnhancerBySpringCGLIB$$4fb0344e] is not eligible for getting processed by all BeanPostProcessors (for example: not eligible for auto-proxying)
2021-03-08 13:03:11 [restartedMain] [INFO] o.s.w.s.a.s.AnnotationActionEndpointMapping - Supporting [WS-Addressing August 2004, WS-Addressing 1.0]
2021-03-08 13:03:11 [restartedMain] [INFO] o.s.c.s.PostProcessorRegistrationDelegate$BeanPostProcessorChecker - Bean 'org.springframework.security.access.expression.method.DefaultMethodSecurityExpressionHandler@5c0cf4b1' of type [org.springframework.security.access.expression.method.DefaultMethodSecurityExpressionHandler] is not eligible for getting processed by all BeanPostProcessors (for example: not eligible for auto-proxying)
2021-03-08 13:03:11 [restartedMain] [INFO] o.s.c.s.PostProcessorRegistrationDelegate$BeanPostProcessorChecker - Bean 'methodSecurityMetadataSource' of type [org.springframework.security.access.method.DelegatingMethodSecurityMetadataSource] is not eligible for getting processed by all BeanPostProcessors (for example: not eligible for auto-proxying)
2021-03-08 13:03:11 [restartedMain] [INFO] o.s.b.w.e.tomcat.TomcatWebServer - Tomcat initialized with port(s): 8080 (http)
2021-03-08 13:03:11 [restartedMain] [INFO] o.a.coyote.http11.Http11NioProtocol - Initializing ProtocolHandler ["http-nio-8080"]
2021-03-08 13:03:11 [restartedMain] [INFO] o.a.catalina.core.StandardService - Starting service [Tomcat]
2021-03-08 13:03:11 [restartedMain] [INFO] o.a.catalina.core.StandardEngine - Starting Servlet engine: [Apache Tomcat/9.0.41]
2021-03-08 13:03:11 [restartedMain] [INFO] o.a.c.c.C.[Tomcat].[localhost].[/] - Initializing Spring embedded WebApplicationContext
2021-03-08 13:03:11 [restartedMain] [INFO] o.s.b.w.s.c.ServletWebServerApplicationContext - Root WebApplicationContext: initialization completed in 1809 ms
2021-03-08 13:03:12 [restartedMain] [DEBUG] o.m.spring.SqlSessionFactoryBean - Parsed configuration file: 'class path resource [mybatis/mybatis_config.xml]'
2021-03-08 13:03:12 [restartedMain] [DEBUG] o.m.spring.SqlSessionFactoryBean - Parsed mapper file: 'file [E:\projects\Ecommerce\ecommerce-backend\build\resources\main\mybatis\mapper\admin\categoryDai.xml]'
2021-03-08 13:03:12 [restartedMain] [DEBUG] o.m.spring.SqlSessionFactoryBean - Parsed mapper file: 'file [E:\projects\Ecommerce\ecommerce-backend\build\resources\main\mybatis\mapper\admin\productDao.xml]'
2021-03-08 13:03:12 [restartedMain] [DEBUG] o.m.spring.SqlSessionFactoryBean - Parsed mapper file: 'file [E:\projects\Ecommerce\ecommerce-backend\build\resources\main\mybatis\mapper\admin\resourceImageDao.xml]'
2021-03-08 13:03:12 [restartedMain] [DEBUG] o.m.spring.SqlSessionFactoryBean - Parsed mapper file: 'file [E:\projects\Ecommerce\ecommerce-backend\build\resources\main\mybatis\mapper\admin\userDao.xml]'
2021-03-08 13:03:12 [restartedMain] [DEBUG] o.m.spring.SqlSessionFactoryBean - Parsed mapper file: 'file [E:\projects\Ecommerce\ecommerce-backend\build\resources\main\mybatis\mapper\core\SuccessLogin.xml]'
2021-03-08 13:03:12 [restartedMain] [DEBUG] o.m.spring.SqlSessionFactoryBean - Parsed mapper file: 'file [E:\projects\Ecommerce\ecommerce-backend\build\resources\main\mybatis\mapper\core\defaultAuthenticationDao.xml]'
2021-03-08 13:03:12 [restartedMain] [DEBUG] o.m.spring.SqlSessionFactoryBean - Parsed mapper file: 'file [E:\projects\Ecommerce\ecommerce-backend\build\resources\main\mybatis\mapper\web\readerImgDao.xml]'
2021-03-08 13:03:12 [restartedMain] [INFO] o.s.s.c.ThreadPoolTaskExecutor - Initializing ExecutorService
2021-03-08 13:03:12 [restartedMain] [INFO] o.s.s.c.ThreadPoolTaskExecutor - Initializing ExecutorService 'asyncExecutor'
2021-03-08 13:03:12 [restartedMain] [INFO] o.s.s.web.DefaultSecurityFilterChain - Will secure Ant [pattern='/api/web/**'] with []
2021-03-08 13:03:12 [restartedMain] [INFO] o.s.s.web.DefaultSecurityFilterChain - Will secure Ant [pattern='/api/mobile/**'] with []
2021-03-08 13:03:12 [restartedMain] [INFO] o.s.s.web.DefaultSecurityFilterChain - Will secure Ant [pattern='/401.html'] with []
2021-03-08 13:03:12 [restartedMain] [INFO] o.s.s.web.DefaultSecurityFilterChain - Will secure Ant [pattern='/404.html'] with []
2021-03-08 13:03:12 [restartedMain] [INFO] o.s.s.web.DefaultSecurityFilterChain - Will secure Ant [pattern='/500.html'] with []
2021-03-08 13:03:12 [restartedMain] [INFO] o.s.s.web.DefaultSecurityFilterChain - Will secure Or [Ant [pattern='/oauth/token'], Ant [pattern='/oauth/token_key'], Ant [pattern='/oauth/check_token']] with [org.springframework.security.web.context.request.async.WebAsyncManagerIntegrationFilter@21f809b6, org.springframework.security.web.context.SecurityContextPersistenceFilter@74d39ebf, org.springframework.security.web.header.HeaderWriterFilter@1da95d9b, org.springframework.security.web.authentication.logout.LogoutFilter@1b64764f, org.springframework.security.web.authentication.www.BasicAuthenticationFilter@468771e1, org.springframework.security.web.savedrequest.RequestCacheAwareFilter@577b017f, org.springframework.security.web.servletapi.SecurityContextHolderAwareRequestFilter@5802a54, org.springframework.security.web.authentication.AnonymousAuthenticationFilter@5aeba615, org.springframework.security.web.session.SessionManagementFilter@42f3a8d6, org.springframework.security.web.access.ExceptionTranslationFilter@605de8ef, org.springframework.security.web.access.intercept.FilterSecurityInterceptor@3f718427]
2021-03-08 13:03:12 [restartedMain] [INFO] o.s.s.web.DefaultSecurityFilterChain - Will secure Or [Ant [pattern='/api/**']] with [org.springframework.security.web.context.request.async.WebAsyncManagerIntegrationFilter@64e237e7, org.springframework.security.web.context.SecurityContextPersistenceFilter@21789e85, org.springframework.security.web.header.HeaderWriterFilter@8fe1c50, org.springframework.security.web.authentication.logout.LogoutFilter@4ab1d5ce, org.springframework.security.oauth2.provider.authentication.OAuth2AuthenticationProcessingFilter@4ee977fb, org.springframework.security.web.savedrequest.RequestCacheAwareFilter@2d40cc65, org.springframework.security.web.servletapi.SecurityContextHolderAwareRequestFilter@55a45901, org.springframework.security.web.authentication.AnonymousAuthenticationFilter@71a99541, org.springframework.security.web.session.SessionManagementFilter@c7ecf0c, org.springframework.security.web.access.ExceptionTranslationFilter@e19abd, org.springframework.security.web.access.intercept.FilterSecurityInterceptor@4b2fbaac]
2021-03-08 13:03:12 [restartedMain] [INFO] o.s.s.web.DefaultSecurityFilterChain - Will secure any request with [org.springframework.security.web.context.request.async.WebAsyncManagerIntegrationFilter@4e08e65c, org.springframework.security.web.context.SecurityContextPersistenceFilter@7240e2e7, org.springframework.security.web.header.HeaderWriterFilter@68d72c21, org.springframework.security.web.csrf.CsrfFilter@630baa43, org.springframework.security.web.authentication.logout.LogoutFilter@7614951d, org.springframework.security.web.authentication.UsernamePasswordAuthenticationFilter@19c52b23, org.springframework.security.web.authentication.ui.DefaultLoginPageGeneratingFilter@7c84e485, org.springframework.security.web.authentication.ui.DefaultLogoutPageGeneratingFilter@73646f5e, org.springframework.security.web.authentication.www.BasicAuthenticationFilter@57a0edcc, org.springframework.security.web.savedrequest.RequestCacheAwareFilter@5934df3e, org.springframework.security.web.servletapi.SecurityContextHolderAwareRequestFilter@853461d, org.springframework.security.web.authentication.AnonymousAuthenticationFilter@4348ce22, org.springframework.security.web.session.SessionManagementFilter@4ca70082, org.springframework.security.web.access.ExceptionTranslationFilter@4f7c946d, org.springframework.security.web.access.intercept.FilterSecurityInterceptor@575d5182]
2021-03-08 13:03:12 [restartedMain] [WARN] o.t.templatemode.TemplateMode - [THYMELEAF][restartedMain] Template Mode 'LEGACYHTML5' is deprecated. Using Template Mode 'HTML' instead.
2021-03-08 13:03:12 [restartedMain] [DEBUG] o.m.s.b.a.MybatisAutoConfiguration - Not found configuration for registering mapper bean using @MapperScan, MapperFactoryBean and MapperScannerConfigurer.
2021-03-08 13:03:13 [restartedMain] [INFO] o.s.b.d.a.OptionalLiveReloadServer - LiveReload server is running on port 35729
2021-03-08 13:03:13 [restartedMain] [INFO] o.s.b.a.e.web.EndpointLinksResolver - Exposing 2 endpoint(s) beneath base path '/actuator'
2021-03-08 13:03:13 [restartedMain] [INFO] o.a.coyote.http11.Http11NioProtocol - Starting ProtocolHandler ["http-nio-8080"]
2021-03-08 13:03:13 [restartedMain] [INFO] o.s.b.w.e.tomcat.TomcatWebServer - Tomcat started on port(s): 8080 (http) with context path ''
2021-03-08 13:03:13 [RMI TCP Connection(1)-192.168.1.2] [INFO] o.a.c.c.C.[Tomcat].[localhost].[/] - Initializing Spring DispatcherServlet 'dispatcherServlet'
2021-03-08 13:03:13 [RMI TCP Connection(1)-192.168.1.2] [INFO] o.s.web.servlet.DispatcherServlet - Initializing Servlet 'dispatcherServlet'
2021-03-08 13:03:13 [RMI TCP Connection(1)-192.168.1.2] [INFO] o.s.web.servlet.DispatcherServlet - Completed initialization in 16 ms
2021-03-08 13:03:13 [RMI TCP Connection(3)-192.168.1.2] [INFO] com.zaxxer.hikari.HikariDataSource - HikariPool-1 - Starting...
2021-03-08 13:03:13 [RMI TCP Connection(3)-192.168.1.2] [INFO] com.zaxxer.hikari.HikariDataSource - HikariPool-1 - Start completed.
2021-03-08 13:03:51 [http-nio-8080-exec-1] [DEBUG] org.mybatis.spring.SqlSessionUtils - Creating a new SqlSession
2021-03-08 13:03:51 [http-nio-8080-exec-1] [DEBUG] org.mybatis.spring.SqlSessionUtils - SqlSession [org.apache.ibatis.session.defaults.DefaultSqlSession@3deee1e9] was not registered for synchronization because synchronization is not active
2021-03-08 13:03:51 [http-nio-8080-exec-1] [DEBUG] o.m.s.t.SpringManagedTransaction - JDBC Connection [HikariProxyConnection@1839954306 wrapping org.postgresql.jdbc.PgConnection@1417e52] will not be managed by Spring
2021-03-08 13:03:51 [http-nio-8080-exec-1] [DEBUG] org.mybatis.spring.SqlSessionUtils - Closing non transactional SqlSession [org.apache.ibatis.session.defaults.DefaultSqlSession@3deee1e9]
2021-03-08 13:03:51 [http-nio-8080-exec-1] [INFO] o.s.s.o.p.token.store.JdbcTokenStore - Failed to find access token for token a912d55d-9e0f-48af-bb46-17b4d1788757
2021-03-08 13:03:51 [AsynchThread-1] [DEBUG] org.mybatis.spring.SqlSessionUtils - Creating a new SqlSession
2021-03-08 13:03:51 [AsynchThread-1] [DEBUG] org.mybatis.spring.SqlSessionUtils - SqlSession [org.apache.ibatis.session.defaults.DefaultSqlSession@1b27da70] was not registered for synchronization because synchronization is not active
2021-03-08 13:03:51 [AsynchThread-1] [DEBUG] o.m.s.t.SpringManagedTransaction - JDBC Connection [HikariProxyConnection@1184745714 wrapping org.postgresql.jdbc.PgConnection@1417e52] will not be managed by Spring
2021-03-08 13:03:51 [AsynchThread-1] [DEBUG] org.mybatis.spring.SqlSessionUtils - Closing non transactional SqlSession [org.apache.ibatis.session.defaults.DefaultSqlSession@1b27da70]
2021-03-08 13:03:51 [SimpleAsyncTaskExecutor-50] [DEBUG] org.mybatis.spring.SqlSessionUtils - Creating a new SqlSession
2021-03-08 13:03:51 [SimpleAsyncTaskExecutor-50] [DEBUG] org.mybatis.spring.SqlSessionUtils - SqlSession [org.apache.ibatis.session.defaults.DefaultSqlSession@6a008813] was not registered for synchronization because synchronization is not active
2021-03-08 13:03:51 [SimpleAsyncTaskExecutor-50] [DEBUG] o.m.s.t.SpringManagedTransaction - JDBC Connection [HikariProxyConnection@1849622923 wrapping org.postgresql.jdbc.PgConnection@1417e52] will not be managed by Spring
2021-03-08 13:03:51 [SimpleAsyncTaskExecutor-50] [DEBUG] org.mybatis.spring.SqlSessionUtils - Closing non transactional SqlSession [org.apache.ibatis.session.defaults.DefaultSqlSession@6a008813]
