08-03-2021 13:03:09.985 [restartedMain] INFO  c.e.EcommerceBackendApplication.logStarting - Starting EcommerceBackendApplication using Java 11.0.9 on DESKTOP-TKJ4F4S with PID 2932 (E:\projects\Ecommerce\ecommerce-backend\build\classes\java\main started by Eanda in E:\projects\Ecommerce\ecommerce-backend)
08-03-2021 13:03:09.985 [restartedMain] INFO  c.e.EcommerceBackendApplication.logStartupProfileInfo - No active profile set, falling back to default profiles: default
08-03-2021 13:03:10.023 [restartedMain] INFO  o.s.b.d.restart.ChangeableUrls.logTo - The Class-Path manifest attribute in C:\Users\Eanda\.gradle\caches\modules-2\files-2.1\javax.xml\jaxb-impl\2.1\8c86d5d4eac7f89cec63432274d712ba82cd201b\jaxb-impl-2.1.jar referenced one or more files that do not exist: file:/C:/Users/Eanda/.gradle/caches/modules-2/files-2.1/javax.xml/jaxb-impl/2.1/8c86d5d4eac7f89cec63432274d712ba82cd201b/jaxb-api.jar,file:/C:/Users/Eanda/.gradle/caches/modules-2/files-2.1/javax.xml/jaxb-impl/2.1/8c86d5d4eac7f89cec63432274d712ba82cd201b/activation.jar,file:/C:/Users/Eanda/.gradle/caches/modules-2/files-2.1/javax.xml/jaxb-impl/2.1/8c86d5d4eac7f89cec63432274d712ba82cd201b/jsr173_1.0_api.jar,file:/C:/Users/Eanda/.gradle/caches/modules-2/files-2.1/javax.xml/jaxb-impl/2.1/8c86d5d4eac7f89cec63432274d712ba82cd201b/jaxb1-impl.jar
08-03-2021 13:03:10.023 [restartedMain] INFO  o.s.b.d.e.DevToolsPropertyDefaultsPostProcessor.logTo - Devtools property defaults active! Set 'spring.devtools.add-properties' to 'false' to disable
08-03-2021 13:03:10.023 [restartedMain] INFO  o.s.b.d.e.DevToolsPropertyDefaultsPostProcessor.logTo - For additional web related logging consider setting the 'logging.level.web' property to 'DEBUG'
08-03-2021 13:03:11.092 [restartedMain] DEBUG o.m.s.b.a.MybatisAutoConfiguration.registerBeanDefinitions - Searching for mappers annotated with @Mapper
08-03-2021 13:03:11.092 [restartedMain] DEBUG o.m.s.b.a.MybatisAutoConfiguration.lambda$registerBeanDefinitions$0 - Using auto-configuration base package 'com.ecommercebackend'
08-03-2021 13:03:11.309 [restartedMain] DEBUG o.m.s.mapper.ClassPathMapperScanner.scanCandidateComponents - Identified candidate component class: file [E:\projects\Ecommerce\ecommerce-backend\build\classes\java\main\com\ecommercebackend\admin\dao\CategoryDao.class]
08-03-2021 13:03:11.309 [restartedMain] DEBUG o.m.s.mapper.ClassPathMapperScanner.scanCandidateComponents - Identified candidate component class: file [E:\projects\Ecommerce\ecommerce-backend\build\classes\java\main\com\ecommercebackend\admin\dao\ProductDao.class]
08-03-2021 13:03:11.309 [restartedMain] DEBUG o.m.s.mapper.ClassPathMapperScanner.scanCandidateComponents - Identified candidate component class: file [E:\projects\Ecommerce\ecommerce-backend\build\classes\java\main\com\ecommercebackend\admin\dao\ResourceImageDao.class]
08-03-2021 13:03:11.309 [restartedMain] DEBUG o.m.s.mapper.ClassPathMapperScanner.scanCandidateComponents - Identified candidate component class: file [E:\projects\Ecommerce\ecommerce-backend\build\classes\java\main\com\ecommercebackend\admin\dao\UserDao.class]
08-03-2021 13:03:11.309 [restartedMain] DEBUG o.m.s.mapper.ClassPathMapperScanner.scanCandidateComponents - Identified candidate component class: file [E:\projects\Ecommerce\ecommerce-backend\build\classes\java\main\com\ecommercebackend\core\dao\DefaultAuthenticationDao.class]
08-03-2021 13:03:11.309 [restartedMain] DEBUG o.m.s.mapper.ClassPathMapperScanner.scanCandidateComponents - Identified candidate component class: file [E:\projects\Ecommerce\ecommerce-backend\build\classes\java\main\com\ecommercebackend\core\dao\SuccessLoginDao.class]
08-03-2021 13:03:11.309 [restartedMain] DEBUG o.m.s.mapper.ClassPathMapperScanner.scanCandidateComponents - Identified candidate component class: file [E:\projects\Ecommerce\ecommerce-backend\build\classes\java\main\com\ecommercebackend\web\dao\ReaderImgDao.class]
08-03-2021 13:03:11.309 [restartedMain] DEBUG o.m.s.mapper.ClassPathMapperScanner.debug - Creating MapperFactoryBean with name 'categoryDao' and 'com.ecommercebackend.admin.dao.CategoryDao' mapperInterface
08-03-2021 13:03:11.309 [restartedMain] DEBUG o.m.s.mapper.ClassPathMapperScanner.debug - Enabling autowire by type for MapperFactoryBean with name 'categoryDao'.
08-03-2021 13:03:11.309 [restartedMain] DEBUG o.m.s.mapper.ClassPathMapperScanner.debug - Creating MapperFactoryBean with name 'productDao' and 'com.ecommercebackend.admin.dao.ProductDao' mapperInterface
08-03-2021 13:03:11.309 [restartedMain] DEBUG o.m.s.mapper.ClassPathMapperScanner.debug - Enabling autowire by type for MapperFactoryBean with name 'productDao'.
08-03-2021 13:03:11.309 [restartedMain] DEBUG o.m.s.mapper.ClassPathMapperScanner.debug - Creating MapperFactoryBean with name 'resourceImageDao' and 'com.ecommercebackend.admin.dao.ResourceImageDao' mapperInterface
08-03-2021 13:03:11.309 [restartedMain] DEBUG o.m.s.mapper.ClassPathMapperScanner.debug - Enabling autowire by type for MapperFactoryBean with name 'resourceImageDao'.
08-03-2021 13:03:11.309 [restartedMain] DEBUG o.m.s.mapper.ClassPathMapperScanner.debug - Creating MapperFactoryBean with name 'userDao' and 'com.ecommercebackend.admin.dao.UserDao' mapperInterface
08-03-2021 13:03:11.309 [restartedMain] DEBUG o.m.s.mapper.ClassPathMapperScanner.debug - Enabling autowire by type for MapperFactoryBean with name 'userDao'.
08-03-2021 13:03:11.309 [restartedMain] DEBUG o.m.s.mapper.ClassPathMapperScanner.debug - Creating MapperFactoryBean with name 'defaultAuthenticationDao' and 'com.ecommercebackend.core.dao.DefaultAuthenticationDao' mapperInterface
08-03-2021 13:03:11.309 [restartedMain] DEBUG o.m.s.mapper.ClassPathMapperScanner.debug - Enabling autowire by type for MapperFactoryBean with name 'defaultAuthenticationDao'.
08-03-2021 13:03:11.309 [restartedMain] DEBUG o.m.s.mapper.ClassPathMapperScanner.debug - Creating MapperFactoryBean with name 'successLoginDao' and 'com.ecommercebackend.core.dao.SuccessLoginDao' mapperInterface
08-03-2021 13:03:11.309 [restartedMain] DEBUG o.m.s.mapper.ClassPathMapperScanner.debug - Enabling autowire by type for MapperFactoryBean with name 'successLoginDao'.
08-03-2021 13:03:11.309 [restartedMain] DEBUG o.m.s.mapper.ClassPathMapperScanner.debug - Creating MapperFactoryBean with name 'readerImgDao' and 'com.ecommercebackend.web.dao.ReaderImgDao' mapperInterface
08-03-2021 13:03:11.309 [restartedMain] DEBUG o.m.s.mapper.ClassPathMapperScanner.debug - Enabling autowire by type for MapperFactoryBean with name 'readerImgDao'.
08-03-2021 13:03:11.447 [restartedMain] INFO  o.s.c.s.PostProcessorRegistrationDelegate$BeanPostProcessorChecker.postProcessAfterInitialization - Bean 'org.springframework.ws.config.annotation.DelegatingWsConfiguration' of type [org.springframework.ws.config.annotation.DelegatingWsConfiguration$$EnhancerBySpringCGLIB$$4fb0344e] is not eligible for getting processed by all BeanPostProcessors (for example: not eligible for auto-proxying)
08-03-2021 13:03:11.462 [restartedMain] INFO  o.s.w.s.a.s.AnnotationActionEndpointMapping.afterPropertiesSet - Supporting [WS-Addressing August 2004, WS-Addressing 1.0]
08-03-2021 13:03:11.514 [restartedMain] INFO  o.s.c.s.PostProcessorRegistrationDelegate$BeanPostProcessorChecker.postProcessAfterInitialization - Bean 'org.springframework.security.access.expression.method.DefaultMethodSecurityExpressionHandler@5c0cf4b1' of type [org.springframework.security.access.expression.method.DefaultMethodSecurityExpressionHandler] is not eligible for getting processed by all BeanPostProcessors (for example: not eligible for auto-proxying)
08-03-2021 13:03:11.529 [restartedMain] INFO  o.s.c.s.PostProcessorRegistrationDelegate$BeanPostProcessorChecker.postProcessAfterInitialization - Bean 'methodSecurityMetadataSource' of type [org.springframework.security.access.method.DelegatingMethodSecurityMetadataSource] is not eligible for getting processed by all BeanPostProcessors (for example: not eligible for auto-proxying)
08-03-2021 13:03:11.747 [restartedMain] INFO  o.s.b.w.e.tomcat.TomcatWebServer.initialize - Tomcat initialized with port(s): 8080 (http)
08-03-2021 13:03:11.763 [restartedMain] INFO  o.a.coyote.http11.Http11NioProtocol.log - Initializing ProtocolHandler ["http-nio-8080"]
08-03-2021 13:03:11.763 [restartedMain] INFO  o.a.catalina.core.StandardService.log - Starting service [Tomcat]
08-03-2021 13:03:11.763 [restartedMain] INFO  o.a.catalina.core.StandardEngine.log - Starting Servlet engine: [Apache Tomcat/9.0.41]
08-03-2021 13:03:11.832 [restartedMain] INFO  o.a.c.c.C.[Tomcat].[localhost].[/].log - Initializing Spring embedded WebApplicationContext
08-03-2021 13:03:11.832 [restartedMain] INFO  o.s.b.w.s.c.ServletWebServerApplicationContext.prepareWebApplicationContext - Root WebApplicationContext: initialization completed in 1809 ms
08-03-2021 13:03:12.133 [restartedMain] DEBUG o.m.spring.SqlSessionFactoryBean.debug - Parsed configuration file: 'class path resource [mybatis/mybatis_config.xml]'
08-03-2021 13:03:12.196 [restartedMain] DEBUG o.m.spring.SqlSessionFactoryBean.debug - Parsed mapper file: 'file [E:\projects\Ecommerce\ecommerce-backend\build\resources\main\mybatis\mapper\admin\categoryDai.xml]'
08-03-2021 13:03:12.211 [restartedMain] DEBUG o.m.spring.SqlSessionFactoryBean.debug - Parsed mapper file: 'file [E:\projects\Ecommerce\ecommerce-backend\build\resources\main\mybatis\mapper\admin\productDao.xml]'
08-03-2021 13:03:12.211 [restartedMain] DEBUG o.m.spring.SqlSessionFactoryBean.debug - Parsed mapper file: 'file [E:\projects\Ecommerce\ecommerce-backend\build\resources\main\mybatis\mapper\admin\resourceImageDao.xml]'
08-03-2021 13:03:12.211 [restartedMain] DEBUG o.m.spring.SqlSessionFactoryBean.debug - Parsed mapper file: 'file [E:\projects\Ecommerce\ecommerce-backend\build\resources\main\mybatis\mapper\admin\userDao.xml]'
08-03-2021 13:03:12.211 [restartedMain] DEBUG o.m.spring.SqlSessionFactoryBean.debug - Parsed mapper file: 'file [E:\projects\Ecommerce\ecommerce-backend\build\resources\main\mybatis\mapper\core\SuccessLogin.xml]'
08-03-2021 13:03:12.233 [restartedMain] DEBUG o.m.spring.SqlSessionFactoryBean.debug - Parsed mapper file: 'file [E:\projects\Ecommerce\ecommerce-backend\build\resources\main\mybatis\mapper\core\defaultAuthenticationDao.xml]'
08-03-2021 13:03:12.233 [restartedMain] DEBUG o.m.spring.SqlSessionFactoryBean.debug - Parsed mapper file: 'file [E:\projects\Ecommerce\ecommerce-backend\build\resources\main\mybatis\mapper\web\readerImgDao.xml]'
08-03-2021 13:03:12.365 [restartedMain] INFO  o.s.s.c.ThreadPoolTaskExecutor.initialize - Initializing ExecutorService
08-03-2021 13:03:12.365 [restartedMain] INFO  o.s.s.c.ThreadPoolTaskExecutor.initialize - Initializing ExecutorService 'asyncExecutor'
08-03-2021 13:03:12.628 [restartedMain] INFO  o.s.s.web.DefaultSecurityFilterChain.<init> - Will secure Ant [pattern='/api/web/**'] with []
08-03-2021 13:03:12.628 [restartedMain] INFO  o.s.s.web.DefaultSecurityFilterChain.<init> - Will secure Ant [pattern='/api/mobile/**'] with []
08-03-2021 13:03:12.628 [restartedMain] INFO  o.s.s.web.DefaultSecurityFilterChain.<init> - Will secure Ant [pattern='/401.html'] with []
08-03-2021 13:03:12.628 [restartedMain] INFO  o.s.s.web.DefaultSecurityFilterChain.<init> - Will secure Ant [pattern='/404.html'] with []
08-03-2021 13:03:12.635 [restartedMain] INFO  o.s.s.web.DefaultSecurityFilterChain.<init> - Will secure Ant [pattern='/500.html'] with []
08-03-2021 13:03:12.666 [restartedMain] INFO  o.s.s.web.DefaultSecurityFilterChain.<init> - Will secure Or [Ant [pattern='/oauth/token'], Ant [pattern='/oauth/token_key'], Ant [pattern='/oauth/check_token']] with [org.springframework.security.web.context.request.async.WebAsyncManagerIntegrationFilter@21f809b6, org.springframework.security.web.context.SecurityContextPersistenceFilter@74d39ebf, org.springframework.security.web.header.HeaderWriterFilter@1da95d9b, org.springframework.security.web.authentication.logout.LogoutFilter@1b64764f, org.springframework.security.web.authentication.www.BasicAuthenticationFilter@468771e1, org.springframework.security.web.savedrequest.RequestCacheAwareFilter@577b017f, org.springframework.security.web.servletapi.SecurityContextHolderAwareRequestFilter@5802a54, org.springframework.security.web.authentication.AnonymousAuthenticationFilter@5aeba615, org.springframework.security.web.session.SessionManagementFilter@42f3a8d6, org.springframework.security.web.access.ExceptionTranslationFilter@605de8ef, org.springframework.security.web.access.intercept.FilterSecurityInterceptor@3f718427]
08-03-2021 13:03:12.681 [restartedMain] INFO  o.s.s.web.DefaultSecurityFilterChain.<init> - Will secure Or [Ant [pattern='/api/**']] with [org.springframework.security.web.context.request.async.WebAsyncManagerIntegrationFilter@64e237e7, org.springframework.security.web.context.SecurityContextPersistenceFilter@21789e85, org.springframework.security.web.header.HeaderWriterFilter@8fe1c50, org.springframework.security.web.authentication.logout.LogoutFilter@4ab1d5ce, org.springframework.security.oauth2.provider.authentication.OAuth2AuthenticationProcessingFilter@4ee977fb, org.springframework.security.web.savedrequest.RequestCacheAwareFilter@2d40cc65, org.springframework.security.web.servletapi.SecurityContextHolderAwareRequestFilter@55a45901, org.springframework.security.web.authentication.AnonymousAuthenticationFilter@71a99541, org.springframework.security.web.session.SessionManagementFilter@c7ecf0c, org.springframework.security.web.access.ExceptionTranslationFilter@e19abd, org.springframework.security.web.access.intercept.FilterSecurityInterceptor@4b2fbaac]
08-03-2021 13:03:12.681 [restartedMain] INFO  o.s.s.web.DefaultSecurityFilterChain.<init> - Will secure any request with [org.springframework.security.web.context.request.async.WebAsyncManagerIntegrationFilter@4e08e65c, org.springframework.security.web.context.SecurityContextPersistenceFilter@7240e2e7, org.springframework.security.web.header.HeaderWriterFilter@68d72c21, org.springframework.security.web.csrf.CsrfFilter@630baa43, org.springframework.security.web.authentication.logout.LogoutFilter@7614951d, org.springframework.security.web.authentication.UsernamePasswordAuthenticationFilter@19c52b23, org.springframework.security.web.authentication.ui.DefaultLoginPageGeneratingFilter@7c84e485, org.springframework.security.web.authentication.ui.DefaultLogoutPageGeneratingFilter@73646f5e, org.springframework.security.web.authentication.www.BasicAuthenticationFilter@57a0edcc, org.springframework.security.web.savedrequest.RequestCacheAwareFilter@5934df3e, org.springframework.security.web.servletapi.SecurityContextHolderAwareRequestFilter@853461d, org.springframework.security.web.authentication.AnonymousAuthenticationFilter@4348ce22, org.springframework.security.web.session.SessionManagementFilter@4ca70082, org.springframework.security.web.access.ExceptionTranslationFilter@4f7c946d, org.springframework.security.web.access.intercept.FilterSecurityInterceptor@575d5182]
08-03-2021 13:03:12.851 [restartedMain] WARN  o.t.templatemode.TemplateMode.parse - [THYMELEAF][restartedMain] Template Mode 'LEGACYHTML5' is deprecated. Using Template Mode 'HTML' instead.
08-03-2021 13:03:12.878 [restartedMain] DEBUG o.m.s.b.a.MybatisAutoConfiguration.afterPropertiesSet - Not found configuration for registering mapper bean using @MapperScan, MapperFactoryBean and MapperScannerConfigurer.
08-03-2021 13:03:13.083 [restartedMain] INFO  o.s.b.d.a.OptionalLiveReloadServer.startServer - LiveReload server is running on port 35729
08-03-2021 13:03:13.083 [restartedMain] INFO  o.s.b.a.e.web.EndpointLinksResolver.<init> - Exposing 2 endpoint(s) beneath base path '/actuator'
08-03-2021 13:03:13.114 [restartedMain] INFO  o.a.coyote.http11.Http11NioProtocol.log - Starting ProtocolHandler ["http-nio-8080"]
08-03-2021 13:03:13.136 [restartedMain] INFO  o.s.b.w.e.tomcat.TomcatWebServer.start - Tomcat started on port(s): 8080 (http) with context path ''
08-03-2021 13:03:13.136 [restartedMain] INFO  c.e.EcommerceBackendApplication.logStarted - Started EcommerceBackendApplication in 3.519 seconds (JVM running for 4.515)
08-03-2021 13:03:13.252 [RMI TCP Connection(1)-192.168.1.2] INFO  o.a.c.c.C.[Tomcat].[localhost].[/].log - Initializing Spring DispatcherServlet 'dispatcherServlet'
08-03-2021 13:03:13.252 [RMI TCP Connection(1)-192.168.1.2] INFO  o.s.web.servlet.DispatcherServlet.initServletBean - Initializing Servlet 'dispatcherServlet'
08-03-2021 13:03:13.268 [RMI TCP Connection(1)-192.168.1.2] INFO  o.s.web.servlet.DispatcherServlet.initServletBean - Completed initialization in 16 ms
08-03-2021 13:03:13.430 [RMI TCP Connection(3)-192.168.1.2] INFO  com.zaxxer.hikari.HikariDataSource.getConnection - HikariPool-1 - Starting...
08-03-2021 13:03:13.624 [RMI TCP Connection(3)-192.168.1.2] INFO  com.zaxxer.hikari.HikariDataSource.getConnection - HikariPool-1 - Start completed.
08-03-2021 13:03:51.327 [http-nio-8080-exec-1] INFO  c.e.c.p.DefaultAuthenticationProvider.authenticate - <<<<<==============Start Authorization ===============>>>>>>>>>>>>

08-03-2021 13:03:51.353 [http-nio-8080-exec-1] INFO  c.e.c.p.DefaultAuthenticationProvider.authenticate - <<<<<==============Start Authorization{"authorities":[],"details":{"grant_type":"password","client_id":"spring-security-oauth2-read-write-client","username":"admin"},"authenticated":false,"principal":"admin","credentials":"admin1234","name":"admin"}
08-03-2021 13:03:51.358 [http-nio-8080-exec-1] DEBUG org.mybatis.spring.SqlSessionUtils.debug - Creating a new SqlSession
08-03-2021 13:03:51.361 [http-nio-8080-exec-1] DEBUG org.mybatis.spring.SqlSessionUtils.debug - SqlSession [org.apache.ibatis.session.defaults.DefaultSqlSession@3deee1e9] was not registered for synchronization because synchronization is not active
08-03-2021 13:03:51.366 [http-nio-8080-exec-1] DEBUG o.m.s.t.SpringManagedTransaction.debug - JDBC Connection [HikariProxyConnection@1839954306 wrapping org.postgresql.jdbc.PgConnection@1417e52] will not be managed by Spring
08-03-2021 13:03:51.379 [http-nio-8080-exec-1] DEBUG org.mybatis.spring.SqlSessionUtils.debug - Closing non transactional SqlSession [org.apache.ibatis.session.defaults.DefaultSqlSession@3deee1e9]
08-03-2021 13:03:51.400 [http-nio-8080-exec-1] INFO  c.e.c.p.DefaultAuthenticationProvider.authenticate - 
<<<<<==============End Authorization ===============>>>>>>>>>>>>

08-03-2021 13:03:51.434 [http-nio-8080-exec-1] INFO  o.s.s.o.p.token.store.JdbcTokenStore.readAccessToken - Failed to find access token for token a912d55d-9e0f-48af-bb46-17b4d1788757
08-03-2021 13:03:51.454 [http-nio-8080-exec-1] INFO  c.e.c.c.i.CustomResponseBodyAdviceAdapter.customizeBeforeBodyWrite - Start Response Body Advice
08-03-2021 13:03:51.460 [http-nio-8080-exec-1] INFO  c.e.c.c.i.CustomResponseBodyAdviceAdapter.customizeBeforeBodyWrite - Rest Data To Client Side (JSON) = {"access_token":"a912d55d-9e0f-48af-bb46-17b4d1788757","token_type":"bearer","refresh_token":"da178b51-5c7c-4e7c-b32d-306a3866a125","expires_in":10799,"scope":"read write"}
08-03-2021 13:03:51.475 [http-nio-8080-exec-1] INFO  c.e.c.c.i.CustomResponseBodyAdviceAdapter.customizeBeforeBodyWrite - Rest Data To Client Side (String[encryption]) = {"body":"WpUPo3aJN63AfQF7j5sXwWz8Tmt5FTnbziq+EMTXrNMmMWXKMcKAOCptAGNS/4vf7ISAD1ujP/WKgYf+0YILPBYh1LB2eoPzWZQAjPuTBAL7fAb87BHXo4wAe9SvI8wvURhJNwPzXV1aKL8WH/AILbnQYvmJQ/tYe24QfTliAtJnmJMHqKJsH5DxaIxiq6AcPfKM1rKsLC4v7FC4pVLCrJuvZF1NwkvSaNWaylqiBWg="}
08-03-2021 13:03:51.475 [http-nio-8080-exec-1] INFO  c.e.c.c.i.CustomResponseBodyAdviceAdapter.customizeBeforeBodyWrite - End Response Body Advice
08-03-2021 13:03:51.507 [http-nio-8080-exec-3] INFO  c.e.c.c.i.CustomRequestBodyAdviceAdapter.customizeAfterBodyRead - === Start Request Body Advice Adapter ===
08-03-2021 13:03:51.508 [http-nio-8080-exec-3] INFO  c.e.c.c.i.CustomRequestBodyAdviceAdapter.customizeAfterBodyRead - Request Body Advice Adapter Client Encrypt Data = tGe536f2VknO/R0nLq17qk/dZyuJz2vFwT9CRyyYiX43DEVRTacrmm1nZCSz8bd+79XNLbH0RuLIEz7h9HiuD0Se6WIRJTY7RoEvz4jpHXz2tNBlSWUGcBJNChVooA8qJSF3KWKkwf5C+MOC4s1JKEzuRMxDGh0Mx12QimXX3gmzXKzzKMkCTiQEa1DADC7t8uEs8QU+hipWur5MBt2KLA1u/TNua0fhi7cA+M4W0SnBSzz8CajFXreYgbkv9MBoZrFgQp1bwk0OdLg7zmrLIaaqoZGPFe2HPma4WObtlZOm7WxUqr5tRTqofdkcpWpWD29/crp1sUgW2pWULrJtP37MhrKwsjaisBmOD9dxiFSV37zldhlQM7K23fjm0sA+Tmj3PPMcdYfC/Rm8Rb1sg5WmwC7cDC5vL47KnH6g/z7/JOtnnwlDCO6bGfiQxtLr
08-03-2021 13:03:51.509 [http-nio-8080-exec-3] INFO  c.e.c.c.i.CustomRequestBodyAdviceAdapter.customizeAfterBodyRead - Request Body Advice Adapter Client Decrypt Data = {"deviceInfo":{"userAgent":"Mozilla/5.0 (Windows NT 10.0; Win64; x64) AppleWebKit/537.36 (KHTML, like Gecko) Chrome/88.0.4324.190 Safari/537.36","os":"Windows","browser":"Chrome","device":"Unknown","osVersion":"windows-10","browserVersion":"88.0.4324.190","deviceType":"desktop","orientation":"landscape"},"userName":"admin"}
08-03-2021 13:03:51.509 [http-nio-8080-exec-3] INFO  c.e.c.c.i.CustomRequestBodyAdviceAdapter.customizeAfterBodyRead - === End Request Body Advice Adapter ===
08-03-2021 13:03:51.523 [AsynchThread-1] INFO  c.ecommercebackend.admin.api.UserAPI.loadUserByUserName - load user {"deviceInfo":{"userAgent":"Mozilla/5.0 (Windows NT 10.0; Win64; x64) AppleWebKit/537.36 (KHTML, like Gecko) Chrome/88.0.4324.190 Safari/537.36","os":"Windows","browser":"Chrome","device":"Unknown","osVersion":"windows-10","browserVersion":"88.0.4324.190","deviceType":"desktop","orientation":"landscape"},"userName":"admin"}
08-03-2021 13:03:51.527 [AsynchThread-1] DEBUG org.mybatis.spring.SqlSessionUtils.debug - Creating a new SqlSession
08-03-2021 13:03:51.527 [AsynchThread-1] DEBUG org.mybatis.spring.SqlSessionUtils.debug - SqlSession [org.apache.ibatis.session.defaults.DefaultSqlSession@1b27da70] was not registered for synchronization because synchronization is not active
08-03-2021 13:03:51.527 [AsynchThread-1] DEBUG o.m.s.t.SpringManagedTransaction.debug - JDBC Connection [HikariProxyConnection@1184745714 wrapping org.postgresql.jdbc.PgConnection@1417e52] will not be managed by Spring
08-03-2021 13:03:51.528 [AsynchThread-1] DEBUG org.mybatis.spring.SqlSessionUtils.debug - Closing non transactional SqlSession [org.apache.ibatis.session.defaults.DefaultSqlSession@1b27da70]
08-03-2021 13:03:51.531 [SimpleAsyncTaskExecutor-50] INFO  c.e.c.e.l.UserAuthenticateEventListener.onApplicationEvent - User Login Success Info {"userAgent":"Mozilla/5.0 (Windows NT 10.0; Win64; x64) AppleWebKit/537.36 (KHTML, like Gecko) Chrome/88.0.4324.190 Safari/537.36","browser":"Chrome","os":"Windows","device":"Unknown","osVersion":null,"browserVersion":null,"deviceType":"desktop","orientation":"landscape","networkIP":null,"userName":"admin","date":"2021-03-08 01:03:51"}
08-03-2021 13:03:51.531 [SimpleAsyncTaskExecutor-50] DEBUG org.mybatis.spring.SqlSessionUtils.debug - Creating a new SqlSession
08-03-2021 13:03:51.532 [SimpleAsyncTaskExecutor-50] DEBUG org.mybatis.spring.SqlSessionUtils.debug - SqlSession [org.apache.ibatis.session.defaults.DefaultSqlSession@6a008813] was not registered for synchronization because synchronization is not active
08-03-2021 13:03:51.532 [SimpleAsyncTaskExecutor-50] DEBUG o.m.s.t.SpringManagedTransaction.debug - JDBC Connection [HikariProxyConnection@1849622923 wrapping org.postgresql.jdbc.PgConnection@1417e52] will not be managed by Spring
08-03-2021 13:03:51.535 [SimpleAsyncTaskExecutor-50] DEBUG org.mybatis.spring.SqlSessionUtils.debug - Closing non transactional SqlSession [org.apache.ibatis.session.defaults.DefaultSqlSession@6a008813]
08-03-2021 13:03:51.541 [http-nio-8080-exec-5] INFO  c.e.c.c.i.CustomResponseBodyAdviceAdapter.customizeBeforeBodyWrite - Start Response Body Advice
08-03-2021 13:03:51.541 [http-nio-8080-exec-5] INFO  c.e.c.c.i.CustomResponseBodyAdviceAdapter.customizeBeforeBodyWrite - Rest Data To Client Side (JSON) = {"id":1,"account_expired":false,"account_locked":false,"credentials_expired":false,"enabled":true,"user_name":"admin"}
08-03-2021 13:03:51.542 [http-nio-8080-exec-5] INFO  c.e.c.c.i.CustomResponseBodyAdviceAdapter.customizeBeforeBodyWrite - Rest Data To Client Side (String[encryption]) = {"body":"/eZpioxgvZAg+xC5QE86h5ZUcPj8OTAKk0yNgc7Ccqdt/VDBtmotkss7pBdxJsZrDrDs4+3EthVpCod2M+PM3csL5kesijLBvUwz7b7BJM+gMH4XdYEov5e9YnjG0TkdF1xELROT/PCYZbvnki0EmbkkD/2/AxK1Q7g9Ni3uUmA="}
08-03-2021 13:03:51.543 [http-nio-8080-exec-5] INFO  c.e.c.c.i.CustomResponseBodyAdviceAdapter.customizeBeforeBodyWrite - End Response Body Advice
