2021-03-08 13:03:10 [restartedMain] [INFO] o.s.b.d.restart.ChangeableUrls - The Class-Path manifest attribute in C:\Users\Eanda\.gradle\caches\modules-2\files-2.1\javax.xml\jaxb-impl\2.1\8c86d5d4eac7f89cec63432274d712ba82cd201b\jaxb-impl-2.1.jar referenced one or more files that do not exist: file:/C:/Users/Eanda/.gradle/caches/modules-2/files-2.1/javax.xml/jaxb-impl/2.1/8c86d5d4eac7f89cec63432274d712ba82cd201b/jaxb-api.jar,file:/C:/Users/Eanda/.gradle/caches/modules-2/files-2.1/javax.xml/jaxb-impl/2.1/8c86d5d4eac7f89cec63432274d712ba82cd201b/activation.jar,file:/C:/Users/Eanda/.gradle/caches/modules-2/files-2.1/javax.xml/jaxb-impl/2.1/8c86d5d4eac7f89cec63432274d712ba82cd201b/jsr173_1.0_api.jar,file:/C:/Users/Eanda/.gradle/caches/modules-2/files-2.1/javax.xml/jaxb-impl/2.1/8c86d5d4eac7f89cec63432274d712ba82cd201b/jaxb1-impl.jar
2021-03-08 13:03:10 [restartedMain] [INFO] o.s.b.d.e.DevToolsPropertyDefaultsPostProcessor - Devtools property defaults active! Set 'spring.devtools.add-properties' to 'false' to disable
2021-03-08 13:03:10 [restartedMain] [INFO] o.s.b.d.e.DevToolsPropertyDefaultsPostProcessor - For additional web related logging consider setting the 'logging.level.web' property to 'DEBUG'
2021-03-08 13:03:11 [restartedMain] [DEBUG] o.m.s.b.a.MybatisAutoConfiguration - Searching for mappers annotated with @Mapper
2021-03-08 13:03:11 [restartedMain] [DEBUG] o.m.s.b.a.MybatisAutoConfiguration - Using auto-configuration base package 'com.ecommercebackend'
2021-03-08 13:03:11 [restartedMain] [DEBUG] o.m.s.mapper.ClassPathMapperScanner - Identified candidate component class: file [E:\projects\Ecommerce\ecommerce-backend\build\classes\java\main\com\ecommercebackend\admin\dao\CategoryDao.class]
2021-03-08 13:03:11 [restartedMain] [DEBUG] o.m.s.mapper.ClassPathMapperScanner - Identified candidate component class: file [E:\projects\Ecommerce\ecommerce-backend\build\classes\java\main\com\ecommercebackend\admin\dao\ProductDao.class]
2021-03-08 13:03:11 [restartedMain] [DEBUG] o.m.s.mapper.ClassPathMapperScanner - Identified candidate component class: file [E:\projects\Ecommerce\ecommerce-backend\build\classes\java\main\com\ecommercebackend\admin\dao\ResourceImageDao.class]
2021-03-08 13:03:11 [restartedMain] [DEBUG] o.m.s.mapper.ClassPathMapperScanner - Identified candidate component class: file [E:\projects\Ecommerce\ecommerce-backend\build\classes\java\main\com\ecommercebackend\admin\dao\UserDao.class]
2021-03-08 13:03:11 [restartedMain] [DEBUG] o.m.s.mapper.ClassPathMapperScanner - Identified candidate component class: file [E:\projects\Ecommerce\ecommerce-backend\build\classes\java\main\com\ecommercebackend\core\dao\DefaultAuthenticationDao.class]
2021-03-08 13:03:11 [restartedMain] [DEBUG] o.m.s.mapper.ClassPathMapperScanner - Identified candidate component class: file [E:\projects\Ecommerce\ecommerce-backend\build\classes\java\main\com\ecommercebackend\core\dao\SuccessLoginDao.class]
2021-03-08 13:03:11 [restartedMain] [DEBUG] o.m.s.mapper.ClassPathMapperScanner - Identified candidate component class: file [E:\projects\Ecommerce\ecommerce-backend\build\classes\java\main\com\ecommercebackend\web\dao\ReaderImgDao.class]
2021-03-08 13:03:11 [restartedMain] [DEBUG] o.m.s.mapper.ClassPathMapperScanner - Creating MapperFactoryBean with name 'categoryDao' and 'com.ecommercebackend.admin.dao.CategoryDao' mapperInterface
2021-03-08 13:03:11 [restartedMain] [DEBUG] o.m.s.mapper.ClassPathMapperScanner - Enabling autowire by type for MapperFactoryBean with name 'categoryDao'.
2021-03-08 13:03:11 [restartedMain] [DEBUG] o.m.s.mapper.ClassPathMapperScanner - Creating MapperFactoryBean with name 'productDao' and 'com.ecommercebackend.admin.dao.ProductDao' mapperInterface
2021-03-08 13:03:11 [restartedMain] [DEBUG] o.m.s.mapper.ClassPathMapperScanner - Enabling autowire by type for MapperFactoryBean with name 'productDao'.
2021-03-08 13:03:11 [restartedMain] [DEBUG] o.m.s.mapper.ClassPathMapperScanner - Creating MapperFactoryBean with name 'resourceImageDao' and 'com.ecommercebackend.admin.dao.ResourceImageDao' mapperInterface
2021-03-08 13:03:11 [restartedMain] [DEBUG] o.m.s.mapper.ClassPathMapperScanner - Enabling autowire by type for MapperFactoryBean with name 'resourceImageDao'.
2021-03-08 13:03:11 [restartedMain] [DEBUG] o.m.s.mapper.ClassPathMapperScanner - Creating MapperFactoryBean with name 'userDao' and 'com.ecommercebackend.admin.dao.UserDao' mapperInterface
2021-03-08 13:03:11 [restartedMain] [DEBUG] o.m.s.mapper.ClassPathMapperScanner - Enabling autowire by type for MapperFactoryBean with name 'userDao'.
2021-03-08 13:03:11 [restartedMain] [DEBUG] o.m.s.mapper.ClassPathMapperScanner - Creating MapperFactoryBean with name 'defaultAuthenticationDao' and 'com.ecommercebackend.core.dao.DefaultAuthenticationDao' mapperInterface
2021-03-08 13:03:11 [restartedMain] [DEBUG] o.m.s.mapper.ClassPathMapperScanner - Enabling autowire by type for MapperFactoryBean with name 'defaultAuthenticationDao'.
2021-03-08 13:03:11 [restartedMain] [DEBUG] o.m.s.mapper.ClassPathMapperScanner - Creating MapperFactoryBean with name 'successLoginDao' and 'com.ecommercebackend.core.dao.SuccessLoginDao' mapperInterface
2021-03-08 13:03:11 [restartedMain] [DEBUG] o.m.s.mapper.ClassPathMapperScanner - Enabling autowire by type for MapperFactoryBean with name 'successLoginDao'.
2021-03-08 13:03:11 [restartedMain] [DEBUG] o.m.s.mapper.ClassPathMapperScanner - Creating MapperFactoryBean with name 'readerImgDao' and 'com.ecommercebackend.web.dao.ReaderImgDao' mapperInterface
2021-03-08 13:03:11 [restartedMain] [DEBUG] o.m.s.mapper.ClassPathMapperScanner - Enabling autowire by type for MapperFactoryBean with name 'readerImgDao'.
2021-03-08 13:03:11 [restartedMain] [INFO] o.s.c.s.PostProcessorRegistrationDelegate$BeanPostProcessorChecker - Bean 'org.springframework.ws.config.annotation.DelegatingWsConfiguration' of type [org.springframework.ws.config.annotation.DelegatingWsConfiguration$$EnhancerBySpringCGLIB$$4fb0344e] is not eligible for getting processed by all BeanPostProcessors (for example: not eligible for auto-proxying)
2021-03-08 13:03:11 [restartedMain] [INFO] o.s.w.s.a.s.AnnotationActionEndpointMapping - Supporting [WS-Addressing August 2004, WS-Addressing 1.0]
2021-03-08 13:03:11 [restartedMain] [INFO] o.s.c.s.PostProcessorRegistrationDelegate$BeanPostProcessorChecker - Bean 'org.springframework.security.access.expression.method.DefaultMethodSecurityExpressionHandler@5c0cf4b1' of type [org.springframework.security.access.expression.method.DefaultMethodSecurityExpressionHandler] is not eligible for getting processed by all BeanPostProcessors (for example: not eligible for auto-proxying)
2021-03-08 13:03:11 [restartedMain] [INFO] o.s.c.s.PostProcessorRegistrationDelegate$BeanPostProcessorChecker - Bean 'methodSecurityMetadataSource' of type [org.springframework.security.access.method.DelegatingMethodSecurityMetadataSource] is not eligible for getting processed by all BeanPostProcessors (for example: not eligible for auto-proxying)
2021-03-08 13:03:11 [restartedMain] [INFO] o.s.b.w.e.tomcat.TomcatWebServer - Tomcat initialized with port(s): 8080 (http)
2021-03-08 13:03:11 [restartedMain] [INFO] o.a.coyote.http11.Http11NioProtocol - Initializing ProtocolHandler ["http-nio-8080"]
2021-03-08 13:03:11 [restartedMain] [INFO] o.a.catalina.core.StandardService - Starting service [Tomcat]
2021-03-08 13:03:11 [restartedMain] [INFO] o.a.catalina.core.StandardEngine - Starting Servlet engine: [Apache Tomcat/9.0.41]
2021-03-08 13:03:11 [restartedMain] [INFO] o.a.c.c.C.[Tomcat].[localhost].[/] - Initializing Spring embedded WebApplicationContext
2021-03-08 13:03:11 [restartedMain] [INFO] o.s.b.w.s.c.ServletWebServerApplicationContext - Root WebApplicationContext: initialization completed in 1809 ms
2021-03-08 13:03:12 [restartedMain] [DEBUG] o.m.spring.SqlSessionFactoryBean - Parsed configuration file: 'class path resource [mybatis/mybatis_config.xml]'
2021-03-08 13:03:12 [restartedMain] [DEBUG] o.m.spring.SqlSessionFactoryBean - Parsed mapper file: 'file [E:\projects\Ecommerce\ecommerce-backend\build\resources\main\mybatis\mapper\admin\categoryDai.xml]'
2021-03-08 13:03:12 [restartedMain] [DEBUG] o.m.spring.SqlSessionFactoryBean - Parsed mapper file: 'file [E:\projects\Ecommerce\ecommerce-backend\build\resources\main\mybatis\mapper\admin\productDao.xml]'
2021-03-08 13:03:12 [restartedMain] [DEBUG] o.m.spring.SqlSessionFactoryBean - Parsed mapper file: 'file [E:\projects\Ecommerce\ecommerce-backend\build\resources\main\mybatis\mapper\admin\resourceImageDao.xml]'
2021-03-08 13:03:12 [restartedMain] [DEBUG] o.m.spring.SqlSessionFactoryBean - Parsed mapper file: 'file [E:\projects\Ecommerce\ecommerce-backend\build\resources\main\mybatis\mapper\admin\userDao.xml]'
2021-03-08 13:03:12 [restartedMain] [DEBUG] o.m.spring.SqlSessionFactoryBean - Parsed mapper file: 'file [E:\projects\Ecommerce\ecommerce-backend\build\resources\main\mybatis\mapper\core\SuccessLogin.xml]'
2021-03-08 13:03:12 [restartedMain] [DEBUG] o.m.spring.SqlSessionFactoryBean - Parsed mapper file: 'file [E:\projects\Ecommerce\ecommerce-backend\build\resources\main\mybatis\mapper\core\defaultAuthenticationDao.xml]'
2021-03-08 13:03:12 [restartedMain] [DEBUG] o.m.spring.SqlSessionFactoryBean - Parsed mapper file: 'file [E:\projects\Ecommerce\ecommerce-backend\build\resources\main\mybatis\mapper\web\readerImgDao.xml]'
2021-03-08 13:03:12 [restartedMain] [INFO] o.s.s.c.ThreadPoolTaskExecutor - Initializing ExecutorService
2021-03-08 13:03:12 [restartedMain] [INFO] o.s.s.c.ThreadPoolTaskExecutor - Initializing ExecutorService 'asyncExecutor'
2021-03-08 13:03:12 [restartedMain] [INFO] o.s.s.web.DefaultSecurityFilterChain - Will secure Ant [pattern='/api/web/**'] with []
2021-03-08 13:03:12 [restartedMain] [INFO] o.s.s.web.DefaultSecurityFilterChain - Will secure Ant [pattern='/api/mobile/**'] with []
2021-03-08 13:03:12 [restartedMain] [INFO] o.s.s.web.DefaultSecurityFilterChain - Will secure Ant [pattern='/401.html'] with []
2021-03-08 13:03:12 [restartedMain] [INFO] o.s.s.web.DefaultSecurityFilterChain - Will secure Ant [pattern='/404.html'] with []
2021-03-08 13:03:12 [restartedMain] [INFO] o.s.s.web.DefaultSecurityFilterChain - Will secure Ant [pattern='/500.html'] with []
2021-03-08 13:03:12 [restartedMain] [INFO] o.s.s.web.DefaultSecurityFilterChain - Will secure Or [Ant [pattern='/oauth/token'], Ant [pattern='/oauth/token_key'], Ant [pattern='/oauth/check_token']] with [org.springframework.security.web.context.request.async.WebAsyncManagerIntegrationFilter@21f809b6, org.springframework.security.web.context.SecurityContextPersistenceFilter@74d39ebf, org.springframework.security.web.header.HeaderWriterFilter@1da95d9b, org.springframework.security.web.authentication.logout.LogoutFilter@1b64764f, org.springframework.security.web.authentication.www.BasicAuthenticationFilter@468771e1, org.springframework.security.web.savedrequest.RequestCacheAwareFilter@577b017f, org.springframework.security.web.servletapi.SecurityContextHolderAwareRequestFilter@5802a54, org.springframework.security.web.authentication.AnonymousAuthenticationFilter@5aeba615, org.springframework.security.web.session.SessionManagementFilter@42f3a8d6, org.springframework.security.web.access.ExceptionTranslationFilter@605de8ef, org.springframework.security.web.access.intercept.FilterSecurityInterceptor@3f718427]
2021-03-08 13:03:12 [restartedMain] [INFO] o.s.s.web.DefaultSecurityFilterChain - Will secure Or [Ant [pattern='/api/**']] with [org.springframework.security.web.context.request.async.WebAsyncManagerIntegrationFilter@64e237e7, org.springframework.security.web.context.SecurityContextPersistenceFilter@21789e85, org.springframework.security.web.header.HeaderWriterFilter@8fe1c50, org.springframework.security.web.authentication.logout.LogoutFilter@4ab1d5ce, org.springframework.security.oauth2.provider.authentication.OAuth2AuthenticationProcessingFilter@4ee977fb, org.springframework.security.web.savedrequest.RequestCacheAwareFilter@2d40cc65, org.springframework.security.web.servletapi.SecurityContextHolderAwareRequestFilter@55a45901, org.springframework.security.web.authentication.AnonymousAuthenticationFilter@71a99541, org.springframework.security.web.session.SessionManagementFilter@c7ecf0c, org.springframework.security.web.access.ExceptionTranslationFilter@e19abd, org.springframework.security.web.access.intercept.FilterSecurityInterceptor@4b2fbaac]
2021-03-08 13:03:12 [restartedMain] [INFO] o.s.s.web.DefaultSecurityFilterChain - Will secure any request with [org.springframework.security.web.context.request.async.WebAsyncManagerIntegrationFilter@4e08e65c, org.springframework.security.web.context.SecurityContextPersistenceFilter@7240e2e7, org.springframework.security.web.header.HeaderWriterFilter@68d72c21, org.springframework.security.web.csrf.CsrfFilter@630baa43, org.springframework.security.web.authentication.logout.LogoutFilter@7614951d, org.springframework.security.web.authentication.UsernamePasswordAuthenticationFilter@19c52b23, org.springframework.security.web.authentication.ui.DefaultLoginPageGeneratingFilter@7c84e485, org.springframework.security.web.authentication.ui.DefaultLogoutPageGeneratingFilter@73646f5e, org.springframework.security.web.authentication.www.BasicAuthenticationFilter@57a0edcc, org.springframework.security.web.savedrequest.RequestCacheAwareFilter@5934df3e, org.springframework.security.web.servletapi.SecurityContextHolderAwareRequestFilter@853461d, org.springframework.security.web.authentication.AnonymousAuthenticationFilter@4348ce22, org.springframework.security.web.session.SessionManagementFilter@4ca70082, org.springframework.security.web.access.ExceptionTranslationFilter@4f7c946d, org.springframework.security.web.access.intercept.FilterSecurityInterceptor@575d5182]
2021-03-08 13:03:12 [restartedMain] [WARN] o.t.templatemode.TemplateMode - [THYMELEAF][restartedMain] Template Mode 'LEGACYHTML5' is deprecated. Using Template Mode 'HTML' instead.
2021-03-08 13:03:12 [restartedMain] [DEBUG] o.m.s.b.a.MybatisAutoConfiguration - Not found configuration for registering mapper bean using @MapperScan, MapperFactoryBean and MapperScannerConfigurer.
2021-03-08 13:03:13 [restartedMain] [INFO] o.s.b.d.a.OptionalLiveReloadServer - LiveReload server is running on port 35729
2021-03-08 13:03:13 [restartedMain] [INFO] o.s.b.a.e.web.EndpointLinksResolver - Exposing 2 endpoint(s) beneath base path '/actuator'
2021-03-08 13:03:13 [restartedMain] [INFO] o.a.coyote.http11.Http11NioProtocol - Starting ProtocolHandler ["http-nio-8080"]
2021-03-08 13:03:13 [restartedMain] [INFO] o.s.b.w.e.tomcat.TomcatWebServer - Tomcat started on port(s): 8080 (http) with context path ''
2021-03-08 13:03:13 [RMI TCP Connection(1)-192.168.1.2] [INFO] o.a.c.c.C.[Tomcat].[localhost].[/] - Initializing Spring DispatcherServlet 'dispatcherServlet'
2021-03-08 13:03:13 [RMI TCP Connection(1)-192.168.1.2] [INFO] o.s.web.servlet.DispatcherServlet - Initializing Servlet 'dispatcherServlet'
2021-03-08 13:03:13 [RMI TCP Connection(1)-192.168.1.2] [INFO] o.s.web.servlet.DispatcherServlet - Completed initialization in 16 ms
2021-03-08 13:03:13 [RMI TCP Connection(3)-192.168.1.2] [INFO] com.zaxxer.hikari.HikariDataSource - HikariPool-1 - Starting...
2021-03-08 13:03:13 [RMI TCP Connection(3)-192.168.1.2] [INFO] com.zaxxer.hikari.HikariDataSource - HikariPool-1 - Start completed.
2021-03-08 13:03:51 [http-nio-8080-exec-1] [DEBUG] org.mybatis.spring.SqlSessionUtils - Creating a new SqlSession
2021-03-08 13:03:51 [http-nio-8080-exec-1] [DEBUG] org.mybatis.spring.SqlSessionUtils - SqlSession [org.apache.ibatis.session.defaults.DefaultSqlSession@3deee1e9] was not registered for synchronization because synchronization is not active
2021-03-08 13:03:51 [http-nio-8080-exec-1] [DEBUG] o.m.s.t.SpringManagedTransaction - JDBC Connection [HikariProxyConnection@1839954306 wrapping org.postgresql.jdbc.PgConnection@1417e52] will not be managed by Spring
2021-03-08 13:03:51 [http-nio-8080-exec-1] [DEBUG] org.mybatis.spring.SqlSessionUtils - Closing non transactional SqlSession [org.apache.ibatis.session.defaults.DefaultSqlSession@3deee1e9]
2021-03-08 13:03:51 [http-nio-8080-exec-1] [INFO] o.s.s.o.p.token.store.JdbcTokenStore - Failed to find access token for token a912d55d-9e0f-48af-bb46-17b4d1788757
2021-03-08 13:03:51 [AsynchThread-1] [DEBUG] org.mybatis.spring.SqlSessionUtils - Creating a new SqlSession
2021-03-08 13:03:51 [AsynchThread-1] [DEBUG] org.mybatis.spring.SqlSessionUtils - SqlSession [org.apache.ibatis.session.defaults.DefaultSqlSession@1b27da70] was not registered for synchronization because synchronization is not active
2021-03-08 13:03:51 [AsynchThread-1] [DEBUG] o.m.s.t.SpringManagedTransaction - JDBC Connection [HikariProxyConnection@1184745714 wrapping org.postgresql.jdbc.PgConnection@1417e52] will not be managed by Spring
2021-03-08 13:03:51 [AsynchThread-1] [DEBUG] org.mybatis.spring.SqlSessionUtils - Closing non transactional SqlSession [org.apache.ibatis.session.defaults.DefaultSqlSession@1b27da70]
2021-03-08 13:03:51 [SimpleAsyncTaskExecutor-50] [DEBUG] org.mybatis.spring.SqlSessionUtils - Creating a new SqlSession
2021-03-08 13:03:51 [SimpleAsyncTaskExecutor-50] [DEBUG] org.mybatis.spring.SqlSessionUtils - SqlSession [org.apache.ibatis.session.defaults.DefaultSqlSession@6a008813] was not registered for synchronization because synchronization is not active
2021-03-08 13:03:51 [SimpleAsyncTaskExecutor-50] [DEBUG] o.m.s.t.SpringManagedTransaction - JDBC Connection [HikariProxyConnection@1849622923 wrapping org.postgresql.jdbc.PgConnection@1417e52] will not be managed by Spring
2021-03-08 13:03:51 [SimpleAsyncTaskExecutor-50] [DEBUG] org.mybatis.spring.SqlSessionUtils - Closing non transactional SqlSession [org.apache.ibatis.session.defaults.DefaultSqlSession@6a008813]
2021-03-08 13:20:15 [restartedMain] [INFO] o.s.b.d.restart.ChangeableUrls - The Class-Path manifest attribute in C:\Users\Eanda\.gradle\caches\modules-2\files-2.1\javax.xml\jaxb-impl\2.1\8c86d5d4eac7f89cec63432274d712ba82cd201b\jaxb-impl-2.1.jar referenced one or more files that do not exist: file:/C:/Users/Eanda/.gradle/caches/modules-2/files-2.1/javax.xml/jaxb-impl/2.1/8c86d5d4eac7f89cec63432274d712ba82cd201b/jaxb-api.jar,file:/C:/Users/Eanda/.gradle/caches/modules-2/files-2.1/javax.xml/jaxb-impl/2.1/8c86d5d4eac7f89cec63432274d712ba82cd201b/activation.jar,file:/C:/Users/Eanda/.gradle/caches/modules-2/files-2.1/javax.xml/jaxb-impl/2.1/8c86d5d4eac7f89cec63432274d712ba82cd201b/jsr173_1.0_api.jar,file:/C:/Users/Eanda/.gradle/caches/modules-2/files-2.1/javax.xml/jaxb-impl/2.1/8c86d5d4eac7f89cec63432274d712ba82cd201b/jaxb1-impl.jar
2021-03-08 13:20:15 [restartedMain] [INFO] o.s.b.d.e.DevToolsPropertyDefaultsPostProcessor - Devtools property defaults active! Set 'spring.devtools.add-properties' to 'false' to disable
2021-03-08 13:20:15 [restartedMain] [INFO] o.s.b.d.e.DevToolsPropertyDefaultsPostProcessor - For additional web related logging consider setting the 'logging.level.web' property to 'DEBUG'
2021-03-08 13:20:15 [restartedMain] [DEBUG] o.m.s.b.a.MybatisAutoConfiguration - Searching for mappers annotated with @Mapper
2021-03-08 13:20:15 [restartedMain] [DEBUG] o.m.s.b.a.MybatisAutoConfiguration - Using auto-configuration base package 'com.ecommercebackend'
2021-03-08 13:20:15 [restartedMain] [DEBUG] o.m.s.mapper.ClassPathMapperScanner - Identified candidate component class: file [E:\projects\Ecommerce\ecommerce-backend\build\classes\java\main\com\ecommercebackend\admin\dao\CategoryDao.class]
2021-03-08 13:20:15 [restartedMain] [DEBUG] o.m.s.mapper.ClassPathMapperScanner - Identified candidate component class: file [E:\projects\Ecommerce\ecommerce-backend\build\classes\java\main\com\ecommercebackend\admin\dao\ProductDao.class]
2021-03-08 13:20:15 [restartedMain] [DEBUG] o.m.s.mapper.ClassPathMapperScanner - Identified candidate component class: file [E:\projects\Ecommerce\ecommerce-backend\build\classes\java\main\com\ecommercebackend\admin\dao\ResourceImageDao.class]
2021-03-08 13:20:15 [restartedMain] [DEBUG] o.m.s.mapper.ClassPathMapperScanner - Identified candidate component class: file [E:\projects\Ecommerce\ecommerce-backend\build\classes\java\main\com\ecommercebackend\admin\dao\UserDao.class]
2021-03-08 13:20:15 [restartedMain] [DEBUG] o.m.s.mapper.ClassPathMapperScanner - Identified candidate component class: file [E:\projects\Ecommerce\ecommerce-backend\build\classes\java\main\com\ecommercebackend\core\dao\DefaultAuthenticationDao.class]
2021-03-08 13:20:15 [restartedMain] [DEBUG] o.m.s.mapper.ClassPathMapperScanner - Identified candidate component class: file [E:\projects\Ecommerce\ecommerce-backend\build\classes\java\main\com\ecommercebackend\core\dao\SuccessLoginDao.class]
2021-03-08 13:20:15 [restartedMain] [DEBUG] o.m.s.mapper.ClassPathMapperScanner - Identified candidate component class: file [E:\projects\Ecommerce\ecommerce-backend\build\classes\java\main\com\ecommercebackend\web\dao\ReaderImgDao.class]
2021-03-08 13:20:15 [restartedMain] [DEBUG] o.m.s.mapper.ClassPathMapperScanner - Creating MapperFactoryBean with name 'categoryDao' and 'com.ecommercebackend.admin.dao.CategoryDao' mapperInterface
2021-03-08 13:20:15 [restartedMain] [DEBUG] o.m.s.mapper.ClassPathMapperScanner - Enabling autowire by type for MapperFactoryBean with name 'categoryDao'.
2021-03-08 13:20:15 [restartedMain] [DEBUG] o.m.s.mapper.ClassPathMapperScanner - Creating MapperFactoryBean with name 'productDao' and 'com.ecommercebackend.admin.dao.ProductDao' mapperInterface
2021-03-08 13:20:15 [restartedMain] [DEBUG] o.m.s.mapper.ClassPathMapperScanner - Enabling autowire by type for MapperFactoryBean with name 'productDao'.
2021-03-08 13:20:15 [restartedMain] [DEBUG] o.m.s.mapper.ClassPathMapperScanner - Creating MapperFactoryBean with name 'resourceImageDao' and 'com.ecommercebackend.admin.dao.ResourceImageDao' mapperInterface
2021-03-08 13:20:15 [restartedMain] [DEBUG] o.m.s.mapper.ClassPathMapperScanner - Enabling autowire by type for MapperFactoryBean with name 'resourceImageDao'.
2021-03-08 13:20:15 [restartedMain] [DEBUG] o.m.s.mapper.ClassPathMapperScanner - Creating MapperFactoryBean with name 'userDao' and 'com.ecommercebackend.admin.dao.UserDao' mapperInterface
2021-03-08 13:20:15 [restartedMain] [DEBUG] o.m.s.mapper.ClassPathMapperScanner - Enabling autowire by type for MapperFactoryBean with name 'userDao'.
2021-03-08 13:20:15 [restartedMain] [DEBUG] o.m.s.mapper.ClassPathMapperScanner - Creating MapperFactoryBean with name 'defaultAuthenticationDao' and 'com.ecommercebackend.core.dao.DefaultAuthenticationDao' mapperInterface
2021-03-08 13:20:15 [restartedMain] [DEBUG] o.m.s.mapper.ClassPathMapperScanner - Enabling autowire by type for MapperFactoryBean with name 'defaultAuthenticationDao'.
2021-03-08 13:20:15 [restartedMain] [DEBUG] o.m.s.mapper.ClassPathMapperScanner - Creating MapperFactoryBean with name 'successLoginDao' and 'com.ecommercebackend.core.dao.SuccessLoginDao' mapperInterface
2021-03-08 13:20:15 [restartedMain] [DEBUG] o.m.s.mapper.ClassPathMapperScanner - Enabling autowire by type for MapperFactoryBean with name 'successLoginDao'.
2021-03-08 13:20:15 [restartedMain] [DEBUG] o.m.s.mapper.ClassPathMapperScanner - Creating MapperFactoryBean with name 'readerImgDao' and 'com.ecommercebackend.web.dao.ReaderImgDao' mapperInterface
2021-03-08 13:20:15 [restartedMain] [DEBUG] o.m.s.mapper.ClassPathMapperScanner - Enabling autowire by type for MapperFactoryBean with name 'readerImgDao'.
2021-03-08 13:20:15 [restartedMain] [INFO] o.s.c.s.PostProcessorRegistrationDelegate$BeanPostProcessorChecker - Bean 'org.springframework.ws.config.annotation.DelegatingWsConfiguration' of type [org.springframework.ws.config.annotation.DelegatingWsConfiguration$$EnhancerBySpringCGLIB$$15cf15c1] is not eligible for getting processed by all BeanPostProcessors (for example: not eligible for auto-proxying)
2021-03-08 13:20:15 [restartedMain] [INFO] o.s.w.s.a.s.AnnotationActionEndpointMapping - Supporting [WS-Addressing August 2004, WS-Addressing 1.0]
2021-03-08 13:20:16 [restartedMain] [INFO] o.s.c.s.PostProcessorRegistrationDelegate$BeanPostProcessorChecker - Bean 'org.springframework.security.access.expression.method.DefaultMethodSecurityExpressionHandler@5c9e9a7f' of type [org.springframework.security.access.expression.method.DefaultMethodSecurityExpressionHandler] is not eligible for getting processed by all BeanPostProcessors (for example: not eligible for auto-proxying)
2021-03-08 13:20:17 [restartedMain] [INFO] o.s.c.s.PostProcessorRegistrationDelegate$BeanPostProcessorChecker - Bean 'methodSecurityMetadataSource' of type [org.springframework.security.access.method.DelegatingMethodSecurityMetadataSource] is not eligible for getting processed by all BeanPostProcessors (for example: not eligible for auto-proxying)
2021-03-08 13:20:17 [restartedMain] [INFO] o.s.b.w.e.tomcat.TomcatWebServer - Tomcat initialized with port(s): 8080 (http)
2021-03-08 13:20:17 [restartedMain] [INFO] o.a.coyote.http11.Http11NioProtocol - Initializing ProtocolHandler ["http-nio-8080"]
2021-03-08 13:20:17 [restartedMain] [INFO] o.a.catalina.core.StandardService - Starting service [Tomcat]
2021-03-08 13:20:17 [restartedMain] [INFO] o.a.catalina.core.StandardEngine - Starting Servlet engine: [Apache Tomcat/9.0.41]
2021-03-08 13:20:18 [restartedMain] [INFO] o.a.c.c.C.[Tomcat].[localhost].[/] - Initializing Spring embedded WebApplicationContext
2021-03-08 13:20:18 [restartedMain] [INFO] o.s.b.w.s.c.ServletWebServerApplicationContext - Root WebApplicationContext: initialization completed in 3010 ms
2021-03-08 13:20:18 [restartedMain] [DEBUG] o.m.spring.SqlSessionFactoryBean - Parsed configuration file: 'class path resource [mybatis/mybatis_config.xml]'
2021-03-08 13:20:18 [restartedMain] [DEBUG] o.m.spring.SqlSessionFactoryBean - Parsed mapper file: 'file [E:\projects\Ecommerce\ecommerce-backend\build\resources\main\mybatis\mapper\admin\categoryDai.xml]'
2021-03-08 13:20:18 [restartedMain] [DEBUG] o.m.spring.SqlSessionFactoryBean - Parsed mapper file: 'file [E:\projects\Ecommerce\ecommerce-backend\build\resources\main\mybatis\mapper\admin\productDao.xml]'
2021-03-08 13:20:18 [restartedMain] [DEBUG] o.m.spring.SqlSessionFactoryBean - Parsed mapper file: 'file [E:\projects\Ecommerce\ecommerce-backend\build\resources\main\mybatis\mapper\admin\resourceImageDao.xml]'
2021-03-08 13:20:18 [restartedMain] [DEBUG] o.m.spring.SqlSessionFactoryBean - Parsed mapper file: 'file [E:\projects\Ecommerce\ecommerce-backend\build\resources\main\mybatis\mapper\admin\userDao.xml]'
2021-03-08 13:20:18 [restartedMain] [DEBUG] o.m.spring.SqlSessionFactoryBean - Parsed mapper file: 'file [E:\projects\Ecommerce\ecommerce-backend\build\resources\main\mybatis\mapper\core\SuccessLogin.xml]'
2021-03-08 13:20:18 [restartedMain] [DEBUG] o.m.spring.SqlSessionFactoryBean - Parsed mapper file: 'file [E:\projects\Ecommerce\ecommerce-backend\build\resources\main\mybatis\mapper\core\defaultAuthenticationDao.xml]'
2021-03-08 13:20:18 [restartedMain] [DEBUG] o.m.spring.SqlSessionFactoryBean - Parsed mapper file: 'file [E:\projects\Ecommerce\ecommerce-backend\build\resources\main\mybatis\mapper\web\readerImgDao.xml]'
2021-03-08 13:20:18 [restartedMain] [INFO] o.s.s.c.ThreadPoolTaskExecutor - Initializing ExecutorService
2021-03-08 13:20:18 [restartedMain] [INFO] o.s.s.c.ThreadPoolTaskExecutor - Initializing ExecutorService 'asyncExecutor'
2021-03-08 13:20:18 [restartedMain] [INFO] o.s.s.web.DefaultSecurityFilterChain - Will secure Ant [pattern='/api/web/**'] with []
2021-03-08 13:20:18 [restartedMain] [INFO] o.s.s.web.DefaultSecurityFilterChain - Will secure Ant [pattern='/api/mobile/**'] with []
2021-03-08 13:20:18 [restartedMain] [INFO] o.s.s.web.DefaultSecurityFilterChain - Will secure Ant [pattern='/401.html'] with []
2021-03-08 13:20:18 [restartedMain] [INFO] o.s.s.web.DefaultSecurityFilterChain - Will secure Ant [pattern='/404.html'] with []
2021-03-08 13:20:18 [restartedMain] [INFO] o.s.s.web.DefaultSecurityFilterChain - Will secure Ant [pattern='/500.html'] with []
2021-03-08 13:20:18 [restartedMain] [INFO] o.s.s.web.DefaultSecurityFilterChain - Will secure Or [Ant [pattern='/oauth/token'], Ant [pattern='/oauth/token_key'], Ant [pattern='/oauth/check_token']] with [org.springframework.security.web.context.request.async.WebAsyncManagerIntegrationFilter@6e5efef9, org.springframework.security.web.context.SecurityContextPersistenceFilter@26fe579f, org.springframework.security.web.header.HeaderWriterFilter@df89922, org.springframework.security.web.authentication.logout.LogoutFilter@19f1a95b, org.springframework.security.web.authentication.www.BasicAuthenticationFilter@6284823f, org.springframework.security.web.savedrequest.RequestCacheAwareFilter@2f7acf82, org.springframework.security.web.servletapi.SecurityContextHolderAwareRequestFilter@6464431c, org.springframework.security.web.authentication.AnonymousAuthenticationFilter@3bf0210c, org.springframework.security.web.session.SessionManagementFilter@2b6f57c, org.springframework.security.web.access.ExceptionTranslationFilter@109eec9b, org.springframework.security.web.access.intercept.FilterSecurityInterceptor@17d35bc2]
2021-03-08 13:20:18 [restartedMain] [INFO] o.s.s.web.DefaultSecurityFilterChain - Will secure Or [Ant [pattern='/api/**']] with [org.springframework.security.web.context.request.async.WebAsyncManagerIntegrationFilter@482321c7, org.springframework.security.web.context.SecurityContextPersistenceFilter@55167975, org.springframework.security.web.header.HeaderWriterFilter@280521e3, org.springframework.security.web.authentication.logout.LogoutFilter@49c6cd79, org.springframework.security.oauth2.provider.authentication.OAuth2AuthenticationProcessingFilter@2fe49f23, org.springframework.security.web.savedrequest.RequestCacheAwareFilter@34ca65c0, org.springframework.security.web.servletapi.SecurityContextHolderAwareRequestFilter@35414083, org.springframework.security.web.authentication.AnonymousAuthenticationFilter@4ce8ed70, org.springframework.security.web.session.SessionManagementFilter@434cbd, org.springframework.security.web.access.ExceptionTranslationFilter@6760dbac, org.springframework.security.web.access.intercept.FilterSecurityInterceptor@7a951dc6]
2021-03-08 13:20:18 [restartedMain] [INFO] o.s.s.web.DefaultSecurityFilterChain - Will secure any request with [org.springframework.security.web.context.request.async.WebAsyncManagerIntegrationFilter@72bac5be, org.springframework.security.web.context.SecurityContextPersistenceFilter@55422a1c, org.springframework.security.web.header.HeaderWriterFilter@370be5fb, org.springframework.security.web.csrf.CsrfFilter@57a904b, org.springframework.security.web.authentication.logout.LogoutFilter@466a9f02, org.springframework.security.web.authentication.UsernamePasswordAuthenticationFilter@431fc45, org.springframework.security.web.authentication.ui.DefaultLoginPageGeneratingFilter@59ddfccf, org.springframework.security.web.authentication.ui.DefaultLogoutPageGeneratingFilter@3cf7b211, org.springframework.security.web.authentication.www.BasicAuthenticationFilter@2e6e8b45, org.springframework.security.web.savedrequest.RequestCacheAwareFilter@6d76d998, org.springframework.security.web.servletapi.SecurityContextHolderAwareRequestFilter@53acdf0, org.springframework.security.web.authentication.AnonymousAuthenticationFilter@37afb21e, org.springframework.security.web.session.SessionManagementFilter@46b1a12, org.springframework.security.web.access.ExceptionTranslationFilter@9e62d49, org.springframework.security.web.access.intercept.FilterSecurityInterceptor@75576a82]
2021-03-08 13:20:18 [restartedMain] [WARN] o.t.templatemode.TemplateMode - [THYMELEAF][restartedMain] Template Mode 'LEGACYHTML5' is deprecated. Using Template Mode 'HTML' instead.
2021-03-08 13:20:18 [restartedMain] [DEBUG] o.m.s.b.a.MybatisAutoConfiguration - Not found configuration for registering mapper bean using @MapperScan, MapperFactoryBean and MapperScannerConfigurer.
2021-03-08 13:20:19 [restartedMain] [INFO] o.s.b.d.a.OptionalLiveReloadServer - LiveReload server is running on port 35729
2021-03-08 13:20:19 [restartedMain] [INFO] o.s.b.a.e.web.EndpointLinksResolver - Exposing 2 endpoint(s) beneath base path '/actuator'
2021-03-08 13:20:19 [restartedMain] [INFO] o.a.coyote.http11.Http11NioProtocol - Starting ProtocolHandler ["http-nio-8080"]
2021-03-08 13:20:19 [restartedMain] [INFO] o.s.b.w.e.tomcat.TomcatWebServer - Tomcat started on port(s): 8080 (http) with context path ''
2021-03-08 13:20:19 [RMI TCP Connection(1)-192.168.1.2] [INFO] o.a.c.c.C.[Tomcat].[localhost].[/] - Initializing Spring DispatcherServlet 'dispatcherServlet'
2021-03-08 13:20:19 [RMI TCP Connection(2)-192.168.1.2] [INFO] com.zaxxer.hikari.HikariDataSource - HikariPool-1 - Starting...
2021-03-08 13:20:19 [RMI TCP Connection(1)-192.168.1.2] [INFO] o.s.web.servlet.DispatcherServlet - Initializing Servlet 'dispatcherServlet'
2021-03-08 13:20:19 [RMI TCP Connection(1)-192.168.1.2] [INFO] o.s.web.servlet.DispatcherServlet - Completed initialization in 0 ms
2021-03-08 13:20:19 [RMI TCP Connection(2)-192.168.1.2] [INFO] com.zaxxer.hikari.HikariDataSource - HikariPool-1 - Start completed.
2021-03-08 13:20:28 [AsynchThread-1] [DEBUG] org.mybatis.spring.SqlSessionUtils - Creating a new SqlSession
2021-03-08 13:20:28 [AsynchThread-1] [DEBUG] org.mybatis.spring.SqlSessionUtils - SqlSession [org.apache.ibatis.session.defaults.DefaultSqlSession@7b788a12] was not registered for synchronization because synchronization is not active
2021-03-08 13:20:28 [AsynchThread-1] [DEBUG] o.m.s.t.SpringManagedTransaction - JDBC Connection [HikariProxyConnection@314570547 wrapping org.postgresql.jdbc.PgConnection@5553d06d] will not be managed by Spring
2021-03-08 13:20:28 [AsynchThread-1] [DEBUG] org.mybatis.spring.SqlSessionUtils - Closing non transactional SqlSession [org.apache.ibatis.session.defaults.DefaultSqlSession@7b788a12]
2021-03-08 13:21:09 [AsynchThread-2] [DEBUG] org.mybatis.spring.SqlSessionUtils - Creating a new SqlSession
2021-03-08 13:21:09 [AsynchThread-2] [DEBUG] org.mybatis.spring.SqlSessionUtils - SqlSession [org.apache.ibatis.session.defaults.DefaultSqlSession@1db52b89] was not registered for synchronization because synchronization is not active
2021-03-08 13:21:09 [AsynchThread-2] [DEBUG] o.m.s.t.SpringManagedTransaction - JDBC Connection [HikariProxyConnection@326293071 wrapping org.postgresql.jdbc.PgConnection@5553d06d] will not be managed by Spring
2021-03-08 13:21:09 [AsynchThread-2] [DEBUG] org.mybatis.spring.SqlSessionUtils - Closing non transactional SqlSession [org.apache.ibatis.session.defaults.DefaultSqlSession@1db52b89]
2021-03-08 13:22:34 [AsynchThread-3] [DEBUG] org.mybatis.spring.SqlSessionUtils - Creating a new SqlSession
2021-03-08 13:22:34 [AsynchThread-3] [DEBUG] org.mybatis.spring.SqlSessionUtils - SqlSession [org.apache.ibatis.session.defaults.DefaultSqlSession@882cdb] was not registered for synchronization because synchronization is not active
2021-03-08 13:22:34 [AsynchThread-3] [DEBUG] o.m.s.t.SpringManagedTransaction - JDBC Connection [HikariProxyConnection@240108218 wrapping org.postgresql.jdbc.PgConnection@5553d06d] will not be managed by Spring
2021-03-08 13:22:34 [AsynchThread-3] [DEBUG] org.mybatis.spring.SqlSessionUtils - Closing non transactional SqlSession [org.apache.ibatis.session.defaults.DefaultSqlSession@882cdb]
2021-03-08 15:43:28 [AsynchThread-1] [DEBUG] org.mybatis.spring.SqlSessionUtils - Creating a new SqlSession
2021-03-08 15:43:28 [AsynchThread-1] [DEBUG] org.mybatis.spring.SqlSessionUtils - SqlSession [org.apache.ibatis.session.defaults.DefaultSqlSession@77726587] was not registered for synchronization because synchronization is not active
2021-03-08 15:43:28 [AsynchThread-1] [DEBUG] o.m.s.t.SpringManagedTransaction - JDBC Connection [HikariProxyConnection@1443913164 wrapping org.postgresql.jdbc.PgConnection@676251d6] will not be managed by Spring
2021-03-08 15:43:28 [AsynchThread-1] [DEBUG] org.mybatis.spring.SqlSessionUtils - Closing non transactional SqlSession [org.apache.ibatis.session.defaults.DefaultSqlSession@77726587]
2021-03-08 18:00:13 [HikariPool-1 housekeeper] [WARN] com.zaxxer.hikari.pool.HikariPool - HikariPool-1 - Thread starvation or clock leap detected (housekeeper delta=1h26m20s97ms383µs200ns).
2021-03-08 18:26:52 [http-nio-8080-exec-7] [DEBUG] org.mybatis.spring.SqlSessionUtils - Creating a new SqlSession
2021-03-08 18:26:52 [http-nio-8080-exec-7] [DEBUG] org.mybatis.spring.SqlSessionUtils - SqlSession [org.apache.ibatis.session.defaults.DefaultSqlSession@198f63db] was not registered for synchronization because synchronization is not active
2021-03-08 18:26:52 [http-nio-8080-exec-7] [DEBUG] o.m.s.t.SpringManagedTransaction - JDBC Connection [HikariProxyConnection@306615727 wrapping org.postgresql.jdbc.PgConnection@305b94ee] will not be managed by Spring
2021-03-08 18:26:52 [http-nio-8080-exec-7] [DEBUG] org.mybatis.spring.SqlSessionUtils - Closing non transactional SqlSession [org.apache.ibatis.session.defaults.DefaultSqlSession@198f63db]
2021-03-08 18:26:52 [http-nio-8080-exec-7] [INFO] o.s.s.o.p.token.store.JdbcTokenStore - Failed to find access token for token 6b3b770c-4b77-4d64-a554-7de1960223b3
2021-03-08 18:26:52 [AsynchThread-2] [DEBUG] org.mybatis.spring.SqlSessionUtils - Creating a new SqlSession
2021-03-08 18:26:52 [AsynchThread-2] [DEBUG] org.mybatis.spring.SqlSessionUtils - SqlSession [org.apache.ibatis.session.defaults.DefaultSqlSession@63d72ef4] was not registered for synchronization because synchronization is not active
2021-03-08 18:26:52 [AsynchThread-2] [DEBUG] o.m.s.t.SpringManagedTransaction - JDBC Connection [HikariProxyConnection@509665535 wrapping org.postgresql.jdbc.PgConnection@305b94ee] will not be managed by Spring
2021-03-08 18:26:52 [AsynchThread-2] [DEBUG] org.mybatis.spring.SqlSessionUtils - Closing non transactional SqlSession [org.apache.ibatis.session.defaults.DefaultSqlSession@63d72ef4]
2021-03-08 18:26:53 [SimpleAsyncTaskExecutor-101] [DEBUG] org.mybatis.spring.SqlSessionUtils - Creating a new SqlSession
2021-03-08 18:26:53 [SimpleAsyncTaskExecutor-101] [DEBUG] org.mybatis.spring.SqlSessionUtils - SqlSession [org.apache.ibatis.session.defaults.DefaultSqlSession@704d2d4e] was not registered for synchronization because synchronization is not active
2021-03-08 18:26:53 [SimpleAsyncTaskExecutor-101] [DEBUG] o.m.s.t.SpringManagedTransaction - JDBC Connection [HikariProxyConnection@1953675167 wrapping org.postgresql.jdbc.PgConnection@305b94ee] will not be managed by Spring
2021-03-08 18:26:53 [SimpleAsyncTaskExecutor-101] [DEBUG] org.mybatis.spring.SqlSessionUtils - Closing non transactional SqlSession [org.apache.ibatis.session.defaults.DefaultSqlSession@704d2d4e]
2021-03-08 18:26:55 [AsynchThread-3] [DEBUG] org.mybatis.spring.SqlSessionUtils - Creating a new SqlSession
2021-03-08 18:26:55 [AsynchThread-3] [DEBUG] org.mybatis.spring.SqlSessionUtils - SqlSession [org.apache.ibatis.session.defaults.DefaultSqlSession@4f72c881] was not registered for synchronization because synchronization is not active
2021-03-08 18:26:55 [AsynchThread-3] [DEBUG] o.m.s.t.SpringManagedTransaction - JDBC Connection [HikariProxyConnection@241032000 wrapping org.postgresql.jdbc.PgConnection@305b94ee] will not be managed by Spring
2021-03-08 18:26:55 [AsynchThread-3] [DEBUG] org.mybatis.spring.SqlSessionUtils - Closing non transactional SqlSession [org.apache.ibatis.session.defaults.DefaultSqlSession@4f72c881]
2021-03-08 18:27:33 [AsynchThread-1] [DEBUG] org.mybatis.spring.SqlSessionUtils - Creating a new SqlSession
2021-03-08 18:27:33 [AsynchThread-1] [DEBUG] org.mybatis.spring.SqlSessionUtils - SqlSession [org.apache.ibatis.session.defaults.DefaultSqlSession@5a3ec8fc] was not registered for synchronization because synchronization is not active
2021-03-08 18:27:33 [AsynchThread-1] [DEBUG] o.m.s.t.SpringManagedTransaction - JDBC Connection [HikariProxyConnection@236195914 wrapping org.postgresql.jdbc.PgConnection@305b94ee] will not be managed by Spring
2021-03-08 18:27:33 [AsynchThread-1] [DEBUG] org.mybatis.spring.SqlSessionUtils - Closing non transactional SqlSession [org.apache.ibatis.session.defaults.DefaultSqlSession@5a3ec8fc]
2021-03-08 18:27:48 [AsynchThread-2] [DEBUG] org.mybatis.spring.SqlSessionUtils - Creating a new SqlSession
2021-03-08 18:27:48 [AsynchThread-2] [DEBUG] org.mybatis.spring.SqlSessionUtils - SqlSession [org.apache.ibatis.session.defaults.DefaultSqlSession@3260233b] was not registered for synchronization because synchronization is not active
2021-03-08 18:27:48 [AsynchThread-2] [DEBUG] o.m.s.t.SpringManagedTransaction - JDBC Connection [HikariProxyConnection@1189127508 wrapping org.postgresql.jdbc.PgConnection@305b94ee] will not be managed by Spring
2021-03-08 18:27:48 [AsynchThread-2] [DEBUG] org.mybatis.spring.SqlSessionUtils - Closing non transactional SqlSession [org.apache.ibatis.session.defaults.DefaultSqlSession@3260233b]
2021-03-08 18:27:59 [AsynchThread-3] [DEBUG] org.mybatis.spring.SqlSessionUtils - Creating a new SqlSession
2021-03-08 18:27:59 [AsynchThread-3] [DEBUG] org.mybatis.spring.SqlSessionUtils - SqlSession [org.apache.ibatis.session.defaults.DefaultSqlSession@76b2cf59] was not registered for synchronization because synchronization is not active
2021-03-08 18:27:59 [AsynchThread-3] [DEBUG] o.m.s.t.SpringManagedTransaction - JDBC Connection [HikariProxyConnection@794638286 wrapping org.postgresql.jdbc.PgConnection@305b94ee] will not be managed by Spring
2021-03-08 18:27:59 [AsynchThread-3] [DEBUG] org.mybatis.spring.SqlSessionUtils - Closing non transactional SqlSession [org.apache.ibatis.session.defaults.DefaultSqlSession@76b2cf59]
2021-03-08 18:28:09 [AsynchThread-1] [DEBUG] org.mybatis.spring.SqlSessionUtils - Creating a new SqlSession
2021-03-08 18:28:09 [AsynchThread-1] [DEBUG] org.mybatis.spring.SqlSessionUtils - SqlSession [org.apache.ibatis.session.defaults.DefaultSqlSession@63760cd4] was not registered for synchronization because synchronization is not active
2021-03-08 18:28:09 [AsynchThread-1] [DEBUG] o.m.s.t.SpringManagedTransaction - JDBC Connection [HikariProxyConnection@1327714670 wrapping org.postgresql.jdbc.PgConnection@305b94ee] will not be managed by Spring
2021-03-08 18:28:09 [AsynchThread-1] [DEBUG] org.mybatis.spring.SqlSessionUtils - Closing non transactional SqlSession [org.apache.ibatis.session.defaults.DefaultSqlSession@63760cd4]
2021-03-08 18:28:20 [AsynchThread-2] [DEBUG] org.mybatis.spring.SqlSessionUtils - Creating a new SqlSession
2021-03-08 18:28:20 [AsynchThread-2] [DEBUG] org.mybatis.spring.SqlSessionUtils - SqlSession [org.apache.ibatis.session.defaults.DefaultSqlSession@564ef86] was not registered for synchronization because synchronization is not active
2021-03-08 18:28:20 [AsynchThread-2] [DEBUG] o.m.s.t.SpringManagedTransaction - JDBC Connection [HikariProxyConnection@909016554 wrapping org.postgresql.jdbc.PgConnection@305b94ee] will not be managed by Spring
2021-03-08 18:28:20 [AsynchThread-2] [DEBUG] org.mybatis.spring.SqlSessionUtils - Closing non transactional SqlSession [org.apache.ibatis.session.defaults.DefaultSqlSession@564ef86]
2021-03-08 18:29:08 [AsynchThread-3] [DEBUG] org.mybatis.spring.SqlSessionUtils - Creating a new SqlSession
2021-03-08 18:29:08 [AsynchThread-3] [DEBUG] org.mybatis.spring.SqlSessionUtils - SqlSession [org.apache.ibatis.session.defaults.DefaultSqlSession@d9e9bf0] was not registered for synchronization because synchronization is not active
2021-03-08 18:29:08 [AsynchThread-3] [DEBUG] o.m.s.t.SpringManagedTransaction - JDBC Connection [HikariProxyConnection@1840661789 wrapping org.postgresql.jdbc.PgConnection@305b94ee] will not be managed by Spring
2021-03-08 18:29:08 [AsynchThread-3] [DEBUG] org.mybatis.spring.SqlSessionUtils - Closing non transactional SqlSession [org.apache.ibatis.session.defaults.DefaultSqlSession@d9e9bf0]
2021-03-08 18:29:39 [AsynchThread-1] [DEBUG] org.mybatis.spring.SqlSessionUtils - Creating a new SqlSession
2021-03-08 18:29:39 [AsynchThread-1] [DEBUG] org.mybatis.spring.SqlSessionUtils - SqlSession [org.apache.ibatis.session.defaults.DefaultSqlSession@21a32ccc] was not registered for synchronization because synchronization is not active
2021-03-08 18:29:39 [AsynchThread-1] [DEBUG] o.m.s.t.SpringManagedTransaction - JDBC Connection [HikariProxyConnection@1952362935 wrapping org.postgresql.jdbc.PgConnection@305b94ee] will not be managed by Spring
2021-03-08 18:29:39 [AsynchThread-1] [DEBUG] org.mybatis.spring.SqlSessionUtils - Closing non transactional SqlSession [org.apache.ibatis.session.defaults.DefaultSqlSession@21a32ccc]
2021-03-08 18:29:59 [AsynchThread-2] [DEBUG] org.mybatis.spring.SqlSessionUtils - Creating a new SqlSession
2021-03-08 18:29:59 [AsynchThread-2] [DEBUG] org.mybatis.spring.SqlSessionUtils - SqlSession [org.apache.ibatis.session.defaults.DefaultSqlSession@3deaac2b] was not registered for synchronization because synchronization is not active
2021-03-08 18:29:59 [AsynchThread-2] [DEBUG] o.m.s.t.SpringManagedTransaction - JDBC Connection [HikariProxyConnection@525368527 wrapping org.postgresql.jdbc.PgConnection@5a5493e2] will not be managed by Spring
2021-03-08 18:29:59 [AsynchThread-2] [DEBUG] org.mybatis.spring.SqlSessionUtils - Closing non transactional SqlSession [org.apache.ibatis.session.defaults.DefaultSqlSession@3deaac2b]
2021-03-08 22:55:15 [restartedMain] [INFO] o.s.b.d.restart.ChangeableUrls - The Class-Path manifest attribute in C:\Users\Eanda\.gradle\caches\modules-2\files-2.1\javax.xml\jaxb-impl\2.1\8c86d5d4eac7f89cec63432274d712ba82cd201b\jaxb-impl-2.1.jar referenced one or more files that do not exist: file:/C:/Users/Eanda/.gradle/caches/modules-2/files-2.1/javax.xml/jaxb-impl/2.1/8c86d5d4eac7f89cec63432274d712ba82cd201b/jaxb-api.jar,file:/C:/Users/Eanda/.gradle/caches/modules-2/files-2.1/javax.xml/jaxb-impl/2.1/8c86d5d4eac7f89cec63432274d712ba82cd201b/activation.jar,file:/C:/Users/Eanda/.gradle/caches/modules-2/files-2.1/javax.xml/jaxb-impl/2.1/8c86d5d4eac7f89cec63432274d712ba82cd201b/jsr173_1.0_api.jar,file:/C:/Users/Eanda/.gradle/caches/modules-2/files-2.1/javax.xml/jaxb-impl/2.1/8c86d5d4eac7f89cec63432274d712ba82cd201b/jaxb1-impl.jar
2021-03-08 22:55:16 [restartedMain] [INFO] o.s.b.d.e.DevToolsPropertyDefaultsPostProcessor - Devtools property defaults active! Set 'spring.devtools.add-properties' to 'false' to disable
2021-03-08 22:55:16 [restartedMain] [INFO] o.s.b.d.e.DevToolsPropertyDefaultsPostProcessor - For additional web related logging consider setting the 'logging.level.web' property to 'DEBUG'
2021-03-08 22:55:20 [restartedMain] [DEBUG] o.m.s.b.a.MybatisAutoConfiguration - Searching for mappers annotated with @Mapper
2021-03-08 22:55:20 [restartedMain] [DEBUG] o.m.s.b.a.MybatisAutoConfiguration - Using auto-configuration base package 'com.ecommercebackend'
2021-03-08 22:55:20 [restartedMain] [DEBUG] o.m.s.mapper.ClassPathMapperScanner - Identified candidate component class: file [E:\projects\Ecommerce\ecommerce-backend\build\classes\java\main\com\ecommercebackend\admin\dao\CategoryDao.class]
2021-03-08 22:55:20 [restartedMain] [DEBUG] o.m.s.mapper.ClassPathMapperScanner - Identified candidate component class: file [E:\projects\Ecommerce\ecommerce-backend\build\classes\java\main\com\ecommercebackend\admin\dao\ProductDao.class]
2021-03-08 22:55:20 [restartedMain] [DEBUG] o.m.s.mapper.ClassPathMapperScanner - Identified candidate component class: file [E:\projects\Ecommerce\ecommerce-backend\build\classes\java\main\com\ecommercebackend\admin\dao\ResourceImageDao.class]
2021-03-08 22:55:20 [restartedMain] [DEBUG] o.m.s.mapper.ClassPathMapperScanner - Identified candidate component class: file [E:\projects\Ecommerce\ecommerce-backend\build\classes\java\main\com\ecommercebackend\admin\dao\UserDao.class]
2021-03-08 22:55:20 [restartedMain] [DEBUG] o.m.s.mapper.ClassPathMapperScanner - Identified candidate component class: file [E:\projects\Ecommerce\ecommerce-backend\build\classes\java\main\com\ecommercebackend\core\dao\DefaultAuthenticationDao.class]
2021-03-08 22:55:20 [restartedMain] [DEBUG] o.m.s.mapper.ClassPathMapperScanner - Identified candidate component class: file [E:\projects\Ecommerce\ecommerce-backend\build\classes\java\main\com\ecommercebackend\core\dao\SuccessLoginDao.class]
2021-03-08 22:55:20 [restartedMain] [DEBUG] o.m.s.mapper.ClassPathMapperScanner - Identified candidate component class: file [E:\projects\Ecommerce\ecommerce-backend\build\classes\java\main\com\ecommercebackend\web\dao\ReaderImgDao.class]
2021-03-08 22:55:20 [restartedMain] [DEBUG] o.m.s.mapper.ClassPathMapperScanner - Creating MapperFactoryBean with name 'categoryDao' and 'com.ecommercebackend.admin.dao.CategoryDao' mapperInterface
2021-03-08 22:55:20 [restartedMain] [DEBUG] o.m.s.mapper.ClassPathMapperScanner - Enabling autowire by type for MapperFactoryBean with name 'categoryDao'.
2021-03-08 22:55:20 [restartedMain] [DEBUG] o.m.s.mapper.ClassPathMapperScanner - Creating MapperFactoryBean with name 'productDao' and 'com.ecommercebackend.admin.dao.ProductDao' mapperInterface
2021-03-08 22:55:20 [restartedMain] [DEBUG] o.m.s.mapper.ClassPathMapperScanner - Enabling autowire by type for MapperFactoryBean with name 'productDao'.
2021-03-08 22:55:20 [restartedMain] [DEBUG] o.m.s.mapper.ClassPathMapperScanner - Creating MapperFactoryBean with name 'resourceImageDao' and 'com.ecommercebackend.admin.dao.ResourceImageDao' mapperInterface
2021-03-08 22:55:20 [restartedMain] [DEBUG] o.m.s.mapper.ClassPathMapperScanner - Enabling autowire by type for MapperFactoryBean with name 'resourceImageDao'.
2021-03-08 22:55:20 [restartedMain] [DEBUG] o.m.s.mapper.ClassPathMapperScanner - Creating MapperFactoryBean with name 'userDao' and 'com.ecommercebackend.admin.dao.UserDao' mapperInterface
2021-03-08 22:55:20 [restartedMain] [DEBUG] o.m.s.mapper.ClassPathMapperScanner - Enabling autowire by type for MapperFactoryBean with name 'userDao'.
2021-03-08 22:55:20 [restartedMain] [DEBUG] o.m.s.mapper.ClassPathMapperScanner - Creating MapperFactoryBean with name 'defaultAuthenticationDao' and 'com.ecommercebackend.core.dao.DefaultAuthenticationDao' mapperInterface
2021-03-08 22:55:20 [restartedMain] [DEBUG] o.m.s.mapper.ClassPathMapperScanner - Enabling autowire by type for MapperFactoryBean with name 'defaultAuthenticationDao'.
2021-03-08 22:55:20 [restartedMain] [DEBUG] o.m.s.mapper.ClassPathMapperScanner - Creating MapperFactoryBean with name 'successLoginDao' and 'com.ecommercebackend.core.dao.SuccessLoginDao' mapperInterface
2021-03-08 22:55:20 [restartedMain] [DEBUG] o.m.s.mapper.ClassPathMapperScanner - Enabling autowire by type for MapperFactoryBean with name 'successLoginDao'.
2021-03-08 22:55:20 [restartedMain] [DEBUG] o.m.s.mapper.ClassPathMapperScanner - Creating MapperFactoryBean with name 'readerImgDao' and 'com.ecommercebackend.web.dao.ReaderImgDao' mapperInterface
2021-03-08 22:55:20 [restartedMain] [DEBUG] o.m.s.mapper.ClassPathMapperScanner - Enabling autowire by type for MapperFactoryBean with name 'readerImgDao'.
2021-03-08 22:55:21 [restartedMain] [INFO] o.s.c.s.PostProcessorRegistrationDelegate$BeanPostProcessorChecker - Bean 'org.springframework.ws.config.annotation.DelegatingWsConfiguration' of type [org.springframework.ws.config.annotation.DelegatingWsConfiguration$$EnhancerBySpringCGLIB$$21648f62] is not eligible for getting processed by all BeanPostProcessors (for example: not eligible for auto-proxying)
2021-03-08 22:55:21 [restartedMain] [INFO] o.s.w.s.a.s.AnnotationActionEndpointMapping - Supporting [WS-Addressing August 2004, WS-Addressing 1.0]
2021-03-08 22:55:21 [restartedMain] [INFO] o.s.c.s.PostProcessorRegistrationDelegate$BeanPostProcessorChecker - Bean 'org.springframework.security.access.expression.method.DefaultMethodSecurityExpressionHandler@7d7bdb43' of type [org.springframework.security.access.expression.method.DefaultMethodSecurityExpressionHandler] is not eligible for getting processed by all BeanPostProcessors (for example: not eligible for auto-proxying)
2021-03-08 22:55:21 [restartedMain] [INFO] o.s.c.s.PostProcessorRegistrationDelegate$BeanPostProcessorChecker - Bean 'methodSecurityMetadataSource' of type [org.springframework.security.access.method.DelegatingMethodSecurityMetadataSource] is not eligible for getting processed by all BeanPostProcessors (for example: not eligible for auto-proxying)
2021-03-08 22:55:21 [restartedMain] [INFO] o.s.b.w.e.tomcat.TomcatWebServer - Tomcat initialized with port(s): 8080 (http)
2021-03-08 22:55:21 [restartedMain] [INFO] o.a.coyote.http11.Http11NioProtocol - Initializing ProtocolHandler ["http-nio-8080"]
2021-03-08 22:55:21 [restartedMain] [INFO] o.a.catalina.core.StandardService - Starting service [Tomcat]
2021-03-08 22:55:21 [restartedMain] [INFO] o.a.catalina.core.StandardEngine - Starting Servlet engine: [Apache Tomcat/9.0.41]
2021-03-08 22:55:22 [restartedMain] [INFO] o.a.c.c.C.[Tomcat].[localhost].[/] - Initializing Spring embedded WebApplicationContext
2021-03-08 22:55:22 [restartedMain] [INFO] o.s.b.w.s.c.ServletWebServerApplicationContext - Root WebApplicationContext: initialization completed in 6095 ms
2021-03-08 22:55:22 [restartedMain] [DEBUG] o.m.spring.SqlSessionFactoryBean - Parsed configuration file: 'class path resource [mybatis/mybatis_config.xml]'
2021-03-08 22:55:22 [restartedMain] [DEBUG] o.m.spring.SqlSessionFactoryBean - Parsed mapper file: 'file [E:\projects\Ecommerce\ecommerce-backend\build\resources\main\mybatis\mapper\admin\categoryDai.xml]'
2021-03-08 22:55:22 [restartedMain] [DEBUG] o.m.spring.SqlSessionFactoryBean - Parsed mapper file: 'file [E:\projects\Ecommerce\ecommerce-backend\build\resources\main\mybatis\mapper\admin\productDao.xml]'
2021-03-08 22:55:22 [restartedMain] [DEBUG] o.m.spring.SqlSessionFactoryBean - Parsed mapper file: 'file [E:\projects\Ecommerce\ecommerce-backend\build\resources\main\mybatis\mapper\admin\resourceImageDao.xml]'
2021-03-08 22:55:22 [restartedMain] [DEBUG] o.m.spring.SqlSessionFactoryBean - Parsed mapper file: 'file [E:\projects\Ecommerce\ecommerce-backend\build\resources\main\mybatis\mapper\admin\userDao.xml]'
2021-03-08 22:55:22 [restartedMain] [DEBUG] o.m.spring.SqlSessionFactoryBean - Parsed mapper file: 'file [E:\projects\Ecommerce\ecommerce-backend\build\resources\main\mybatis\mapper\core\SuccessLogin.xml]'
2021-03-08 22:55:22 [restartedMain] [DEBUG] o.m.spring.SqlSessionFactoryBean - Parsed mapper file: 'file [E:\projects\Ecommerce\ecommerce-backend\build\resources\main\mybatis\mapper\core\defaultAuthenticationDao.xml]'
2021-03-08 22:55:22 [restartedMain] [DEBUG] o.m.spring.SqlSessionFactoryBean - Parsed mapper file: 'file [E:\projects\Ecommerce\ecommerce-backend\build\resources\main\mybatis\mapper\web\readerImgDao.xml]'
2021-03-08 22:55:23 [restartedMain] [INFO] o.s.s.c.ThreadPoolTaskExecutor - Initializing ExecutorService
2021-03-08 22:55:23 [restartedMain] [INFO] o.s.s.c.ThreadPoolTaskExecutor - Initializing ExecutorService 'asyncExecutor'
2021-03-08 22:55:23 [restartedMain] [INFO] o.s.s.web.DefaultSecurityFilterChain - Will secure Ant [pattern='/api/web/**'] with []
2021-03-08 22:55:23 [restartedMain] [INFO] o.s.s.web.DefaultSecurityFilterChain - Will secure Ant [pattern='/api/mobile/**'] with []
2021-03-08 22:55:23 [restartedMain] [INFO] o.s.s.web.DefaultSecurityFilterChain - Will secure Ant [pattern='/401.html'] with []
2021-03-08 22:55:23 [restartedMain] [INFO] o.s.s.web.DefaultSecurityFilterChain - Will secure Ant [pattern='/404.html'] with []
2021-03-08 22:55:23 [restartedMain] [INFO] o.s.s.web.DefaultSecurityFilterChain - Will secure Ant [pattern='/500.html'] with []
2021-03-08 22:55:23 [restartedMain] [INFO] o.s.s.web.DefaultSecurityFilterChain - Will secure Or [Ant [pattern='/oauth/token'], Ant [pattern='/oauth/token_key'], Ant [pattern='/oauth/check_token']] with [org.springframework.security.web.context.request.async.WebAsyncManagerIntegrationFilter@59f959b7, org.springframework.security.web.context.SecurityContextPersistenceFilter@b743870, org.springframework.security.web.header.HeaderWriterFilter@5f8760a1, org.springframework.security.web.authentication.logout.LogoutFilter@4cd00169, org.springframework.security.web.authentication.www.BasicAuthenticationFilter@d5dc751, org.springframework.security.web.savedrequest.RequestCacheAwareFilter@7b310a0f, org.springframework.security.web.servletapi.SecurityContextHolderAwareRequestFilter@23cd416a, org.springframework.security.web.authentication.AnonymousAuthenticationFilter@adf5404, org.springframework.security.web.session.SessionManagementFilter@508cafa8, org.springframework.security.web.access.ExceptionTranslationFilter@7d3abb2b, org.springframework.security.web.access.intercept.FilterSecurityInterceptor@5ecc6ef6]
2021-03-08 22:55:23 [restartedMain] [INFO] o.s.s.web.DefaultSecurityFilterChain - Will secure Or [Ant [pattern='/api/**']] with [org.springframework.security.web.context.request.async.WebAsyncManagerIntegrationFilter@3163d98, org.springframework.security.web.context.SecurityContextPersistenceFilter@4c93ab30, org.springframework.security.web.header.HeaderWriterFilter@1448e1d4, org.springframework.security.web.authentication.logout.LogoutFilter@9d06c80, org.springframework.security.oauth2.provider.authentication.OAuth2AuthenticationProcessingFilter@6d5f651c, org.springframework.security.web.savedrequest.RequestCacheAwareFilter@2646b48a, org.springframework.security.web.servletapi.SecurityContextHolderAwareRequestFilter@7553a7d7, org.springframework.security.web.authentication.AnonymousAuthenticationFilter@73493d7e, org.springframework.security.web.session.SessionManagementFilter@18a6a265, org.springframework.security.web.access.ExceptionTranslationFilter@73333191, org.springframework.security.web.access.intercept.FilterSecurityInterceptor@585878e1]
2021-03-08 22:55:23 [restartedMain] [INFO] o.s.s.web.DefaultSecurityFilterChain - Will secure any request with [org.springframework.security.web.context.request.async.WebAsyncManagerIntegrationFilter@2d623e7c, org.springframework.security.web.context.SecurityContextPersistenceFilter@1d821e50, org.springframework.security.web.header.HeaderWriterFilter@3196fb2, org.springframework.security.web.csrf.CsrfFilter@54fc6002, org.springframework.security.web.authentication.logout.LogoutFilter@44dfb483, org.springframework.security.web.authentication.UsernamePasswordAuthenticationFilter@2d45fdc5, org.springframework.security.web.authentication.ui.DefaultLoginPageGeneratingFilter@63844971, org.springframework.security.web.authentication.ui.DefaultLogoutPageGeneratingFilter@7da3743, org.springframework.security.web.authentication.www.BasicAuthenticationFilter@282ea702, org.springframework.security.web.savedrequest.RequestCacheAwareFilter@4dbce60d, org.springframework.security.web.servletapi.SecurityContextHolderAwareRequestFilter@59064f7, org.springframework.security.web.authentication.AnonymousAuthenticationFilter@5f359a8, org.springframework.security.web.session.SessionManagementFilter@2ac9977b, org.springframework.security.web.access.ExceptionTranslationFilter@7e45c568, org.springframework.security.web.access.intercept.FilterSecurityInterceptor@19a6768d]
2021-03-08 22:55:23 [restartedMain] [WARN] o.t.templatemode.TemplateMode - [THYMELEAF][restartedMain] Template Mode 'LEGACYHTML5' is deprecated. Using Template Mode 'HTML' instead.
2021-03-08 22:55:24 [restartedMain] [DEBUG] o.m.s.b.a.MybatisAutoConfiguration - Not found configuration for registering mapper bean using @MapperScan, MapperFactoryBean and MapperScannerConfigurer.
2021-03-08 22:55:24 [restartedMain] [INFO] o.s.b.d.a.OptionalLiveReloadServer - LiveReload server is running on port 35729
2021-03-08 22:55:24 [restartedMain] [INFO] o.s.b.a.e.web.EndpointLinksResolver - Exposing 2 endpoint(s) beneath base path '/actuator'
2021-03-08 22:55:24 [restartedMain] [INFO] o.a.coyote.http11.Http11NioProtocol - Starting ProtocolHandler ["http-nio-8080"]
2021-03-08 22:55:24 [restartedMain] [INFO] o.s.b.w.e.tomcat.TomcatWebServer - Tomcat started on port(s): 8080 (http) with context path ''
2021-03-08 22:55:24 [RMI TCP Connection(1)-192.168.1.2] [INFO] com.zaxxer.hikari.HikariDataSource - HikariPool-1 - Starting...
2021-03-08 22:55:25 [RMI TCP Connection(3)-192.168.1.2] [INFO] o.a.c.c.C.[Tomcat].[localhost].[/] - Initializing Spring DispatcherServlet 'dispatcherServlet'
2021-03-08 22:55:25 [RMI TCP Connection(3)-192.168.1.2] [INFO] o.s.web.servlet.DispatcherServlet - Initializing Servlet 'dispatcherServlet'
2021-03-08 22:55:25 [RMI TCP Connection(3)-192.168.1.2] [INFO] o.s.web.servlet.DispatcherServlet - Completed initialization in 1 ms
2021-03-08 22:55:25 [RMI TCP Connection(1)-192.168.1.2] [INFO] com.zaxxer.hikari.HikariDataSource - HikariPool-1 - Start completed.
2021-03-08 22:58:43 [http-nio-8080-exec-3] [DEBUG] org.mybatis.spring.SqlSessionUtils - Creating a new SqlSession
2021-03-08 22:58:43 [http-nio-8080-exec-3] [DEBUG] org.mybatis.spring.SqlSessionUtils - SqlSession [org.apache.ibatis.session.defaults.DefaultSqlSession@2675e796] was not registered for synchronization because synchronization is not active
2021-03-08 22:58:43 [http-nio-8080-exec-3] [DEBUG] o.m.s.t.SpringManagedTransaction - JDBC Connection [HikariProxyConnection@2081428316 wrapping org.postgresql.jdbc.PgConnection@2cc00fb9] will not be managed by Spring
2021-03-08 22:58:43 [http-nio-8080-exec-3] [DEBUG] org.mybatis.spring.SqlSessionUtils - Closing non transactional SqlSession [org.apache.ibatis.session.defaults.DefaultSqlSession@2675e796]
2021-03-08 22:58:43 [http-nio-8080-exec-3] [INFO] o.s.s.o.p.token.store.JdbcTokenStore - Failed to find access token for token ae6cf7bd-848e-4ec3-a394-ef806b89dd4f
2021-03-08 22:58:43 [AsynchThread-1] [DEBUG] org.mybatis.spring.SqlSessionUtils - Creating a new SqlSession
2021-03-08 22:58:43 [AsynchThread-1] [DEBUG] org.mybatis.spring.SqlSessionUtils - SqlSession [org.apache.ibatis.session.defaults.DefaultSqlSession@2712e35c] was not registered for synchronization because synchronization is not active
2021-03-08 22:58:43 [AsynchThread-1] [DEBUG] o.m.s.t.SpringManagedTransaction - JDBC Connection [HikariProxyConnection@666547415 wrapping org.postgresql.jdbc.PgConnection@2cc00fb9] will not be managed by Spring
2021-03-08 22:58:43 [AsynchThread-1] [DEBUG] org.mybatis.spring.SqlSessionUtils - Closing non transactional SqlSession [org.apache.ibatis.session.defaults.DefaultSqlSession@2712e35c]
2021-03-08 22:58:43 [SimpleAsyncTaskExecutor-50] [DEBUG] org.mybatis.spring.SqlSessionUtils - Creating a new SqlSession
2021-03-08 22:58:43 [SimpleAsyncTaskExecutor-50] [DEBUG] org.mybatis.spring.SqlSessionUtils - SqlSession [org.apache.ibatis.session.defaults.DefaultSqlSession@230d42fc] was not registered for synchronization because synchronization is not active
2021-03-08 22:58:43 [SimpleAsyncTaskExecutor-50] [DEBUG] o.m.s.t.SpringManagedTransaction - JDBC Connection [HikariProxyConnection@657642053 wrapping org.postgresql.jdbc.PgConnection@2cc00fb9] will not be managed by Spring
2021-03-08 22:58:43 [SimpleAsyncTaskExecutor-50] [DEBUG] org.mybatis.spring.SqlSessionUtils - Closing non transactional SqlSession [org.apache.ibatis.session.defaults.DefaultSqlSession@230d42fc]
