2021-03-12 21:59:04 [restartedMain] [INFO] o.s.b.d.restart.ChangeableUrls - The Class-Path manifest attribute in C:\Users\Eanda\.gradle\caches\modules-2\files-2.1\javax.xml\jaxb-impl\2.1\8c86d5d4eac7f89cec63432274d712ba82cd201b\jaxb-impl-2.1.jar referenced one or more files that do not exist: file:/C:/Users/Eanda/.gradle/caches/modules-2/files-2.1/javax.xml/jaxb-impl/2.1/8c86d5d4eac7f89cec63432274d712ba82cd201b/jaxb-api.jar,file:/C:/Users/Eanda/.gradle/caches/modules-2/files-2.1/javax.xml/jaxb-impl/2.1/8c86d5d4eac7f89cec63432274d712ba82cd201b/activation.jar,file:/C:/Users/Eanda/.gradle/caches/modules-2/files-2.1/javax.xml/jaxb-impl/2.1/8c86d5d4eac7f89cec63432274d712ba82cd201b/jsr173_1.0_api.jar,file:/C:/Users/Eanda/.gradle/caches/modules-2/files-2.1/javax.xml/jaxb-impl/2.1/8c86d5d4eac7f89cec63432274d712ba82cd201b/jaxb1-impl.jar
2021-03-12 21:59:04 [restartedMain] [INFO] o.s.b.d.e.DevToolsPropertyDefaultsPostProcessor - Devtools property defaults active! Set 'spring.devtools.add-properties' to 'false' to disable
2021-03-12 21:59:04 [restartedMain] [INFO] o.s.b.d.e.DevToolsPropertyDefaultsPostProcessor - For additional web related logging consider setting the 'logging.level.web' property to 'DEBUG'
2021-03-12 21:59:05 [restartedMain] [DEBUG] o.m.s.b.a.MybatisAutoConfiguration - Searching for mappers annotated with @Mapper
2021-03-12 21:59:05 [restartedMain] [DEBUG] o.m.s.b.a.MybatisAutoConfiguration - Using auto-configuration base package 'com.ecommercebackend'
2021-03-12 21:59:06 [restartedMain] [DEBUG] o.m.s.mapper.ClassPathMapperScanner - Identified candidate component class: file [E:\projects\Ecommerce\ecommerce-backend\build\classes\java\main\com\ecommercebackend\admin\dao\CategoryDao.class]
2021-03-12 21:59:06 [restartedMain] [DEBUG] o.m.s.mapper.ClassPathMapperScanner - Identified candidate component class: file [E:\projects\Ecommerce\ecommerce-backend\build\classes\java\main\com\ecommercebackend\admin\dao\EducationInfoDao.class]
2021-03-12 21:59:06 [restartedMain] [DEBUG] o.m.s.mapper.ClassPathMapperScanner - Identified candidate component class: file [E:\projects\Ecommerce\ecommerce-backend\build\classes\java\main\com\ecommercebackend\admin\dao\EmergencyContactDao.class]
2021-03-12 21:59:06 [restartedMain] [DEBUG] o.m.s.mapper.ClassPathMapperScanner - Identified candidate component class: file [E:\projects\Ecommerce\ecommerce-backend\build\classes\java\main\com\ecommercebackend\admin\dao\PersonalInfoDao.class]
2021-03-12 21:59:06 [restartedMain] [DEBUG] o.m.s.mapper.ClassPathMapperScanner - Identified candidate component class: file [E:\projects\Ecommerce\ecommerce-backend\build\classes\java\main\com\ecommercebackend\admin\dao\ProductDao.class]
2021-03-12 21:59:06 [restartedMain] [DEBUG] o.m.s.mapper.ClassPathMapperScanner - Identified candidate component class: file [E:\projects\Ecommerce\ecommerce-backend\build\classes\java\main\com\ecommercebackend\admin\dao\ResourceImageDao.class]
2021-03-12 21:59:06 [restartedMain] [DEBUG] o.m.s.mapper.ClassPathMapperScanner - Identified candidate component class: file [E:\projects\Ecommerce\ecommerce-backend\build\classes\java\main\com\ecommercebackend\admin\dao\UserDao.class]
2021-03-12 21:59:06 [restartedMain] [DEBUG] o.m.s.mapper.ClassPathMapperScanner - Identified candidate component class: file [E:\projects\Ecommerce\ecommerce-backend\build\classes\java\main\com\ecommercebackend\core\dao\DefaultAuthenticationDao.class]
2021-03-12 21:59:06 [restartedMain] [DEBUG] o.m.s.mapper.ClassPathMapperScanner - Identified candidate component class: file [E:\projects\Ecommerce\ecommerce-backend\build\classes\java\main\com\ecommercebackend\core\dao\SuccessLoginDao.class]
2021-03-12 21:59:06 [restartedMain] [DEBUG] o.m.s.mapper.ClassPathMapperScanner - Identified candidate component class: file [E:\projects\Ecommerce\ecommerce-backend\build\classes\java\main\com\ecommercebackend\web\dao\ReaderImgDao.class]
2021-03-12 21:59:06 [restartedMain] [DEBUG] o.m.s.mapper.ClassPathMapperScanner - Creating MapperFactoryBean with name 'categoryDao' and 'com.ecommercebackend.admin.dao.CategoryDao' mapperInterface
2021-03-12 21:59:06 [restartedMain] [DEBUG] o.m.s.mapper.ClassPathMapperScanner - Enabling autowire by type for MapperFactoryBean with name 'categoryDao'.
2021-03-12 21:59:06 [restartedMain] [DEBUG] o.m.s.mapper.ClassPathMapperScanner - Creating MapperFactoryBean with name 'educationInfoDao' and 'com.ecommercebackend.admin.dao.EducationInfoDao' mapperInterface
2021-03-12 21:59:06 [restartedMain] [DEBUG] o.m.s.mapper.ClassPathMapperScanner - Enabling autowire by type for MapperFactoryBean with name 'educationInfoDao'.
2021-03-12 21:59:06 [restartedMain] [DEBUG] o.m.s.mapper.ClassPathMapperScanner - Creating MapperFactoryBean with name 'emergencyContactDao' and 'com.ecommercebackend.admin.dao.EmergencyContactDao' mapperInterface
2021-03-12 21:59:06 [restartedMain] [DEBUG] o.m.s.mapper.ClassPathMapperScanner - Enabling autowire by type for MapperFactoryBean with name 'emergencyContactDao'.
2021-03-12 21:59:06 [restartedMain] [DEBUG] o.m.s.mapper.ClassPathMapperScanner - Creating MapperFactoryBean with name 'personalInfoDao' and 'com.ecommercebackend.admin.dao.PersonalInfoDao' mapperInterface
2021-03-12 21:59:06 [restartedMain] [DEBUG] o.m.s.mapper.ClassPathMapperScanner - Enabling autowire by type for MapperFactoryBean with name 'personalInfoDao'.
2021-03-12 21:59:06 [restartedMain] [DEBUG] o.m.s.mapper.ClassPathMapperScanner - Creating MapperFactoryBean with name 'productDao' and 'com.ecommercebackend.admin.dao.ProductDao' mapperInterface
2021-03-12 21:59:06 [restartedMain] [DEBUG] o.m.s.mapper.ClassPathMapperScanner - Enabling autowire by type for MapperFactoryBean with name 'productDao'.
2021-03-12 21:59:06 [restartedMain] [DEBUG] o.m.s.mapper.ClassPathMapperScanner - Creating MapperFactoryBean with name 'resourceImageDao' and 'com.ecommercebackend.admin.dao.ResourceImageDao' mapperInterface
2021-03-12 21:59:06 [restartedMain] [DEBUG] o.m.s.mapper.ClassPathMapperScanner - Enabling autowire by type for MapperFactoryBean with name 'resourceImageDao'.
2021-03-12 21:59:06 [restartedMain] [DEBUG] o.m.s.mapper.ClassPathMapperScanner - Creating MapperFactoryBean with name 'userDao' and 'com.ecommercebackend.admin.dao.UserDao' mapperInterface
2021-03-12 21:59:06 [restartedMain] [DEBUG] o.m.s.mapper.ClassPathMapperScanner - Enabling autowire by type for MapperFactoryBean with name 'userDao'.
2021-03-12 21:59:06 [restartedMain] [DEBUG] o.m.s.mapper.ClassPathMapperScanner - Creating MapperFactoryBean with name 'defaultAuthenticationDao' and 'com.ecommercebackend.core.dao.DefaultAuthenticationDao' mapperInterface
2021-03-12 21:59:06 [restartedMain] [DEBUG] o.m.s.mapper.ClassPathMapperScanner - Enabling autowire by type for MapperFactoryBean with name 'defaultAuthenticationDao'.
2021-03-12 21:59:06 [restartedMain] [DEBUG] o.m.s.mapper.ClassPathMapperScanner - Creating MapperFactoryBean with name 'successLoginDao' and 'com.ecommercebackend.core.dao.SuccessLoginDao' mapperInterface
2021-03-12 21:59:06 [restartedMain] [DEBUG] o.m.s.mapper.ClassPathMapperScanner - Enabling autowire by type for MapperFactoryBean with name 'successLoginDao'.
2021-03-12 21:59:06 [restartedMain] [DEBUG] o.m.s.mapper.ClassPathMapperScanner - Creating MapperFactoryBean with name 'readerImgDao' and 'com.ecommercebackend.web.dao.ReaderImgDao' mapperInterface
2021-03-12 21:59:06 [restartedMain] [DEBUG] o.m.s.mapper.ClassPathMapperScanner - Enabling autowire by type for MapperFactoryBean with name 'readerImgDao'.
2021-03-12 21:59:06 [restartedMain] [INFO] o.s.c.s.PostProcessorRegistrationDelegate$BeanPostProcessorChecker - Bean 'org.springframework.ws.config.annotation.DelegatingWsConfiguration' of type [org.springframework.ws.config.annotation.DelegatingWsConfiguration$$EnhancerBySpringCGLIB$$87247252] is not eligible for getting processed by all BeanPostProcessors (for example: not eligible for auto-proxying)
2021-03-12 21:59:06 [restartedMain] [INFO] o.s.w.s.a.s.AnnotationActionEndpointMapping - Supporting [WS-Addressing August 2004, WS-Addressing 1.0]
2021-03-12 21:59:06 [restartedMain] [INFO] o.s.c.s.PostProcessorRegistrationDelegate$BeanPostProcessorChecker - Bean 'org.springframework.security.access.expression.method.DefaultMethodSecurityExpressionHandler@4db5f3a' of type [org.springframework.security.access.expression.method.DefaultMethodSecurityExpressionHandler] is not eligible for getting processed by all BeanPostProcessors (for example: not eligible for auto-proxying)
2021-03-12 21:59:06 [restartedMain] [INFO] o.s.c.s.PostProcessorRegistrationDelegate$BeanPostProcessorChecker - Bean 'methodSecurityMetadataSource' of type [org.springframework.security.access.method.DelegatingMethodSecurityMetadataSource] is not eligible for getting processed by all BeanPostProcessors (for example: not eligible for auto-proxying)
2021-03-12 21:59:06 [restartedMain] [INFO] o.s.b.w.e.tomcat.TomcatWebServer - Tomcat initialized with port(s): 8080 (http)
2021-03-12 21:59:06 [restartedMain] [INFO] o.a.coyote.http11.Http11NioProtocol - Initializing ProtocolHandler ["http-nio-8080"]
2021-03-12 21:59:06 [restartedMain] [INFO] o.a.catalina.core.StandardService - Starting service [Tomcat]
2021-03-12 21:59:06 [restartedMain] [INFO] o.a.catalina.core.StandardEngine - Starting Servlet engine: [Apache Tomcat/9.0.41]
2021-03-12 21:59:06 [restartedMain] [INFO] o.a.c.c.C.[Tomcat].[localhost].[/] - Initializing Spring embedded WebApplicationContext
2021-03-12 21:59:06 [restartedMain] [INFO] o.s.b.w.s.c.ServletWebServerApplicationContext - Root WebApplicationContext: initialization completed in 1885 ms
2021-03-12 21:59:06 [restartedMain] [DEBUG] o.m.spring.SqlSessionFactoryBean - Parsed configuration file: 'class path resource [mybatis/mybatis_config.xml]'
2021-03-12 21:59:06 [restartedMain] [DEBUG] o.m.spring.SqlSessionFactoryBean - Parsed mapper file: 'file [E:\projects\Ecommerce\ecommerce-backend\build\resources\main\mybatis\mapper\admin\categoryDai.xml]'
2021-03-12 21:59:06 [restartedMain] [DEBUG] o.m.spring.SqlSessionFactoryBean - Parsed mapper file: 'file [E:\projects\Ecommerce\ecommerce-backend\build\resources\main\mybatis\mapper\admin\educationInfoDao.xml]'
2021-03-12 21:59:06 [restartedMain] [DEBUG] o.m.spring.SqlSessionFactoryBean - Parsed mapper file: 'file [E:\projects\Ecommerce\ecommerce-backend\build\resources\main\mybatis\mapper\admin\emergencyContactDao.xml]'
2021-03-12 21:59:06 [restartedMain] [DEBUG] o.m.spring.SqlSessionFactoryBean - Parsed mapper file: 'file [E:\projects\Ecommerce\ecommerce-backend\build\resources\main\mybatis\mapper\admin\personalInfoDao.xml]'
2021-03-12 21:59:06 [restartedMain] [DEBUG] o.m.spring.SqlSessionFactoryBean - Parsed mapper file: 'file [E:\projects\Ecommerce\ecommerce-backend\build\resources\main\mybatis\mapper\admin\productDao.xml]'
2021-03-12 21:59:06 [restartedMain] [DEBUG] o.m.spring.SqlSessionFactoryBean - Parsed mapper file: 'file [E:\projects\Ecommerce\ecommerce-backend\build\resources\main\mybatis\mapper\admin\resourceImageDao.xml]'
2021-03-12 21:59:06 [restartedMain] [DEBUG] o.m.spring.SqlSessionFactoryBean - Parsed mapper file: 'file [E:\projects\Ecommerce\ecommerce-backend\build\resources\main\mybatis\mapper\admin\userDao.xml]'
2021-03-12 21:59:06 [restartedMain] [DEBUG] o.m.spring.SqlSessionFactoryBean - Parsed mapper file: 'file [E:\projects\Ecommerce\ecommerce-backend\build\resources\main\mybatis\mapper\core\SuccessLogin.xml]'
2021-03-12 21:59:06 [restartedMain] [DEBUG] o.m.spring.SqlSessionFactoryBean - Parsed mapper file: 'file [E:\projects\Ecommerce\ecommerce-backend\build\resources\main\mybatis\mapper\core\defaultAuthenticationDao.xml]'
2021-03-12 21:59:06 [restartedMain] [DEBUG] o.m.spring.SqlSessionFactoryBean - Parsed mapper file: 'file [E:\projects\Ecommerce\ecommerce-backend\build\resources\main\mybatis\mapper\web\readerImgDao.xml]'
2021-03-12 21:59:07 [restartedMain] [INFO] o.s.s.c.ThreadPoolTaskExecutor - Initializing ExecutorService
2021-03-12 21:59:07 [restartedMain] [INFO] o.s.s.c.ThreadPoolTaskExecutor - Initializing ExecutorService 'asyncExecutor'
2021-03-12 21:59:07 [restartedMain] [INFO] o.s.s.web.DefaultSecurityFilterChain - Will secure Ant [pattern='/api/web/**'] with []
2021-03-12 21:59:07 [restartedMain] [INFO] o.s.s.web.DefaultSecurityFilterChain - Will secure Ant [pattern='/api/mobile/**'] with []
2021-03-12 21:59:07 [restartedMain] [INFO] o.s.s.web.DefaultSecurityFilterChain - Will secure Ant [pattern='/401.html'] with []
2021-03-12 21:59:07 [restartedMain] [INFO] o.s.s.web.DefaultSecurityFilterChain - Will secure Ant [pattern='/404.html'] with []
2021-03-12 21:59:07 [restartedMain] [INFO] o.s.s.web.DefaultSecurityFilterChain - Will secure Ant [pattern='/500.html'] with []
2021-03-12 21:59:07 [restartedMain] [INFO] o.s.s.web.DefaultSecurityFilterChain - Will secure Or [Ant [pattern='/oauth/token'], Ant [pattern='/oauth/token_key'], Ant [pattern='/oauth/check_token']] with [org.springframework.security.web.context.request.async.WebAsyncManagerIntegrationFilter@33baa9aa, org.springframework.security.web.context.SecurityContextPersistenceFilter@d7e553d, org.springframework.security.web.header.HeaderWriterFilter@581099e9, org.springframework.security.web.authentication.logout.LogoutFilter@178d053d, org.springframework.security.web.authentication.www.BasicAuthenticationFilter@34b8f374, org.springframework.security.web.savedrequest.RequestCacheAwareFilter@7b4407ca, org.springframework.security.web.servletapi.SecurityContextHolderAwareRequestFilter@23a551f6, org.springframework.security.web.authentication.AnonymousAuthenticationFilter@1699b82c, org.springframework.security.web.session.SessionManagementFilter@34256ad9, org.springframework.security.web.access.ExceptionTranslationFilter@1d8ab594, org.springframework.security.web.access.intercept.FilterSecurityInterceptor@6a9e677b]
2021-03-12 21:59:07 [restartedMain] [INFO] o.s.s.web.DefaultSecurityFilterChain - Will secure Or [Ant [pattern='/api/**']] with [org.springframework.security.web.context.request.async.WebAsyncManagerIntegrationFilter@1fa51db6, org.springframework.security.web.context.SecurityContextPersistenceFilter@9659aed, org.springframework.security.web.header.HeaderWriterFilter@634769a3, org.springframework.security.web.authentication.logout.LogoutFilter@7ddd7561, org.springframework.security.oauth2.provider.authentication.OAuth2AuthenticationProcessingFilter@608a2d3, org.springframework.security.web.savedrequest.RequestCacheAwareFilter@7bdb79db, org.springframework.security.web.servletapi.SecurityContextHolderAwareRequestFilter@23891d72, org.springframework.security.web.authentication.AnonymousAuthenticationFilter@2b4693be, org.springframework.security.web.session.SessionManagementFilter@6583d77b, org.springframework.security.web.access.ExceptionTranslationFilter@3a390eb4, org.springframework.security.web.access.intercept.FilterSecurityInterceptor@d6881f4]
2021-03-12 21:59:07 [restartedMain] [INFO] o.s.s.web.DefaultSecurityFilterChain - Will secure any request with [org.springframework.security.web.context.request.async.WebAsyncManagerIntegrationFilter@2ae6379c, org.springframework.security.web.context.SecurityContextPersistenceFilter@7defdf3, org.springframework.security.web.header.HeaderWriterFilter@212141fa, org.springframework.security.web.csrf.CsrfFilter@7c513646, org.springframework.security.web.authentication.logout.LogoutFilter@b8fa26c, org.springframework.security.web.authentication.UsernamePasswordAuthenticationFilter@38c1fffd, org.springframework.security.web.authentication.ui.DefaultLoginPageGeneratingFilter@1244ced4, org.springframework.security.web.authentication.ui.DefaultLogoutPageGeneratingFilter@4ab535a2, org.springframework.security.web.authentication.www.BasicAuthenticationFilter@6e10f918, org.springframework.security.web.savedrequest.RequestCacheAwareFilter@b0c5df3, org.springframework.security.web.servletapi.SecurityContextHolderAwareRequestFilter@2089f3f9, org.springframework.security.web.authentication.AnonymousAuthenticationFilter@7dbc051e, org.springframework.security.web.session.SessionManagementFilter@724816fa, org.springframework.security.web.access.ExceptionTranslationFilter@7aeed605, org.springframework.security.web.access.intercept.FilterSecurityInterceptor@68911446]
2021-03-12 21:59:07 [restartedMain] [WARN] o.t.templatemode.TemplateMode - [THYMELEAF][restartedMain] Template Mode 'LEGACYHTML5' is deprecated. Using Template Mode 'HTML' instead.
2021-03-12 21:59:07 [restartedMain] [DEBUG] o.m.s.b.a.MybatisAutoConfiguration - Not found configuration for registering mapper bean using @MapperScan, MapperFactoryBean and MapperScannerConfigurer.
2021-03-12 21:59:07 [restartedMain] [INFO] o.s.b.d.a.OptionalLiveReloadServer - LiveReload server is running on port 35729
2021-03-12 21:59:07 [restartedMain] [INFO] o.s.b.a.e.web.EndpointLinksResolver - Exposing 2 endpoint(s) beneath base path '/actuator'
2021-03-12 21:59:07 [restartedMain] [INFO] o.a.coyote.http11.Http11NioProtocol - Starting ProtocolHandler ["http-nio-8080"]
2021-03-12 21:59:07 [restartedMain] [INFO] o.s.b.w.e.tomcat.TomcatWebServer - Tomcat started on port(s): 8080 (http) with context path ''
2021-03-12 21:59:08 [RMI TCP Connection(1)-192.168.43.44] [INFO] o.a.c.c.C.[Tomcat].[localhost].[/] - Initializing Spring DispatcherServlet 'dispatcherServlet'
2021-03-12 21:59:08 [RMI TCP Connection(1)-192.168.43.44] [INFO] o.s.web.servlet.DispatcherServlet - Initializing Servlet 'dispatcherServlet'
2021-03-12 21:59:08 [RMI TCP Connection(1)-192.168.43.44] [INFO] o.s.web.servlet.DispatcherServlet - Completed initialization in 1 ms
2021-03-12 21:59:08 [RMI TCP Connection(3)-192.168.43.44] [INFO] com.zaxxer.hikari.HikariDataSource - HikariPool-1 - Starting...
2021-03-12 21:59:08 [RMI TCP Connection(3)-192.168.43.44] [INFO] com.zaxxer.hikari.HikariDataSource - HikariPool-1 - Start completed.
2021-03-12 22:22:38 [restartedMain] [INFO] o.s.b.d.restart.ChangeableUrls - The Class-Path manifest attribute in C:\Users\Eanda\.gradle\caches\modules-2\files-2.1\javax.xml\jaxb-impl\2.1\8c86d5d4eac7f89cec63432274d712ba82cd201b\jaxb-impl-2.1.jar referenced one or more files that do not exist: file:/C:/Users/Eanda/.gradle/caches/modules-2/files-2.1/javax.xml/jaxb-impl/2.1/8c86d5d4eac7f89cec63432274d712ba82cd201b/jaxb-api.jar,file:/C:/Users/Eanda/.gradle/caches/modules-2/files-2.1/javax.xml/jaxb-impl/2.1/8c86d5d4eac7f89cec63432274d712ba82cd201b/activation.jar,file:/C:/Users/Eanda/.gradle/caches/modules-2/files-2.1/javax.xml/jaxb-impl/2.1/8c86d5d4eac7f89cec63432274d712ba82cd201b/jsr173_1.0_api.jar,file:/C:/Users/Eanda/.gradle/caches/modules-2/files-2.1/javax.xml/jaxb-impl/2.1/8c86d5d4eac7f89cec63432274d712ba82cd201b/jaxb1-impl.jar
2021-03-12 22:22:38 [restartedMain] [INFO] o.s.b.d.e.DevToolsPropertyDefaultsPostProcessor - Devtools property defaults active! Set 'spring.devtools.add-properties' to 'false' to disable
2021-03-12 22:22:38 [restartedMain] [INFO] o.s.b.d.e.DevToolsPropertyDefaultsPostProcessor - For additional web related logging consider setting the 'logging.level.web' property to 'DEBUG'
2021-03-12 22:22:38 [restartedMain] [DEBUG] o.m.s.b.a.MybatisAutoConfiguration - Searching for mappers annotated with @Mapper
2021-03-12 22:22:38 [restartedMain] [DEBUG] o.m.s.b.a.MybatisAutoConfiguration - Using auto-configuration base package 'com.ecommercebackend'
2021-03-12 22:22:39 [restartedMain] [DEBUG] o.m.s.mapper.ClassPathMapperScanner - Identified candidate component class: file [E:\projects\Ecommerce\ecommerce-backend\build\classes\java\main\com\ecommercebackend\admin\dao\CategoryDao.class]
2021-03-12 22:22:39 [restartedMain] [DEBUG] o.m.s.mapper.ClassPathMapperScanner - Identified candidate component class: file [E:\projects\Ecommerce\ecommerce-backend\build\classes\java\main\com\ecommercebackend\admin\dao\EducationInfoDao.class]
2021-03-12 22:22:39 [restartedMain] [DEBUG] o.m.s.mapper.ClassPathMapperScanner - Identified candidate component class: file [E:\projects\Ecommerce\ecommerce-backend\build\classes\java\main\com\ecommercebackend\admin\dao\EmergencyContactDao.class]
2021-03-12 22:22:39 [restartedMain] [DEBUG] o.m.s.mapper.ClassPathMapperScanner - Identified candidate component class: file [E:\projects\Ecommerce\ecommerce-backend\build\classes\java\main\com\ecommercebackend\admin\dao\PersonalInfoDao.class]
2021-03-12 22:22:39 [restartedMain] [DEBUG] o.m.s.mapper.ClassPathMapperScanner - Identified candidate component class: file [E:\projects\Ecommerce\ecommerce-backend\build\classes\java\main\com\ecommercebackend\admin\dao\ProductDao.class]
2021-03-12 22:22:39 [restartedMain] [DEBUG] o.m.s.mapper.ClassPathMapperScanner - Identified candidate component class: file [E:\projects\Ecommerce\ecommerce-backend\build\classes\java\main\com\ecommercebackend\admin\dao\ResourceImageDao.class]
2021-03-12 22:22:39 [restartedMain] [DEBUG] o.m.s.mapper.ClassPathMapperScanner - Identified candidate component class: file [E:\projects\Ecommerce\ecommerce-backend\build\classes\java\main\com\ecommercebackend\admin\dao\UserDao.class]
2021-03-12 22:22:39 [restartedMain] [DEBUG] o.m.s.mapper.ClassPathMapperScanner - Identified candidate component class: file [E:\projects\Ecommerce\ecommerce-backend\build\classes\java\main\com\ecommercebackend\core\dao\DefaultAuthenticationDao.class]
2021-03-12 22:22:39 [restartedMain] [DEBUG] o.m.s.mapper.ClassPathMapperScanner - Identified candidate component class: file [E:\projects\Ecommerce\ecommerce-backend\build\classes\java\main\com\ecommercebackend\core\dao\SuccessLoginDao.class]
2021-03-12 22:22:39 [restartedMain] [DEBUG] o.m.s.mapper.ClassPathMapperScanner - Identified candidate component class: file [E:\projects\Ecommerce\ecommerce-backend\build\classes\java\main\com\ecommercebackend\web\dao\ReaderImgDao.class]
2021-03-12 22:22:39 [restartedMain] [DEBUG] o.m.s.mapper.ClassPathMapperScanner - Creating MapperFactoryBean with name 'categoryDao' and 'com.ecommercebackend.admin.dao.CategoryDao' mapperInterface
2021-03-12 22:22:39 [restartedMain] [DEBUG] o.m.s.mapper.ClassPathMapperScanner - Enabling autowire by type for MapperFactoryBean with name 'categoryDao'.
2021-03-12 22:22:39 [restartedMain] [DEBUG] o.m.s.mapper.ClassPathMapperScanner - Creating MapperFactoryBean with name 'educationInfoDao' and 'com.ecommercebackend.admin.dao.EducationInfoDao' mapperInterface
2021-03-12 22:22:39 [restartedMain] [DEBUG] o.m.s.mapper.ClassPathMapperScanner - Enabling autowire by type for MapperFactoryBean with name 'educationInfoDao'.
2021-03-12 22:22:39 [restartedMain] [DEBUG] o.m.s.mapper.ClassPathMapperScanner - Creating MapperFactoryBean with name 'emergencyContactDao' and 'com.ecommercebackend.admin.dao.EmergencyContactDao' mapperInterface
2021-03-12 22:22:39 [restartedMain] [DEBUG] o.m.s.mapper.ClassPathMapperScanner - Enabling autowire by type for MapperFactoryBean with name 'emergencyContactDao'.
2021-03-12 22:22:39 [restartedMain] [DEBUG] o.m.s.mapper.ClassPathMapperScanner - Creating MapperFactoryBean with name 'personalInfoDao' and 'com.ecommercebackend.admin.dao.PersonalInfoDao' mapperInterface
2021-03-12 22:22:39 [restartedMain] [DEBUG] o.m.s.mapper.ClassPathMapperScanner - Enabling autowire by type for MapperFactoryBean with name 'personalInfoDao'.
2021-03-12 22:22:39 [restartedMain] [DEBUG] o.m.s.mapper.ClassPathMapperScanner - Creating MapperFactoryBean with name 'productDao' and 'com.ecommercebackend.admin.dao.ProductDao' mapperInterface
2021-03-12 22:22:39 [restartedMain] [DEBUG] o.m.s.mapper.ClassPathMapperScanner - Enabling autowire by type for MapperFactoryBean with name 'productDao'.
2021-03-12 22:22:39 [restartedMain] [DEBUG] o.m.s.mapper.ClassPathMapperScanner - Creating MapperFactoryBean with name 'resourceImageDao' and 'com.ecommercebackend.admin.dao.ResourceImageDao' mapperInterface
2021-03-12 22:22:39 [restartedMain] [DEBUG] o.m.s.mapper.ClassPathMapperScanner - Enabling autowire by type for MapperFactoryBean with name 'resourceImageDao'.
2021-03-12 22:22:39 [restartedMain] [DEBUG] o.m.s.mapper.ClassPathMapperScanner - Creating MapperFactoryBean with name 'userDao' and 'com.ecommercebackend.admin.dao.UserDao' mapperInterface
2021-03-12 22:22:39 [restartedMain] [DEBUG] o.m.s.mapper.ClassPathMapperScanner - Enabling autowire by type for MapperFactoryBean with name 'userDao'.
2021-03-12 22:22:39 [restartedMain] [DEBUG] o.m.s.mapper.ClassPathMapperScanner - Creating MapperFactoryBean with name 'defaultAuthenticationDao' and 'com.ecommercebackend.core.dao.DefaultAuthenticationDao' mapperInterface
2021-03-12 22:22:39 [restartedMain] [DEBUG] o.m.s.mapper.ClassPathMapperScanner - Enabling autowire by type for MapperFactoryBean with name 'defaultAuthenticationDao'.
2021-03-12 22:22:39 [restartedMain] [DEBUG] o.m.s.mapper.ClassPathMapperScanner - Creating MapperFactoryBean with name 'successLoginDao' and 'com.ecommercebackend.core.dao.SuccessLoginDao' mapperInterface
2021-03-12 22:22:39 [restartedMain] [DEBUG] o.m.s.mapper.ClassPathMapperScanner - Enabling autowire by type for MapperFactoryBean with name 'successLoginDao'.
2021-03-12 22:22:39 [restartedMain] [DEBUG] o.m.s.mapper.ClassPathMapperScanner - Creating MapperFactoryBean with name 'readerImgDao' and 'com.ecommercebackend.web.dao.ReaderImgDao' mapperInterface
2021-03-12 22:22:39 [restartedMain] [DEBUG] o.m.s.mapper.ClassPathMapperScanner - Enabling autowire by type for MapperFactoryBean with name 'readerImgDao'.
2021-03-12 22:22:39 [restartedMain] [INFO] o.s.c.s.PostProcessorRegistrationDelegate$BeanPostProcessorChecker - Bean 'org.springframework.ws.config.annotation.DelegatingWsConfiguration' of type [org.springframework.ws.config.annotation.DelegatingWsConfiguration$$EnhancerBySpringCGLIB$$1b381898] is not eligible for getting processed by all BeanPostProcessors (for example: not eligible for auto-proxying)
2021-03-12 22:22:39 [restartedMain] [INFO] o.s.w.s.a.s.AnnotationActionEndpointMapping - Supporting [WS-Addressing August 2004, WS-Addressing 1.0]
2021-03-12 22:22:39 [restartedMain] [INFO] o.s.c.s.PostProcessorRegistrationDelegate$BeanPostProcessorChecker - Bean 'org.springframework.security.access.expression.method.DefaultMethodSecurityExpressionHandler@770fd8ff' of type [org.springframework.security.access.expression.method.DefaultMethodSecurityExpressionHandler] is not eligible for getting processed by all BeanPostProcessors (for example: not eligible for auto-proxying)
2021-03-12 22:22:39 [restartedMain] [INFO] o.s.c.s.PostProcessorRegistrationDelegate$BeanPostProcessorChecker - Bean 'methodSecurityMetadataSource' of type [org.springframework.security.access.method.DelegatingMethodSecurityMetadataSource] is not eligible for getting processed by all BeanPostProcessors (for example: not eligible for auto-proxying)
2021-03-12 22:22:39 [restartedMain] [INFO] o.s.b.w.e.tomcat.TomcatWebServer - Tomcat initialized with port(s): 8080 (http)
2021-03-12 22:22:39 [restartedMain] [INFO] o.a.coyote.http11.Http11NioProtocol - Initializing ProtocolHandler ["http-nio-8080"]
2021-03-12 22:22:39 [restartedMain] [INFO] o.a.catalina.core.StandardService - Starting service [Tomcat]
2021-03-12 22:22:39 [restartedMain] [INFO] o.a.catalina.core.StandardEngine - Starting Servlet engine: [Apache Tomcat/9.0.41]
2021-03-12 22:22:39 [restartedMain] [INFO] o.a.c.c.C.[Tomcat].[localhost].[/] - Initializing Spring embedded WebApplicationContext
2021-03-12 22:22:39 [restartedMain] [INFO] o.s.b.w.s.c.ServletWebServerApplicationContext - Root WebApplicationContext: initialization completed in 1344 ms
2021-03-12 22:22:39 [restartedMain] [DEBUG] o.m.spring.SqlSessionFactoryBean - Parsed configuration file: 'class path resource [mybatis/mybatis_config.xml]'
2021-03-12 22:22:39 [restartedMain] [DEBUG] o.m.spring.SqlSessionFactoryBean - Parsed mapper file: 'file [E:\projects\Ecommerce\ecommerce-backend\build\resources\main\mybatis\mapper\admin\categoryDai.xml]'
2021-03-12 22:22:39 [restartedMain] [DEBUG] o.m.spring.SqlSessionFactoryBean - Parsed mapper file: 'file [E:\projects\Ecommerce\ecommerce-backend\build\resources\main\mybatis\mapper\admin\educationInfoDao.xml]'
2021-03-12 22:22:39 [restartedMain] [DEBUG] o.m.spring.SqlSessionFactoryBean - Parsed mapper file: 'file [E:\projects\Ecommerce\ecommerce-backend\build\resources\main\mybatis\mapper\admin\emergencyContactDao.xml]'
2021-03-12 22:22:39 [restartedMain] [DEBUG] o.m.spring.SqlSessionFactoryBean - Parsed mapper file: 'file [E:\projects\Ecommerce\ecommerce-backend\build\resources\main\mybatis\mapper\admin\personalInfoDao.xml]'
2021-03-12 22:22:39 [restartedMain] [DEBUG] o.m.spring.SqlSessionFactoryBean - Parsed mapper file: 'file [E:\projects\Ecommerce\ecommerce-backend\build\resources\main\mybatis\mapper\admin\productDao.xml]'
2021-03-12 22:22:39 [restartedMain] [DEBUG] o.m.spring.SqlSessionFactoryBean - Parsed mapper file: 'file [E:\projects\Ecommerce\ecommerce-backend\build\resources\main\mybatis\mapper\admin\resourceImageDao.xml]'
2021-03-12 22:22:39 [restartedMain] [DEBUG] o.m.spring.SqlSessionFactoryBean - Parsed mapper file: 'file [E:\projects\Ecommerce\ecommerce-backend\build\resources\main\mybatis\mapper\admin\userDao.xml]'
2021-03-12 22:22:39 [restartedMain] [DEBUG] o.m.spring.SqlSessionFactoryBean - Parsed mapper file: 'file [E:\projects\Ecommerce\ecommerce-backend\build\resources\main\mybatis\mapper\core\SuccessLogin.xml]'
2021-03-12 22:22:39 [restartedMain] [DEBUG] o.m.spring.SqlSessionFactoryBean - Parsed mapper file: 'file [E:\projects\Ecommerce\ecommerce-backend\build\resources\main\mybatis\mapper\core\defaultAuthenticationDao.xml]'
2021-03-12 22:22:39 [restartedMain] [DEBUG] o.m.spring.SqlSessionFactoryBean - Parsed mapper file: 'file [E:\projects\Ecommerce\ecommerce-backend\build\resources\main\mybatis\mapper\web\readerImgDao.xml]'
2021-03-12 22:22:39 [restartedMain] [INFO] o.s.s.c.ThreadPoolTaskExecutor - Initializing ExecutorService
2021-03-12 22:22:39 [restartedMain] [INFO] o.s.s.c.ThreadPoolTaskExecutor - Initializing ExecutorService 'asyncExecutor'
2021-03-12 22:22:40 [restartedMain] [INFO] o.s.s.web.DefaultSecurityFilterChain - Will secure Ant [pattern='/api/web/**'] with []
2021-03-12 22:22:40 [restartedMain] [INFO] o.s.s.web.DefaultSecurityFilterChain - Will secure Ant [pattern='/api/mobile/**'] with []
2021-03-12 22:22:40 [restartedMain] [INFO] o.s.s.web.DefaultSecurityFilterChain - Will secure Ant [pattern='/401.html'] with []
2021-03-12 22:22:40 [restartedMain] [INFO] o.s.s.web.DefaultSecurityFilterChain - Will secure Ant [pattern='/404.html'] with []
2021-03-12 22:22:40 [restartedMain] [INFO] o.s.s.web.DefaultSecurityFilterChain - Will secure Ant [pattern='/500.html'] with []
2021-03-12 22:22:40 [restartedMain] [INFO] o.s.s.web.DefaultSecurityFilterChain - Will secure Or [Ant [pattern='/oauth/token'], Ant [pattern='/oauth/token_key'], Ant [pattern='/oauth/check_token']] with [org.springframework.security.web.context.request.async.WebAsyncManagerIntegrationFilter@1283ac7b, org.springframework.security.web.context.SecurityContextPersistenceFilter@430b63b5, org.springframework.security.web.header.HeaderWriterFilter@3b1c9471, org.springframework.security.web.authentication.logout.LogoutFilter@f115d5d, org.springframework.security.web.authentication.www.BasicAuthenticationFilter@33103edb, org.springframework.security.web.savedrequest.RequestCacheAwareFilter@42955fc8, org.springframework.security.web.servletapi.SecurityContextHolderAwareRequestFilter@718cbf86, org.springframework.security.web.authentication.AnonymousAuthenticationFilter@138708f2, org.springframework.security.web.session.SessionManagementFilter@6c39f1c4, org.springframework.security.web.access.ExceptionTranslationFilter@76b9f241, org.springframework.security.web.access.intercept.FilterSecurityInterceptor@ced1fa5]
2021-03-12 22:22:40 [restartedMain] [INFO] o.s.s.web.DefaultSecurityFilterChain - Will secure Or [Ant [pattern='/api/**']] with [org.springframework.security.web.context.request.async.WebAsyncManagerIntegrationFilter@76952446, org.springframework.security.web.context.SecurityContextPersistenceFilter@2979f29, org.springframework.security.web.header.HeaderWriterFilter@c14b7a6, org.springframework.security.web.authentication.logout.LogoutFilter@4d93ce68, org.springframework.security.oauth2.provider.authentication.OAuth2AuthenticationProcessingFilter@3c6d7b87, org.springframework.security.web.savedrequest.RequestCacheAwareFilter@15c0750a, org.springframework.security.web.servletapi.SecurityContextHolderAwareRequestFilter@3cc04993, org.springframework.security.web.authentication.AnonymousAuthenticationFilter@45985e71, org.springframework.security.web.session.SessionManagementFilter@6b948b0e, org.springframework.security.web.access.ExceptionTranslationFilter@52f25b, org.springframework.security.web.access.intercept.FilterSecurityInterceptor@a46ac36]
2021-03-12 22:22:40 [restartedMain] [INFO] o.s.s.web.DefaultSecurityFilterChain - Will secure any request with [org.springframework.security.web.context.request.async.WebAsyncManagerIntegrationFilter@7de03e9f, org.springframework.security.web.context.SecurityContextPersistenceFilter@2831d5c0, org.springframework.security.web.header.HeaderWriterFilter@22424332, org.springframework.security.web.csrf.CsrfFilter@41cd359f, org.springframework.security.web.authentication.logout.LogoutFilter@51891ad7, org.springframework.security.web.authentication.UsernamePasswordAuthenticationFilter@62103991, org.springframework.security.web.authentication.ui.DefaultLoginPageGeneratingFilter@74ac2e8c, org.springframework.security.web.authentication.ui.DefaultLogoutPageGeneratingFilter@1c88d54a, org.springframework.security.web.authentication.www.BasicAuthenticationFilter@3259dc63, org.springframework.security.web.savedrequest.RequestCacheAwareFilter@73085fc, org.springframework.security.web.servletapi.SecurityContextHolderAwareRequestFilter@375b0dfb, org.springframework.security.web.authentication.AnonymousAuthenticationFilter@7fb7abfb, org.springframework.security.web.session.SessionManagementFilter@f8798d, org.springframework.security.web.access.ExceptionTranslationFilter@2cb063d1, org.springframework.security.web.access.intercept.FilterSecurityInterceptor@4be55d94]
2021-03-12 22:22:40 [restartedMain] [WARN] o.t.templatemode.TemplateMode - [THYMELEAF][restartedMain] Template Mode 'LEGACYHTML5' is deprecated. Using Template Mode 'HTML' instead.
2021-03-12 22:22:40 [restartedMain] [DEBUG] o.m.s.b.a.MybatisAutoConfiguration - Not found configuration for registering mapper bean using @MapperScan, MapperFactoryBean and MapperScannerConfigurer.
2021-03-12 22:22:40 [restartedMain] [INFO] o.s.b.d.a.OptionalLiveReloadServer - LiveReload server is running on port 35729
2021-03-12 22:22:40 [restartedMain] [INFO] o.s.b.a.e.web.EndpointLinksResolver - Exposing 2 endpoint(s) beneath base path '/actuator'
2021-03-12 22:22:40 [restartedMain] [INFO] o.a.coyote.http11.Http11NioProtocol - Starting ProtocolHandler ["http-nio-8080"]
2021-03-12 22:22:40 [restartedMain] [INFO] o.s.b.w.e.tomcat.TomcatWebServer - Tomcat started on port(s): 8080 (http) with context path ''
2021-03-12 22:22:41 [RMI TCP Connection(3)-192.168.43.44] [INFO] o.a.c.c.C.[Tomcat].[localhost].[/] - Initializing Spring DispatcherServlet 'dispatcherServlet'
2021-03-12 22:22:41 [RMI TCP Connection(3)-192.168.43.44] [INFO] o.s.web.servlet.DispatcherServlet - Initializing Servlet 'dispatcherServlet'
2021-03-12 22:22:41 [RMI TCP Connection(4)-192.168.43.44] [INFO] com.zaxxer.hikari.HikariDataSource - HikariPool-1 - Starting...
2021-03-12 22:22:41 [RMI TCP Connection(3)-192.168.43.44] [INFO] o.s.web.servlet.DispatcherServlet - Completed initialization in 1 ms
2021-03-12 22:22:41 [RMI TCP Connection(4)-192.168.43.44] [INFO] com.zaxxer.hikari.HikariDataSource - HikariPool-1 - Start completed.
2021-03-12 22:35:56 [restartedMain] [INFO] o.s.b.d.restart.ChangeableUrls - The Class-Path manifest attribute in C:\Users\Eanda\.gradle\caches\modules-2\files-2.1\javax.xml\jaxb-impl\2.1\8c86d5d4eac7f89cec63432274d712ba82cd201b\jaxb-impl-2.1.jar referenced one or more files that do not exist: file:/C:/Users/Eanda/.gradle/caches/modules-2/files-2.1/javax.xml/jaxb-impl/2.1/8c86d5d4eac7f89cec63432274d712ba82cd201b/jaxb-api.jar,file:/C:/Users/Eanda/.gradle/caches/modules-2/files-2.1/javax.xml/jaxb-impl/2.1/8c86d5d4eac7f89cec63432274d712ba82cd201b/activation.jar,file:/C:/Users/Eanda/.gradle/caches/modules-2/files-2.1/javax.xml/jaxb-impl/2.1/8c86d5d4eac7f89cec63432274d712ba82cd201b/jsr173_1.0_api.jar,file:/C:/Users/Eanda/.gradle/caches/modules-2/files-2.1/javax.xml/jaxb-impl/2.1/8c86d5d4eac7f89cec63432274d712ba82cd201b/jaxb1-impl.jar
2021-03-12 22:35:56 [restartedMain] [INFO] o.s.b.d.e.DevToolsPropertyDefaultsPostProcessor - Devtools property defaults active! Set 'spring.devtools.add-properties' to 'false' to disable
2021-03-12 22:35:56 [restartedMain] [INFO] o.s.b.d.e.DevToolsPropertyDefaultsPostProcessor - For additional web related logging consider setting the 'logging.level.web' property to 'DEBUG'
2021-03-12 22:35:56 [restartedMain] [DEBUG] o.m.s.b.a.MybatisAutoConfiguration - Searching for mappers annotated with @Mapper
2021-03-12 22:35:56 [restartedMain] [DEBUG] o.m.s.b.a.MybatisAutoConfiguration - Using auto-configuration base package 'com.ecommercebackend'
2021-03-12 22:35:57 [restartedMain] [DEBUG] o.m.s.mapper.ClassPathMapperScanner - Identified candidate component class: file [E:\projects\Ecommerce\ecommerce-backend\build\classes\java\main\com\ecommercebackend\admin\dao\CategoryDao.class]
2021-03-12 22:35:57 [restartedMain] [DEBUG] o.m.s.mapper.ClassPathMapperScanner - Identified candidate component class: file [E:\projects\Ecommerce\ecommerce-backend\build\classes\java\main\com\ecommercebackend\admin\dao\EducationInfoDao.class]
2021-03-12 22:35:57 [restartedMain] [DEBUG] o.m.s.mapper.ClassPathMapperScanner - Identified candidate component class: file [E:\projects\Ecommerce\ecommerce-backend\build\classes\java\main\com\ecommercebackend\admin\dao\EmergencyContactDao.class]
2021-03-12 22:35:57 [restartedMain] [DEBUG] o.m.s.mapper.ClassPathMapperScanner - Identified candidate component class: file [E:\projects\Ecommerce\ecommerce-backend\build\classes\java\main\com\ecommercebackend\admin\dao\PersonalInfoDao.class]
2021-03-12 22:35:57 [restartedMain] [DEBUG] o.m.s.mapper.ClassPathMapperScanner - Identified candidate component class: file [E:\projects\Ecommerce\ecommerce-backend\build\classes\java\main\com\ecommercebackend\admin\dao\ProductDao.class]
2021-03-12 22:35:57 [restartedMain] [DEBUG] o.m.s.mapper.ClassPathMapperScanner - Identified candidate component class: file [E:\projects\Ecommerce\ecommerce-backend\build\classes\java\main\com\ecommercebackend\admin\dao\ResourceImageDao.class]
2021-03-12 22:35:57 [restartedMain] [DEBUG] o.m.s.mapper.ClassPathMapperScanner - Identified candidate component class: file [E:\projects\Ecommerce\ecommerce-backend\build\classes\java\main\com\ecommercebackend\admin\dao\UserDao.class]
2021-03-12 22:35:57 [restartedMain] [DEBUG] o.m.s.mapper.ClassPathMapperScanner - Identified candidate component class: file [E:\projects\Ecommerce\ecommerce-backend\build\classes\java\main\com\ecommercebackend\core\dao\DefaultAuthenticationDao.class]
2021-03-12 22:35:57 [restartedMain] [DEBUG] o.m.s.mapper.ClassPathMapperScanner - Identified candidate component class: file [E:\projects\Ecommerce\ecommerce-backend\build\classes\java\main\com\ecommercebackend\core\dao\SuccessLoginDao.class]
2021-03-12 22:35:57 [restartedMain] [DEBUG] o.m.s.mapper.ClassPathMapperScanner - Identified candidate component class: file [E:\projects\Ecommerce\ecommerce-backend\build\classes\java\main\com\ecommercebackend\web\dao\ReaderImgDao.class]
2021-03-12 22:35:57 [restartedMain] [DEBUG] o.m.s.mapper.ClassPathMapperScanner - Creating MapperFactoryBean with name 'categoryDao' and 'com.ecommercebackend.admin.dao.CategoryDao' mapperInterface
2021-03-12 22:35:57 [restartedMain] [DEBUG] o.m.s.mapper.ClassPathMapperScanner - Enabling autowire by type for MapperFactoryBean with name 'categoryDao'.
2021-03-12 22:35:57 [restartedMain] [DEBUG] o.m.s.mapper.ClassPathMapperScanner - Creating MapperFactoryBean with name 'educationInfoDao' and 'com.ecommercebackend.admin.dao.EducationInfoDao' mapperInterface
2021-03-12 22:35:57 [restartedMain] [DEBUG] o.m.s.mapper.ClassPathMapperScanner - Enabling autowire by type for MapperFactoryBean with name 'educationInfoDao'.
2021-03-12 22:35:57 [restartedMain] [DEBUG] o.m.s.mapper.ClassPathMapperScanner - Creating MapperFactoryBean with name 'emergencyContactDao' and 'com.ecommercebackend.admin.dao.EmergencyContactDao' mapperInterface
2021-03-12 22:35:57 [restartedMain] [DEBUG] o.m.s.mapper.ClassPathMapperScanner - Enabling autowire by type for MapperFactoryBean with name 'emergencyContactDao'.
2021-03-12 22:35:57 [restartedMain] [DEBUG] o.m.s.mapper.ClassPathMapperScanner - Creating MapperFactoryBean with name 'personalInfoDao' and 'com.ecommercebackend.admin.dao.PersonalInfoDao' mapperInterface
2021-03-12 22:35:57 [restartedMain] [DEBUG] o.m.s.mapper.ClassPathMapperScanner - Enabling autowire by type for MapperFactoryBean with name 'personalInfoDao'.
2021-03-12 22:35:57 [restartedMain] [DEBUG] o.m.s.mapper.ClassPathMapperScanner - Creating MapperFactoryBean with name 'productDao' and 'com.ecommercebackend.admin.dao.ProductDao' mapperInterface
2021-03-12 22:35:57 [restartedMain] [DEBUG] o.m.s.mapper.ClassPathMapperScanner - Enabling autowire by type for MapperFactoryBean with name 'productDao'.
2021-03-12 22:35:57 [restartedMain] [DEBUG] o.m.s.mapper.ClassPathMapperScanner - Creating MapperFactoryBean with name 'resourceImageDao' and 'com.ecommercebackend.admin.dao.ResourceImageDao' mapperInterface
2021-03-12 22:35:57 [restartedMain] [DEBUG] o.m.s.mapper.ClassPathMapperScanner - Enabling autowire by type for MapperFactoryBean with name 'resourceImageDao'.
2021-03-12 22:35:57 [restartedMain] [DEBUG] o.m.s.mapper.ClassPathMapperScanner - Creating MapperFactoryBean with name 'userDao' and 'com.ecommercebackend.admin.dao.UserDao' mapperInterface
2021-03-12 22:35:57 [restartedMain] [DEBUG] o.m.s.mapper.ClassPathMapperScanner - Enabling autowire by type for MapperFactoryBean with name 'userDao'.
2021-03-12 22:35:57 [restartedMain] [DEBUG] o.m.s.mapper.ClassPathMapperScanner - Creating MapperFactoryBean with name 'defaultAuthenticationDao' and 'com.ecommercebackend.core.dao.DefaultAuthenticationDao' mapperInterface
2021-03-12 22:35:57 [restartedMain] [DEBUG] o.m.s.mapper.ClassPathMapperScanner - Enabling autowire by type for MapperFactoryBean with name 'defaultAuthenticationDao'.
2021-03-12 22:35:57 [restartedMain] [DEBUG] o.m.s.mapper.ClassPathMapperScanner - Creating MapperFactoryBean with name 'successLoginDao' and 'com.ecommercebackend.core.dao.SuccessLoginDao' mapperInterface
2021-03-12 22:35:57 [restartedMain] [DEBUG] o.m.s.mapper.ClassPathMapperScanner - Enabling autowire by type for MapperFactoryBean with name 'successLoginDao'.
2021-03-12 22:35:57 [restartedMain] [DEBUG] o.m.s.mapper.ClassPathMapperScanner - Creating MapperFactoryBean with name 'readerImgDao' and 'com.ecommercebackend.web.dao.ReaderImgDao' mapperInterface
2021-03-12 22:35:57 [restartedMain] [DEBUG] o.m.s.mapper.ClassPathMapperScanner - Enabling autowire by type for MapperFactoryBean with name 'readerImgDao'.
2021-03-12 22:35:57 [restartedMain] [INFO] o.s.c.s.PostProcessorRegistrationDelegate$BeanPostProcessorChecker - Bean 'org.springframework.ws.config.annotation.DelegatingWsConfiguration' of type [org.springframework.ws.config.annotation.DelegatingWsConfiguration$$EnhancerBySpringCGLIB$$361097e] is not eligible for getting processed by all BeanPostProcessors (for example: not eligible for auto-proxying)
2021-03-12 22:35:57 [restartedMain] [INFO] o.s.w.s.a.s.AnnotationActionEndpointMapping - Supporting [WS-Addressing August 2004, WS-Addressing 1.0]
2021-03-12 22:35:57 [restartedMain] [INFO] o.s.c.s.PostProcessorRegistrationDelegate$BeanPostProcessorChecker - Bean 'org.springframework.security.access.expression.method.DefaultMethodSecurityExpressionHandler@231ed3d5' of type [org.springframework.security.access.expression.method.DefaultMethodSecurityExpressionHandler] is not eligible for getting processed by all BeanPostProcessors (for example: not eligible for auto-proxying)
2021-03-12 22:35:57 [restartedMain] [INFO] o.s.c.s.PostProcessorRegistrationDelegate$BeanPostProcessorChecker - Bean 'methodSecurityMetadataSource' of type [org.springframework.security.access.method.DelegatingMethodSecurityMetadataSource] is not eligible for getting processed by all BeanPostProcessors (for example: not eligible for auto-proxying)
2021-03-12 22:35:57 [restartedMain] [INFO] o.s.b.w.e.tomcat.TomcatWebServer - Tomcat initialized with port(s): 8080 (http)
2021-03-12 22:35:57 [restartedMain] [INFO] o.a.coyote.http11.Http11NioProtocol - Initializing ProtocolHandler ["http-nio-8080"]
2021-03-12 22:35:57 [restartedMain] [INFO] o.a.catalina.core.StandardService - Starting service [Tomcat]
2021-03-12 22:35:57 [restartedMain] [INFO] o.a.catalina.core.StandardEngine - Starting Servlet engine: [Apache Tomcat/9.0.41]
2021-03-12 22:35:57 [restartedMain] [INFO] o.a.c.c.C.[Tomcat].[localhost].[/] - Initializing Spring embedded WebApplicationContext
2021-03-12 22:35:57 [restartedMain] [INFO] o.s.b.w.s.c.ServletWebServerApplicationContext - Root WebApplicationContext: initialization completed in 1306 ms
2021-03-12 22:35:57 [restartedMain] [DEBUG] o.m.spring.SqlSessionFactoryBean - Parsed configuration file: 'class path resource [mybatis/mybatis_config.xml]'
2021-03-12 22:35:57 [restartedMain] [DEBUG] o.m.spring.SqlSessionFactoryBean - Parsed mapper file: 'file [E:\projects\Ecommerce\ecommerce-backend\build\resources\main\mybatis\mapper\admin\categoryDai.xml]'
2021-03-12 22:35:57 [restartedMain] [DEBUG] o.m.spring.SqlSessionFactoryBean - Parsed mapper file: 'file [E:\projects\Ecommerce\ecommerce-backend\build\resources\main\mybatis\mapper\admin\educationInfoDao.xml]'
2021-03-12 22:35:57 [restartedMain] [DEBUG] o.m.spring.SqlSessionFactoryBean - Parsed mapper file: 'file [E:\projects\Ecommerce\ecommerce-backend\build\resources\main\mybatis\mapper\admin\emergencyContactDao.xml]'
2021-03-12 22:35:57 [restartedMain] [DEBUG] o.m.spring.SqlSessionFactoryBean - Parsed mapper file: 'file [E:\projects\Ecommerce\ecommerce-backend\build\resources\main\mybatis\mapper\admin\personalInfoDao.xml]'
2021-03-12 22:35:57 [restartedMain] [DEBUG] o.m.spring.SqlSessionFactoryBean - Parsed mapper file: 'file [E:\projects\Ecommerce\ecommerce-backend\build\resources\main\mybatis\mapper\admin\productDao.xml]'
2021-03-12 22:35:57 [restartedMain] [DEBUG] o.m.spring.SqlSessionFactoryBean - Parsed mapper file: 'file [E:\projects\Ecommerce\ecommerce-backend\build\resources\main\mybatis\mapper\admin\resourceImageDao.xml]'
2021-03-12 22:35:57 [restartedMain] [DEBUG] o.m.spring.SqlSessionFactoryBean - Parsed mapper file: 'file [E:\projects\Ecommerce\ecommerce-backend\build\resources\main\mybatis\mapper\admin\userDao.xml]'
2021-03-12 22:35:57 [restartedMain] [DEBUG] o.m.spring.SqlSessionFactoryBean - Parsed mapper file: 'file [E:\projects\Ecommerce\ecommerce-backend\build\resources\main\mybatis\mapper\core\SuccessLogin.xml]'
2021-03-12 22:35:57 [restartedMain] [DEBUG] o.m.spring.SqlSessionFactoryBean - Parsed mapper file: 'file [E:\projects\Ecommerce\ecommerce-backend\build\resources\main\mybatis\mapper\core\defaultAuthenticationDao.xml]'
2021-03-12 22:35:57 [restartedMain] [DEBUG] o.m.spring.SqlSessionFactoryBean - Parsed mapper file: 'file [E:\projects\Ecommerce\ecommerce-backend\build\resources\main\mybatis\mapper\web\readerImgDao.xml]'
2021-03-12 22:35:58 [restartedMain] [INFO] o.s.s.c.ThreadPoolTaskExecutor - Initializing ExecutorService
2021-03-12 22:35:58 [restartedMain] [INFO] o.s.s.c.ThreadPoolTaskExecutor - Initializing ExecutorService 'asyncExecutor'
2021-03-12 22:35:58 [restartedMain] [INFO] o.s.s.web.DefaultSecurityFilterChain - Will secure Ant [pattern='/api/web/**'] with []
2021-03-12 22:35:58 [restartedMain] [INFO] o.s.s.web.DefaultSecurityFilterChain - Will secure Ant [pattern='/api/mobile/**'] with []
2021-03-12 22:35:58 [restartedMain] [INFO] o.s.s.web.DefaultSecurityFilterChain - Will secure Ant [pattern='/401.html'] with []
2021-03-12 22:35:58 [restartedMain] [INFO] o.s.s.web.DefaultSecurityFilterChain - Will secure Ant [pattern='/404.html'] with []
2021-03-12 22:35:58 [restartedMain] [INFO] o.s.s.web.DefaultSecurityFilterChain - Will secure Ant [pattern='/500.html'] with []
2021-03-12 22:35:58 [restartedMain] [INFO] o.s.s.web.DefaultSecurityFilterChain - Will secure Or [Ant [pattern='/oauth/token'], Ant [pattern='/oauth/token_key'], Ant [pattern='/oauth/check_token']] with [org.springframework.security.web.context.request.async.WebAsyncManagerIntegrationFilter@5b267da8, org.springframework.security.web.context.SecurityContextPersistenceFilter@40c15386, org.springframework.security.web.header.HeaderWriterFilter@62a9a98e, org.springframework.security.web.authentication.logout.LogoutFilter@1e36ab17, org.springframework.security.web.authentication.www.BasicAuthenticationFilter@2458c5bc, org.springframework.security.web.savedrequest.RequestCacheAwareFilter@3f52ae24, org.springframework.security.web.servletapi.SecurityContextHolderAwareRequestFilter@1bf4bbda, org.springframework.security.web.authentication.AnonymousAuthenticationFilter@631f52a2, org.springframework.security.web.session.SessionManagementFilter@7947b3dd, org.springframework.security.web.access.ExceptionTranslationFilter@14f08ea6, org.springframework.security.web.access.intercept.FilterSecurityInterceptor@4e171ef8]
2021-03-12 22:35:58 [restartedMain] [INFO] o.s.s.web.DefaultSecurityFilterChain - Will secure Or [Ant [pattern='/api/**']] with [org.springframework.security.web.context.request.async.WebAsyncManagerIntegrationFilter@57302223, org.springframework.security.web.context.SecurityContextPersistenceFilter@5ffd8e8e, org.springframework.security.web.header.HeaderWriterFilter@5e7d7bc1, org.springframework.security.web.authentication.logout.LogoutFilter@fa32a22, org.springframework.security.oauth2.provider.authentication.OAuth2AuthenticationProcessingFilter@559d34e1, org.springframework.security.web.savedrequest.RequestCacheAwareFilter@5b77cf77, org.springframework.security.web.servletapi.SecurityContextHolderAwareRequestFilter@6e6114ab, org.springframework.security.web.authentication.AnonymousAuthenticationFilter@192eddb7, org.springframework.security.web.session.SessionManagementFilter@76a491df, org.springframework.security.web.access.ExceptionTranslationFilter@622cc452, org.springframework.security.web.access.intercept.FilterSecurityInterceptor@16ec09a3]
2021-03-12 22:35:58 [restartedMain] [INFO] o.s.s.web.DefaultSecurityFilterChain - Will secure any request with [org.springframework.security.web.context.request.async.WebAsyncManagerIntegrationFilter@62dd1a90, org.springframework.security.web.context.SecurityContextPersistenceFilter@cef9bfb, org.springframework.security.web.header.HeaderWriterFilter@45765c44, org.springframework.security.web.csrf.CsrfFilter@164fd2a9, org.springframework.security.web.authentication.logout.LogoutFilter@36a8aae1, org.springframework.security.web.authentication.UsernamePasswordAuthenticationFilter@30447e0, org.springframework.security.web.authentication.ui.DefaultLoginPageGeneratingFilter@6e293706, org.springframework.security.web.authentication.ui.DefaultLogoutPageGeneratingFilter@746d932d, org.springframework.security.web.authentication.www.BasicAuthenticationFilter@659f559d, org.springframework.security.web.savedrequest.RequestCacheAwareFilter@13a779de, org.springframework.security.web.servletapi.SecurityContextHolderAwareRequestFilter@64c48392, org.springframework.security.web.authentication.AnonymousAuthenticationFilter@5577e107, org.springframework.security.web.session.SessionManagementFilter@64ddc753, org.springframework.security.web.access.ExceptionTranslationFilter@573548c, org.springframework.security.web.access.intercept.FilterSecurityInterceptor@76fc1b55]
2021-03-12 22:35:58 [restartedMain] [WARN] o.t.templatemode.TemplateMode - [THYMELEAF][restartedMain] Template Mode 'LEGACYHTML5' is deprecated. Using Template Mode 'HTML' instead.
2021-03-12 22:35:58 [restartedMain] [DEBUG] o.m.s.b.a.MybatisAutoConfiguration - Not found configuration for registering mapper bean using @MapperScan, MapperFactoryBean and MapperScannerConfigurer.
2021-03-12 22:35:58 [restartedMain] [INFO] o.s.b.d.a.OptionalLiveReloadServer - LiveReload server is running on port 35729
2021-03-12 22:35:58 [restartedMain] [INFO] o.s.b.a.e.web.EndpointLinksResolver - Exposing 2 endpoint(s) beneath base path '/actuator'
2021-03-12 22:35:58 [restartedMain] [INFO] o.a.coyote.http11.Http11NioProtocol - Starting ProtocolHandler ["http-nio-8080"]
2021-03-12 22:35:58 [restartedMain] [INFO] o.s.b.w.e.tomcat.TomcatWebServer - Tomcat started on port(s): 8080 (http) with context path ''
2021-03-12 22:35:59 [RMI TCP Connection(4)-192.168.43.44] [INFO] o.a.c.c.C.[Tomcat].[localhost].[/] - Initializing Spring DispatcherServlet 'dispatcherServlet'
2021-03-12 22:35:59 [RMI TCP Connection(4)-192.168.43.44] [INFO] o.s.web.servlet.DispatcherServlet - Initializing Servlet 'dispatcherServlet'
2021-03-12 22:35:59 [RMI TCP Connection(3)-192.168.43.44] [INFO] com.zaxxer.hikari.HikariDataSource - HikariPool-1 - Starting...
2021-03-12 22:35:59 [RMI TCP Connection(4)-192.168.43.44] [INFO] o.s.web.servlet.DispatcherServlet - Completed initialization in 2 ms
2021-03-12 22:35:59 [RMI TCP Connection(3)-192.168.43.44] [INFO] com.zaxxer.hikari.HikariDataSource - HikariPool-1 - Start completed.
