12-03-2021 21:59:04.653 [restartedMain] INFO  c.e.EcommerceBackendApplication.logStarting - Starting EcommerceBackendApplication using Java 11.0.9 on DESKTOP-TKJ4F4S with PID 7348 (E:\projects\Ecommerce\ecommerce-backend\build\classes\java\main started by Eanda in E:\projects\Ecommerce\ecommerce-backend)
12-03-2021 21:59:04.659 [restartedMain] INFO  c.e.EcommerceBackendApplication.logStartupProfileInfo - No active profile set, falling back to default profiles: default
12-03-2021 21:59:04.696 [restartedMain] INFO  o.s.b.d.restart.ChangeableUrls.logTo - The Class-Path manifest attribute in C:\Users\Eanda\.gradle\caches\modules-2\files-2.1\javax.xml\jaxb-impl\2.1\8c86d5d4eac7f89cec63432274d712ba82cd201b\jaxb-impl-2.1.jar referenced one or more files that do not exist: file:/C:/Users/Eanda/.gradle/caches/modules-2/files-2.1/javax.xml/jaxb-impl/2.1/8c86d5d4eac7f89cec63432274d712ba82cd201b/jaxb-api.jar,file:/C:/Users/Eanda/.gradle/caches/modules-2/files-2.1/javax.xml/jaxb-impl/2.1/8c86d5d4eac7f89cec63432274d712ba82cd201b/activation.jar,file:/C:/Users/Eanda/.gradle/caches/modules-2/files-2.1/javax.xml/jaxb-impl/2.1/8c86d5d4eac7f89cec63432274d712ba82cd201b/jsr173_1.0_api.jar,file:/C:/Users/Eanda/.gradle/caches/modules-2/files-2.1/javax.xml/jaxb-impl/2.1/8c86d5d4eac7f89cec63432274d712ba82cd201b/jaxb1-impl.jar
12-03-2021 21:59:04.699 [restartedMain] INFO  o.s.b.d.e.DevToolsPropertyDefaultsPostProcessor.logTo - Devtools property defaults active! Set 'spring.devtools.add-properties' to 'false' to disable
12-03-2021 21:59:04.699 [restartedMain] INFO  o.s.b.d.e.DevToolsPropertyDefaultsPostProcessor.logTo - For additional web related logging consider setting the 'logging.level.web' property to 'DEBUG'
12-03-2021 21:59:05.808 [restartedMain] DEBUG o.m.s.b.a.MybatisAutoConfiguration.registerBeanDefinitions - Searching for mappers annotated with @Mapper
12-03-2021 21:59:05.809 [restartedMain] DEBUG o.m.s.b.a.MybatisAutoConfiguration.lambda$registerBeanDefinitions$0 - Using auto-configuration base package 'com.ecommercebackend'
12-03-2021 21:59:06.042 [restartedMain] DEBUG o.m.s.mapper.ClassPathMapperScanner.scanCandidateComponents - Identified candidate component class: file [E:\projects\Ecommerce\ecommerce-backend\build\classes\java\main\com\ecommercebackend\admin\dao\CategoryDao.class]
12-03-2021 21:59:06.043 [restartedMain] DEBUG o.m.s.mapper.ClassPathMapperScanner.scanCandidateComponents - Identified candidate component class: file [E:\projects\Ecommerce\ecommerce-backend\build\classes\java\main\com\ecommercebackend\admin\dao\EducationInfoDao.class]
12-03-2021 21:59:06.043 [restartedMain] DEBUG o.m.s.mapper.ClassPathMapperScanner.scanCandidateComponents - Identified candidate component class: file [E:\projects\Ecommerce\ecommerce-backend\build\classes\java\main\com\ecommercebackend\admin\dao\EmergencyContactDao.class]
12-03-2021 21:59:06.043 [restartedMain] DEBUG o.m.s.mapper.ClassPathMapperScanner.scanCandidateComponents - Identified candidate component class: file [E:\projects\Ecommerce\ecommerce-backend\build\classes\java\main\com\ecommercebackend\admin\dao\PersonalInfoDao.class]
12-03-2021 21:59:06.043 [restartedMain] DEBUG o.m.s.mapper.ClassPathMapperScanner.scanCandidateComponents - Identified candidate component class: file [E:\projects\Ecommerce\ecommerce-backend\build\classes\java\main\com\ecommercebackend\admin\dao\ProductDao.class]
12-03-2021 21:59:06.043 [restartedMain] DEBUG o.m.s.mapper.ClassPathMapperScanner.scanCandidateComponents - Identified candidate component class: file [E:\projects\Ecommerce\ecommerce-backend\build\classes\java\main\com\ecommercebackend\admin\dao\ResourceImageDao.class]
12-03-2021 21:59:06.043 [restartedMain] DEBUG o.m.s.mapper.ClassPathMapperScanner.scanCandidateComponents - Identified candidate component class: file [E:\projects\Ecommerce\ecommerce-backend\build\classes\java\main\com\ecommercebackend\admin\dao\UserDao.class]
12-03-2021 21:59:06.045 [restartedMain] DEBUG o.m.s.mapper.ClassPathMapperScanner.scanCandidateComponents - Identified candidate component class: file [E:\projects\Ecommerce\ecommerce-backend\build\classes\java\main\com\ecommercebackend\core\dao\DefaultAuthenticationDao.class]
12-03-2021 21:59:06.046 [restartedMain] DEBUG o.m.s.mapper.ClassPathMapperScanner.scanCandidateComponents - Identified candidate component class: file [E:\projects\Ecommerce\ecommerce-backend\build\classes\java\main\com\ecommercebackend\core\dao\SuccessLoginDao.class]
12-03-2021 21:59:06.048 [restartedMain] DEBUG o.m.s.mapper.ClassPathMapperScanner.scanCandidateComponents - Identified candidate component class: file [E:\projects\Ecommerce\ecommerce-backend\build\classes\java\main\com\ecommercebackend\web\dao\ReaderImgDao.class]
12-03-2021 21:59:06.049 [restartedMain] DEBUG o.m.s.mapper.ClassPathMapperScanner.debug - Creating MapperFactoryBean with name 'categoryDao' and 'com.ecommercebackend.admin.dao.CategoryDao' mapperInterface
12-03-2021 21:59:06.049 [restartedMain] DEBUG o.m.s.mapper.ClassPathMapperScanner.debug - Enabling autowire by type for MapperFactoryBean with name 'categoryDao'.
12-03-2021 21:59:06.049 [restartedMain] DEBUG o.m.s.mapper.ClassPathMapperScanner.debug - Creating MapperFactoryBean with name 'educationInfoDao' and 'com.ecommercebackend.admin.dao.EducationInfoDao' mapperInterface
12-03-2021 21:59:06.049 [restartedMain] DEBUG o.m.s.mapper.ClassPathMapperScanner.debug - Enabling autowire by type for MapperFactoryBean with name 'educationInfoDao'.
12-03-2021 21:59:06.049 [restartedMain] DEBUG o.m.s.mapper.ClassPathMapperScanner.debug - Creating MapperFactoryBean with name 'emergencyContactDao' and 'com.ecommercebackend.admin.dao.EmergencyContactDao' mapperInterface
12-03-2021 21:59:06.050 [restartedMain] DEBUG o.m.s.mapper.ClassPathMapperScanner.debug - Enabling autowire by type for MapperFactoryBean with name 'emergencyContactDao'.
12-03-2021 21:59:06.050 [restartedMain] DEBUG o.m.s.mapper.ClassPathMapperScanner.debug - Creating MapperFactoryBean with name 'personalInfoDao' and 'com.ecommercebackend.admin.dao.PersonalInfoDao' mapperInterface
12-03-2021 21:59:06.050 [restartedMain] DEBUG o.m.s.mapper.ClassPathMapperScanner.debug - Enabling autowire by type for MapperFactoryBean with name 'personalInfoDao'.
12-03-2021 21:59:06.050 [restartedMain] DEBUG o.m.s.mapper.ClassPathMapperScanner.debug - Creating MapperFactoryBean with name 'productDao' and 'com.ecommercebackend.admin.dao.ProductDao' mapperInterface
12-03-2021 21:59:06.050 [restartedMain] DEBUG o.m.s.mapper.ClassPathMapperScanner.debug - Enabling autowire by type for MapperFactoryBean with name 'productDao'.
12-03-2021 21:59:06.050 [restartedMain] DEBUG o.m.s.mapper.ClassPathMapperScanner.debug - Creating MapperFactoryBean with name 'resourceImageDao' and 'com.ecommercebackend.admin.dao.ResourceImageDao' mapperInterface
12-03-2021 21:59:06.050 [restartedMain] DEBUG o.m.s.mapper.ClassPathMapperScanner.debug - Enabling autowire by type for MapperFactoryBean with name 'resourceImageDao'.
12-03-2021 21:59:06.050 [restartedMain] DEBUG o.m.s.mapper.ClassPathMapperScanner.debug - Creating MapperFactoryBean with name 'userDao' and 'com.ecommercebackend.admin.dao.UserDao' mapperInterface
12-03-2021 21:59:06.050 [restartedMain] DEBUG o.m.s.mapper.ClassPathMapperScanner.debug - Enabling autowire by type for MapperFactoryBean with name 'userDao'.
12-03-2021 21:59:06.050 [restartedMain] DEBUG o.m.s.mapper.ClassPathMapperScanner.debug - Creating MapperFactoryBean with name 'defaultAuthenticationDao' and 'com.ecommercebackend.core.dao.DefaultAuthenticationDao' mapperInterface
12-03-2021 21:59:06.051 [restartedMain] DEBUG o.m.s.mapper.ClassPathMapperScanner.debug - Enabling autowire by type for MapperFactoryBean with name 'defaultAuthenticationDao'.
12-03-2021 21:59:06.051 [restartedMain] DEBUG o.m.s.mapper.ClassPathMapperScanner.debug - Creating MapperFactoryBean with name 'successLoginDao' and 'com.ecommercebackend.core.dao.SuccessLoginDao' mapperInterface
12-03-2021 21:59:06.051 [restartedMain] DEBUG o.m.s.mapper.ClassPathMapperScanner.debug - Enabling autowire by type for MapperFactoryBean with name 'successLoginDao'.
12-03-2021 21:59:06.051 [restartedMain] DEBUG o.m.s.mapper.ClassPathMapperScanner.debug - Creating MapperFactoryBean with name 'readerImgDao' and 'com.ecommercebackend.web.dao.ReaderImgDao' mapperInterface
12-03-2021 21:59:06.051 [restartedMain] DEBUG o.m.s.mapper.ClassPathMapperScanner.debug - Enabling autowire by type for MapperFactoryBean with name 'readerImgDao'.
12-03-2021 21:59:06.183 [restartedMain] INFO  o.s.c.s.PostProcessorRegistrationDelegate$BeanPostProcessorChecker.postProcessAfterInitialization - Bean 'org.springframework.ws.config.annotation.DelegatingWsConfiguration' of type [org.springframework.ws.config.annotation.DelegatingWsConfiguration$$EnhancerBySpringCGLIB$$87247252] is not eligible for getting processed by all BeanPostProcessors (for example: not eligible for auto-proxying)
12-03-2021 21:59:06.208 [restartedMain] INFO  o.s.w.s.a.s.AnnotationActionEndpointMapping.afterPropertiesSet - Supporting [WS-Addressing August 2004, WS-Addressing 1.0]
12-03-2021 21:59:06.262 [restartedMain] INFO  o.s.c.s.PostProcessorRegistrationDelegate$BeanPostProcessorChecker.postProcessAfterInitialization - Bean 'org.springframework.security.access.expression.method.DefaultMethodSecurityExpressionHandler@4db5f3a' of type [org.springframework.security.access.expression.method.DefaultMethodSecurityExpressionHandler] is not eligible for getting processed by all BeanPostProcessors (for example: not eligible for auto-proxying)
12-03-2021 21:59:06.267 [restartedMain] INFO  o.s.c.s.PostProcessorRegistrationDelegate$BeanPostProcessorChecker.postProcessAfterInitialization - Bean 'methodSecurityMetadataSource' of type [org.springframework.security.access.method.DelegatingMethodSecurityMetadataSource] is not eligible for getting processed by all BeanPostProcessors (for example: not eligible for auto-proxying)
12-03-2021 21:59:06.494 [restartedMain] INFO  o.s.b.w.e.tomcat.TomcatWebServer.initialize - Tomcat initialized with port(s): 8080 (http)
12-03-2021 21:59:06.503 [restartedMain] INFO  o.a.coyote.http11.Http11NioProtocol.log - Initializing ProtocolHandler ["http-nio-8080"]
12-03-2021 21:59:06.504 [restartedMain] INFO  o.a.catalina.core.StandardService.log - Starting service [Tomcat]
12-03-2021 21:59:06.504 [restartedMain] INFO  o.a.catalina.core.StandardEngine.log - Starting Servlet engine: [Apache Tomcat/9.0.41]
12-03-2021 21:59:06.585 [restartedMain] INFO  o.a.c.c.C.[Tomcat].[localhost].[/].log - Initializing Spring embedded WebApplicationContext
12-03-2021 21:59:06.585 [restartedMain] INFO  o.s.b.w.s.c.ServletWebServerApplicationContext.prepareWebApplicationContext - Root WebApplicationContext: initialization completed in 1885 ms
12-03-2021 21:59:06.834 [restartedMain] DEBUG o.m.spring.SqlSessionFactoryBean.debug - Parsed configuration file: 'class path resource [mybatis/mybatis_config.xml]'
12-03-2021 21:59:06.874 [restartedMain] DEBUG o.m.spring.SqlSessionFactoryBean.debug - Parsed mapper file: 'file [E:\projects\Ecommerce\ecommerce-backend\build\resources\main\mybatis\mapper\admin\categoryDai.xml]'
12-03-2021 21:59:06.880 [restartedMain] DEBUG o.m.spring.SqlSessionFactoryBean.debug - Parsed mapper file: 'file [E:\projects\Ecommerce\ecommerce-backend\build\resources\main\mybatis\mapper\admin\educationInfoDao.xml]'
12-03-2021 21:59:06.886 [restartedMain] DEBUG o.m.spring.SqlSessionFactoryBean.debug - Parsed mapper file: 'file [E:\projects\Ecommerce\ecommerce-backend\build\resources\main\mybatis\mapper\admin\emergencyContactDao.xml]'
12-03-2021 21:59:06.891 [restartedMain] DEBUG o.m.spring.SqlSessionFactoryBean.debug - Parsed mapper file: 'file [E:\projects\Ecommerce\ecommerce-backend\build\resources\main\mybatis\mapper\admin\personalInfoDao.xml]'
12-03-2021 21:59:06.897 [restartedMain] DEBUG o.m.spring.SqlSessionFactoryBean.debug - Parsed mapper file: 'file [E:\projects\Ecommerce\ecommerce-backend\build\resources\main\mybatis\mapper\admin\productDao.xml]'
12-03-2021 21:59:06.901 [restartedMain] DEBUG o.m.spring.SqlSessionFactoryBean.debug - Parsed mapper file: 'file [E:\projects\Ecommerce\ecommerce-backend\build\resources\main\mybatis\mapper\admin\resourceImageDao.xml]'
12-03-2021 21:59:06.907 [restartedMain] DEBUG o.m.spring.SqlSessionFactoryBean.debug - Parsed mapper file: 'file [E:\projects\Ecommerce\ecommerce-backend\build\resources\main\mybatis\mapper\admin\userDao.xml]'
12-03-2021 21:59:06.910 [restartedMain] DEBUG o.m.spring.SqlSessionFactoryBean.debug - Parsed mapper file: 'file [E:\projects\Ecommerce\ecommerce-backend\build\resources\main\mybatis\mapper\core\SuccessLogin.xml]'
12-03-2021 21:59:06.926 [restartedMain] DEBUG o.m.spring.SqlSessionFactoryBean.debug - Parsed mapper file: 'file [E:\projects\Ecommerce\ecommerce-backend\build\resources\main\mybatis\mapper\core\defaultAuthenticationDao.xml]'
12-03-2021 21:59:06.930 [restartedMain] DEBUG o.m.spring.SqlSessionFactoryBean.debug - Parsed mapper file: 'file [E:\projects\Ecommerce\ecommerce-backend\build\resources\main\mybatis\mapper\web\readerImgDao.xml]'
12-03-2021 21:59:07.081 [restartedMain] INFO  o.s.s.c.ThreadPoolTaskExecutor.initialize - Initializing ExecutorService
12-03-2021 21:59:07.082 [restartedMain] INFO  o.s.s.c.ThreadPoolTaskExecutor.initialize - Initializing ExecutorService 'asyncExecutor'
12-03-2021 21:59:07.336 [restartedMain] INFO  o.s.s.web.DefaultSecurityFilterChain.<init> - Will secure Ant [pattern='/api/web/**'] with []
12-03-2021 21:59:07.336 [restartedMain] INFO  o.s.s.web.DefaultSecurityFilterChain.<init> - Will secure Ant [pattern='/api/mobile/**'] with []
12-03-2021 21:59:07.336 [restartedMain] INFO  o.s.s.web.DefaultSecurityFilterChain.<init> - Will secure Ant [pattern='/401.html'] with []
12-03-2021 21:59:07.336 [restartedMain] INFO  o.s.s.web.DefaultSecurityFilterChain.<init> - Will secure Ant [pattern='/404.html'] with []
12-03-2021 21:59:07.336 [restartedMain] INFO  o.s.s.web.DefaultSecurityFilterChain.<init> - Will secure Ant [pattern='/500.html'] with []
12-03-2021 21:59:07.369 [restartedMain] INFO  o.s.s.web.DefaultSecurityFilterChain.<init> - Will secure Or [Ant [pattern='/oauth/token'], Ant [pattern='/oauth/token_key'], Ant [pattern='/oauth/check_token']] with [org.springframework.security.web.context.request.async.WebAsyncManagerIntegrationFilter@33baa9aa, org.springframework.security.web.context.SecurityContextPersistenceFilter@d7e553d, org.springframework.security.web.header.HeaderWriterFilter@581099e9, org.springframework.security.web.authentication.logout.LogoutFilter@178d053d, org.springframework.security.web.authentication.www.BasicAuthenticationFilter@34b8f374, org.springframework.security.web.savedrequest.RequestCacheAwareFilter@7b4407ca, org.springframework.security.web.servletapi.SecurityContextHolderAwareRequestFilter@23a551f6, org.springframework.security.web.authentication.AnonymousAuthenticationFilter@1699b82c, org.springframework.security.web.session.SessionManagementFilter@34256ad9, org.springframework.security.web.access.ExceptionTranslationFilter@1d8ab594, org.springframework.security.web.access.intercept.FilterSecurityInterceptor@6a9e677b]
12-03-2021 21:59:07.376 [restartedMain] INFO  o.s.s.web.DefaultSecurityFilterChain.<init> - Will secure Or [Ant [pattern='/api/**']] with [org.springframework.security.web.context.request.async.WebAsyncManagerIntegrationFilter@1fa51db6, org.springframework.security.web.context.SecurityContextPersistenceFilter@9659aed, org.springframework.security.web.header.HeaderWriterFilter@634769a3, org.springframework.security.web.authentication.logout.LogoutFilter@7ddd7561, org.springframework.security.oauth2.provider.authentication.OAuth2AuthenticationProcessingFilter@608a2d3, org.springframework.security.web.savedrequest.RequestCacheAwareFilter@7bdb79db, org.springframework.security.web.servletapi.SecurityContextHolderAwareRequestFilter@23891d72, org.springframework.security.web.authentication.AnonymousAuthenticationFilter@2b4693be, org.springframework.security.web.session.SessionManagementFilter@6583d77b, org.springframework.security.web.access.ExceptionTranslationFilter@3a390eb4, org.springframework.security.web.access.intercept.FilterSecurityInterceptor@d6881f4]
12-03-2021 21:59:07.387 [restartedMain] INFO  o.s.s.web.DefaultSecurityFilterChain.<init> - Will secure any request with [org.springframework.security.web.context.request.async.WebAsyncManagerIntegrationFilter@2ae6379c, org.springframework.security.web.context.SecurityContextPersistenceFilter@7defdf3, org.springframework.security.web.header.HeaderWriterFilter@212141fa, org.springframework.security.web.csrf.CsrfFilter@7c513646, org.springframework.security.web.authentication.logout.LogoutFilter@b8fa26c, org.springframework.security.web.authentication.UsernamePasswordAuthenticationFilter@38c1fffd, org.springframework.security.web.authentication.ui.DefaultLoginPageGeneratingFilter@1244ced4, org.springframework.security.web.authentication.ui.DefaultLogoutPageGeneratingFilter@4ab535a2, org.springframework.security.web.authentication.www.BasicAuthenticationFilter@6e10f918, org.springframework.security.web.savedrequest.RequestCacheAwareFilter@b0c5df3, org.springframework.security.web.servletapi.SecurityContextHolderAwareRequestFilter@2089f3f9, org.springframework.security.web.authentication.AnonymousAuthenticationFilter@7dbc051e, org.springframework.security.web.session.SessionManagementFilter@724816fa, org.springframework.security.web.access.ExceptionTranslationFilter@7aeed605, org.springframework.security.web.access.intercept.FilterSecurityInterceptor@68911446]
12-03-2021 21:59:07.572 [restartedMain] WARN  o.t.templatemode.TemplateMode.parse - [THYMELEAF][restartedMain] Template Mode 'LEGACYHTML5' is deprecated. Using Template Mode 'HTML' instead.
12-03-2021 21:59:07.588 [restartedMain] DEBUG o.m.s.b.a.MybatisAutoConfiguration.afterPropertiesSet - Not found configuration for registering mapper bean using @MapperScan, MapperFactoryBean and MapperScannerConfigurer.
12-03-2021 21:59:07.790 [restartedMain] INFO  o.s.b.d.a.OptionalLiveReloadServer.startServer - LiveReload server is running on port 35729
12-03-2021 21:59:07.794 [restartedMain] INFO  o.s.b.a.e.web.EndpointLinksResolver.<init> - Exposing 2 endpoint(s) beneath base path '/actuator'
12-03-2021 21:59:07.830 [restartedMain] INFO  o.a.coyote.http11.Http11NioProtocol.log - Starting ProtocolHandler ["http-nio-8080"]
12-03-2021 21:59:07.845 [restartedMain] INFO  o.s.b.w.e.tomcat.TomcatWebServer.start - Tomcat started on port(s): 8080 (http) with context path ''
12-03-2021 21:59:07.854 [restartedMain] INFO  c.e.EcommerceBackendApplication.logStarted - Started EcommerceBackendApplication in 3.579 seconds (JVM running for 4.54)
12-03-2021 21:59:08.115 [RMI TCP Connection(1)-192.168.43.44] INFO  o.a.c.c.C.[Tomcat].[localhost].[/].log - Initializing Spring DispatcherServlet 'dispatcherServlet'
12-03-2021 21:59:08.116 [RMI TCP Connection(1)-192.168.43.44] INFO  o.s.web.servlet.DispatcherServlet.initServletBean - Initializing Servlet 'dispatcherServlet'
12-03-2021 21:59:08.117 [RMI TCP Connection(1)-192.168.43.44] INFO  o.s.web.servlet.DispatcherServlet.initServletBean - Completed initialization in 1 ms
12-03-2021 21:59:08.287 [RMI TCP Connection(3)-192.168.43.44] INFO  com.zaxxer.hikari.HikariDataSource.getConnection - HikariPool-1 - Starting...
12-03-2021 21:59:08.428 [RMI TCP Connection(3)-192.168.43.44] INFO  com.zaxxer.hikari.HikariDataSource.getConnection - HikariPool-1 - Start completed.
12-03-2021 22:22:38.104 [restartedMain] INFO  c.e.EcommerceBackendApplication.logStarting - Starting EcommerceBackendApplication using Java 11.0.9 on DESKTOP-TKJ4F4S with PID 8904 (E:\projects\Ecommerce\ecommerce-backend\build\classes\java\main started by Eanda in E:\projects\Ecommerce\ecommerce-backend)
12-03-2021 22:22:38.107 [restartedMain] INFO  c.e.EcommerceBackendApplication.logStartupProfileInfo - No active profile set, falling back to default profiles: default
12-03-2021 22:22:38.151 [restartedMain] INFO  o.s.b.d.restart.ChangeableUrls.logTo - The Class-Path manifest attribute in C:\Users\Eanda\.gradle\caches\modules-2\files-2.1\javax.xml\jaxb-impl\2.1\8c86d5d4eac7f89cec63432274d712ba82cd201b\jaxb-impl-2.1.jar referenced one or more files that do not exist: file:/C:/Users/Eanda/.gradle/caches/modules-2/files-2.1/javax.xml/jaxb-impl/2.1/8c86d5d4eac7f89cec63432274d712ba82cd201b/jaxb-api.jar,file:/C:/Users/Eanda/.gradle/caches/modules-2/files-2.1/javax.xml/jaxb-impl/2.1/8c86d5d4eac7f89cec63432274d712ba82cd201b/activation.jar,file:/C:/Users/Eanda/.gradle/caches/modules-2/files-2.1/javax.xml/jaxb-impl/2.1/8c86d5d4eac7f89cec63432274d712ba82cd201b/jsr173_1.0_api.jar,file:/C:/Users/Eanda/.gradle/caches/modules-2/files-2.1/javax.xml/jaxb-impl/2.1/8c86d5d4eac7f89cec63432274d712ba82cd201b/jaxb1-impl.jar
12-03-2021 22:22:38.152 [restartedMain] INFO  o.s.b.d.e.DevToolsPropertyDefaultsPostProcessor.logTo - Devtools property defaults active! Set 'spring.devtools.add-properties' to 'false' to disable
12-03-2021 22:22:38.152 [restartedMain] INFO  o.s.b.d.e.DevToolsPropertyDefaultsPostProcessor.logTo - For additional web related logging consider setting the 'logging.level.web' property to 'DEBUG'
12-03-2021 22:22:38.833 [restartedMain] DEBUG o.m.s.b.a.MybatisAutoConfiguration.registerBeanDefinitions - Searching for mappers annotated with @Mapper
12-03-2021 22:22:38.834 [restartedMain] DEBUG o.m.s.b.a.MybatisAutoConfiguration.lambda$registerBeanDefinitions$0 - Using auto-configuration base package 'com.ecommercebackend'
12-03-2021 22:22:39.023 [restartedMain] DEBUG o.m.s.mapper.ClassPathMapperScanner.scanCandidateComponents - Identified candidate component class: file [E:\projects\Ecommerce\ecommerce-backend\build\classes\java\main\com\ecommercebackend\admin\dao\CategoryDao.class]
12-03-2021 22:22:39.024 [restartedMain] DEBUG o.m.s.mapper.ClassPathMapperScanner.scanCandidateComponents - Identified candidate component class: file [E:\projects\Ecommerce\ecommerce-backend\build\classes\java\main\com\ecommercebackend\admin\dao\EducationInfoDao.class]
12-03-2021 22:22:39.024 [restartedMain] DEBUG o.m.s.mapper.ClassPathMapperScanner.scanCandidateComponents - Identified candidate component class: file [E:\projects\Ecommerce\ecommerce-backend\build\classes\java\main\com\ecommercebackend\admin\dao\EmergencyContactDao.class]
12-03-2021 22:22:39.024 [restartedMain] DEBUG o.m.s.mapper.ClassPathMapperScanner.scanCandidateComponents - Identified candidate component class: file [E:\projects\Ecommerce\ecommerce-backend\build\classes\java\main\com\ecommercebackend\admin\dao\PersonalInfoDao.class]
12-03-2021 22:22:39.024 [restartedMain] DEBUG o.m.s.mapper.ClassPathMapperScanner.scanCandidateComponents - Identified candidate component class: file [E:\projects\Ecommerce\ecommerce-backend\build\classes\java\main\com\ecommercebackend\admin\dao\ProductDao.class]
12-03-2021 22:22:39.024 [restartedMain] DEBUG o.m.s.mapper.ClassPathMapperScanner.scanCandidateComponents - Identified candidate component class: file [E:\projects\Ecommerce\ecommerce-backend\build\classes\java\main\com\ecommercebackend\admin\dao\ResourceImageDao.class]
12-03-2021 22:22:39.024 [restartedMain] DEBUG o.m.s.mapper.ClassPathMapperScanner.scanCandidateComponents - Identified candidate component class: file [E:\projects\Ecommerce\ecommerce-backend\build\classes\java\main\com\ecommercebackend\admin\dao\UserDao.class]
12-03-2021 22:22:39.026 [restartedMain] DEBUG o.m.s.mapper.ClassPathMapperScanner.scanCandidateComponents - Identified candidate component class: file [E:\projects\Ecommerce\ecommerce-backend\build\classes\java\main\com\ecommercebackend\core\dao\DefaultAuthenticationDao.class]
12-03-2021 22:22:39.027 [restartedMain] DEBUG o.m.s.mapper.ClassPathMapperScanner.scanCandidateComponents - Identified candidate component class: file [E:\projects\Ecommerce\ecommerce-backend\build\classes\java\main\com\ecommercebackend\core\dao\SuccessLoginDao.class]
12-03-2021 22:22:39.028 [restartedMain] DEBUG o.m.s.mapper.ClassPathMapperScanner.scanCandidateComponents - Identified candidate component class: file [E:\projects\Ecommerce\ecommerce-backend\build\classes\java\main\com\ecommercebackend\web\dao\ReaderImgDao.class]
12-03-2021 22:22:39.029 [restartedMain] DEBUG o.m.s.mapper.ClassPathMapperScanner.debug - Creating MapperFactoryBean with name 'categoryDao' and 'com.ecommercebackend.admin.dao.CategoryDao' mapperInterface
12-03-2021 22:22:39.029 [restartedMain] DEBUG o.m.s.mapper.ClassPathMapperScanner.debug - Enabling autowire by type for MapperFactoryBean with name 'categoryDao'.
12-03-2021 22:22:39.029 [restartedMain] DEBUG o.m.s.mapper.ClassPathMapperScanner.debug - Creating MapperFactoryBean with name 'educationInfoDao' and 'com.ecommercebackend.admin.dao.EducationInfoDao' mapperInterface
12-03-2021 22:22:39.029 [restartedMain] DEBUG o.m.s.mapper.ClassPathMapperScanner.debug - Enabling autowire by type for MapperFactoryBean with name 'educationInfoDao'.
12-03-2021 22:22:39.029 [restartedMain] DEBUG o.m.s.mapper.ClassPathMapperScanner.debug - Creating MapperFactoryBean with name 'emergencyContactDao' and 'com.ecommercebackend.admin.dao.EmergencyContactDao' mapperInterface
12-03-2021 22:22:39.029 [restartedMain] DEBUG o.m.s.mapper.ClassPathMapperScanner.debug - Enabling autowire by type for MapperFactoryBean with name 'emergencyContactDao'.
12-03-2021 22:22:39.030 [restartedMain] DEBUG o.m.s.mapper.ClassPathMapperScanner.debug - Creating MapperFactoryBean with name 'personalInfoDao' and 'com.ecommercebackend.admin.dao.PersonalInfoDao' mapperInterface
12-03-2021 22:22:39.030 [restartedMain] DEBUG o.m.s.mapper.ClassPathMapperScanner.debug - Enabling autowire by type for MapperFactoryBean with name 'personalInfoDao'.
12-03-2021 22:22:39.030 [restartedMain] DEBUG o.m.s.mapper.ClassPathMapperScanner.debug - Creating MapperFactoryBean with name 'productDao' and 'com.ecommercebackend.admin.dao.ProductDao' mapperInterface
12-03-2021 22:22:39.030 [restartedMain] DEBUG o.m.s.mapper.ClassPathMapperScanner.debug - Enabling autowire by type for MapperFactoryBean with name 'productDao'.
12-03-2021 22:22:39.030 [restartedMain] DEBUG o.m.s.mapper.ClassPathMapperScanner.debug - Creating MapperFactoryBean with name 'resourceImageDao' and 'com.ecommercebackend.admin.dao.ResourceImageDao' mapperInterface
12-03-2021 22:22:39.030 [restartedMain] DEBUG o.m.s.mapper.ClassPathMapperScanner.debug - Enabling autowire by type for MapperFactoryBean with name 'resourceImageDao'.
12-03-2021 22:22:39.030 [restartedMain] DEBUG o.m.s.mapper.ClassPathMapperScanner.debug - Creating MapperFactoryBean with name 'userDao' and 'com.ecommercebackend.admin.dao.UserDao' mapperInterface
12-03-2021 22:22:39.030 [restartedMain] DEBUG o.m.s.mapper.ClassPathMapperScanner.debug - Enabling autowire by type for MapperFactoryBean with name 'userDao'.
12-03-2021 22:22:39.030 [restartedMain] DEBUG o.m.s.mapper.ClassPathMapperScanner.debug - Creating MapperFactoryBean with name 'defaultAuthenticationDao' and 'com.ecommercebackend.core.dao.DefaultAuthenticationDao' mapperInterface
12-03-2021 22:22:39.030 [restartedMain] DEBUG o.m.s.mapper.ClassPathMapperScanner.debug - Enabling autowire by type for MapperFactoryBean with name 'defaultAuthenticationDao'.
12-03-2021 22:22:39.030 [restartedMain] DEBUG o.m.s.mapper.ClassPathMapperScanner.debug - Creating MapperFactoryBean with name 'successLoginDao' and 'com.ecommercebackend.core.dao.SuccessLoginDao' mapperInterface
12-03-2021 22:22:39.031 [restartedMain] DEBUG o.m.s.mapper.ClassPathMapperScanner.debug - Enabling autowire by type for MapperFactoryBean with name 'successLoginDao'.
12-03-2021 22:22:39.031 [restartedMain] DEBUG o.m.s.mapper.ClassPathMapperScanner.debug - Creating MapperFactoryBean with name 'readerImgDao' and 'com.ecommercebackend.web.dao.ReaderImgDao' mapperInterface
12-03-2021 22:22:39.031 [restartedMain] DEBUG o.m.s.mapper.ClassPathMapperScanner.debug - Enabling autowire by type for MapperFactoryBean with name 'readerImgDao'.
12-03-2021 22:22:39.155 [restartedMain] INFO  o.s.c.s.PostProcessorRegistrationDelegate$BeanPostProcessorChecker.postProcessAfterInitialization - Bean 'org.springframework.ws.config.annotation.DelegatingWsConfiguration' of type [org.springframework.ws.config.annotation.DelegatingWsConfiguration$$EnhancerBySpringCGLIB$$1b381898] is not eligible for getting processed by all BeanPostProcessors (for example: not eligible for auto-proxying)
12-03-2021 22:22:39.175 [restartedMain] INFO  o.s.w.s.a.s.AnnotationActionEndpointMapping.afterPropertiesSet - Supporting [WS-Addressing August 2004, WS-Addressing 1.0]
12-03-2021 22:22:39.220 [restartedMain] INFO  o.s.c.s.PostProcessorRegistrationDelegate$BeanPostProcessorChecker.postProcessAfterInitialization - Bean 'org.springframework.security.access.expression.method.DefaultMethodSecurityExpressionHandler@770fd8ff' of type [org.springframework.security.access.expression.method.DefaultMethodSecurityExpressionHandler] is not eligible for getting processed by all BeanPostProcessors (for example: not eligible for auto-proxying)
12-03-2021 22:22:39.223 [restartedMain] INFO  o.s.c.s.PostProcessorRegistrationDelegate$BeanPostProcessorChecker.postProcessAfterInitialization - Bean 'methodSecurityMetadataSource' of type [org.springframework.security.access.method.DelegatingMethodSecurityMetadataSource] is not eligible for getting processed by all BeanPostProcessors (for example: not eligible for auto-proxying)
12-03-2021 22:22:39.417 [restartedMain] INFO  o.s.b.w.e.tomcat.TomcatWebServer.initialize - Tomcat initialized with port(s): 8080 (http)
12-03-2021 22:22:39.424 [restartedMain] INFO  o.a.coyote.http11.Http11NioProtocol.log - Initializing ProtocolHandler ["http-nio-8080"]
12-03-2021 22:22:39.424 [restartedMain] INFO  o.a.catalina.core.StandardService.log - Starting service [Tomcat]
12-03-2021 22:22:39.425 [restartedMain] INFO  o.a.catalina.core.StandardEngine.log - Starting Servlet engine: [Apache Tomcat/9.0.41]
12-03-2021 22:22:39.496 [restartedMain] INFO  o.a.c.c.C.[Tomcat].[localhost].[/].log - Initializing Spring embedded WebApplicationContext
12-03-2021 22:22:39.497 [restartedMain] INFO  o.s.b.w.s.c.ServletWebServerApplicationContext.prepareWebApplicationContext - Root WebApplicationContext: initialization completed in 1344 ms
12-03-2021 22:22:39.706 [restartedMain] DEBUG o.m.spring.SqlSessionFactoryBean.debug - Parsed configuration file: 'class path resource [mybatis/mybatis_config.xml]'
12-03-2021 22:22:39.739 [restartedMain] DEBUG o.m.spring.SqlSessionFactoryBean.debug - Parsed mapper file: 'file [E:\projects\Ecommerce\ecommerce-backend\build\resources\main\mybatis\mapper\admin\categoryDai.xml]'
12-03-2021 22:22:39.745 [restartedMain] DEBUG o.m.spring.SqlSessionFactoryBean.debug - Parsed mapper file: 'file [E:\projects\Ecommerce\ecommerce-backend\build\resources\main\mybatis\mapper\admin\educationInfoDao.xml]'
12-03-2021 22:22:39.751 [restartedMain] DEBUG o.m.spring.SqlSessionFactoryBean.debug - Parsed mapper file: 'file [E:\projects\Ecommerce\ecommerce-backend\build\resources\main\mybatis\mapper\admin\emergencyContactDao.xml]'
12-03-2021 22:22:39.757 [restartedMain] DEBUG o.m.spring.SqlSessionFactoryBean.debug - Parsed mapper file: 'file [E:\projects\Ecommerce\ecommerce-backend\build\resources\main\mybatis\mapper\admin\personalInfoDao.xml]'
12-03-2021 22:22:39.764 [restartedMain] DEBUG o.m.spring.SqlSessionFactoryBean.debug - Parsed mapper file: 'file [E:\projects\Ecommerce\ecommerce-backend\build\resources\main\mybatis\mapper\admin\productDao.xml]'
12-03-2021 22:22:39.771 [restartedMain] DEBUG o.m.spring.SqlSessionFactoryBean.debug - Parsed mapper file: 'file [E:\projects\Ecommerce\ecommerce-backend\build\resources\main\mybatis\mapper\admin\resourceImageDao.xml]'
12-03-2021 22:22:39.778 [restartedMain] DEBUG o.m.spring.SqlSessionFactoryBean.debug - Parsed mapper file: 'file [E:\projects\Ecommerce\ecommerce-backend\build\resources\main\mybatis\mapper\admin\userDao.xml]'
12-03-2021 22:22:39.782 [restartedMain] DEBUG o.m.spring.SqlSessionFactoryBean.debug - Parsed mapper file: 'file [E:\projects\Ecommerce\ecommerce-backend\build\resources\main\mybatis\mapper\core\SuccessLogin.xml]'
12-03-2021 22:22:39.800 [restartedMain] DEBUG o.m.spring.SqlSessionFactoryBean.debug - Parsed mapper file: 'file [E:\projects\Ecommerce\ecommerce-backend\build\resources\main\mybatis\mapper\core\defaultAuthenticationDao.xml]'
12-03-2021 22:22:39.805 [restartedMain] DEBUG o.m.spring.SqlSessionFactoryBean.debug - Parsed mapper file: 'file [E:\projects\Ecommerce\ecommerce-backend\build\resources\main\mybatis\mapper\web\readerImgDao.xml]'
12-03-2021 22:22:39.951 [restartedMain] INFO  o.s.s.c.ThreadPoolTaskExecutor.initialize - Initializing ExecutorService
12-03-2021 22:22:39.952 [restartedMain] INFO  o.s.s.c.ThreadPoolTaskExecutor.initialize - Initializing ExecutorService 'asyncExecutor'
12-03-2021 22:22:40.189 [restartedMain] INFO  o.s.s.web.DefaultSecurityFilterChain.<init> - Will secure Ant [pattern='/api/web/**'] with []
12-03-2021 22:22:40.189 [restartedMain] INFO  o.s.s.web.DefaultSecurityFilterChain.<init> - Will secure Ant [pattern='/api/mobile/**'] with []
12-03-2021 22:22:40.189 [restartedMain] INFO  o.s.s.web.DefaultSecurityFilterChain.<init> - Will secure Ant [pattern='/401.html'] with []
12-03-2021 22:22:40.189 [restartedMain] INFO  o.s.s.web.DefaultSecurityFilterChain.<init> - Will secure Ant [pattern='/404.html'] with []
12-03-2021 22:22:40.189 [restartedMain] INFO  o.s.s.web.DefaultSecurityFilterChain.<init> - Will secure Ant [pattern='/500.html'] with []
12-03-2021 22:22:40.221 [restartedMain] INFO  o.s.s.web.DefaultSecurityFilterChain.<init> - Will secure Or [Ant [pattern='/oauth/token'], Ant [pattern='/oauth/token_key'], Ant [pattern='/oauth/check_token']] with [org.springframework.security.web.context.request.async.WebAsyncManagerIntegrationFilter@1283ac7b, org.springframework.security.web.context.SecurityContextPersistenceFilter@430b63b5, org.springframework.security.web.header.HeaderWriterFilter@3b1c9471, org.springframework.security.web.authentication.logout.LogoutFilter@f115d5d, org.springframework.security.web.authentication.www.BasicAuthenticationFilter@33103edb, org.springframework.security.web.savedrequest.RequestCacheAwareFilter@42955fc8, org.springframework.security.web.servletapi.SecurityContextHolderAwareRequestFilter@718cbf86, org.springframework.security.web.authentication.AnonymousAuthenticationFilter@138708f2, org.springframework.security.web.session.SessionManagementFilter@6c39f1c4, org.springframework.security.web.access.ExceptionTranslationFilter@76b9f241, org.springframework.security.web.access.intercept.FilterSecurityInterceptor@ced1fa5]
12-03-2021 22:22:40.229 [restartedMain] INFO  o.s.s.web.DefaultSecurityFilterChain.<init> - Will secure Or [Ant [pattern='/api/**']] with [org.springframework.security.web.context.request.async.WebAsyncManagerIntegrationFilter@76952446, org.springframework.security.web.context.SecurityContextPersistenceFilter@2979f29, org.springframework.security.web.header.HeaderWriterFilter@c14b7a6, org.springframework.security.web.authentication.logout.LogoutFilter@4d93ce68, org.springframework.security.oauth2.provider.authentication.OAuth2AuthenticationProcessingFilter@3c6d7b87, org.springframework.security.web.savedrequest.RequestCacheAwareFilter@15c0750a, org.springframework.security.web.servletapi.SecurityContextHolderAwareRequestFilter@3cc04993, org.springframework.security.web.authentication.AnonymousAuthenticationFilter@45985e71, org.springframework.security.web.session.SessionManagementFilter@6b948b0e, org.springframework.security.web.access.ExceptionTranslationFilter@52f25b, org.springframework.security.web.access.intercept.FilterSecurityInterceptor@a46ac36]
12-03-2021 22:22:40.239 [restartedMain] INFO  o.s.s.web.DefaultSecurityFilterChain.<init> - Will secure any request with [org.springframework.security.web.context.request.async.WebAsyncManagerIntegrationFilter@7de03e9f, org.springframework.security.web.context.SecurityContextPersistenceFilter@2831d5c0, org.springframework.security.web.header.HeaderWriterFilter@22424332, org.springframework.security.web.csrf.CsrfFilter@41cd359f, org.springframework.security.web.authentication.logout.LogoutFilter@51891ad7, org.springframework.security.web.authentication.UsernamePasswordAuthenticationFilter@62103991, org.springframework.security.web.authentication.ui.DefaultLoginPageGeneratingFilter@74ac2e8c, org.springframework.security.web.authentication.ui.DefaultLogoutPageGeneratingFilter@1c88d54a, org.springframework.security.web.authentication.www.BasicAuthenticationFilter@3259dc63, org.springframework.security.web.savedrequest.RequestCacheAwareFilter@73085fc, org.springframework.security.web.servletapi.SecurityContextHolderAwareRequestFilter@375b0dfb, org.springframework.security.web.authentication.AnonymousAuthenticationFilter@7fb7abfb, org.springframework.security.web.session.SessionManagementFilter@f8798d, org.springframework.security.web.access.ExceptionTranslationFilter@2cb063d1, org.springframework.security.web.access.intercept.FilterSecurityInterceptor@4be55d94]
12-03-2021 22:22:40.408 [restartedMain] WARN  o.t.templatemode.TemplateMode.parse - [THYMELEAF][restartedMain] Template Mode 'LEGACYHTML5' is deprecated. Using Template Mode 'HTML' instead.
12-03-2021 22:22:40.424 [restartedMain] DEBUG o.m.s.b.a.MybatisAutoConfiguration.afterPropertiesSet - Not found configuration for registering mapper bean using @MapperScan, MapperFactoryBean and MapperScannerConfigurer.
12-03-2021 22:22:40.634 [restartedMain] INFO  o.s.b.d.a.OptionalLiveReloadServer.startServer - LiveReload server is running on port 35729
12-03-2021 22:22:40.638 [restartedMain] INFO  o.s.b.a.e.web.EndpointLinksResolver.<init> - Exposing 2 endpoint(s) beneath base path '/actuator'
12-03-2021 22:22:40.674 [restartedMain] INFO  o.a.coyote.http11.Http11NioProtocol.log - Starting ProtocolHandler ["http-nio-8080"]
12-03-2021 22:22:40.689 [restartedMain] INFO  o.s.b.w.e.tomcat.TomcatWebServer.start - Tomcat started on port(s): 8080 (http) with context path ''
12-03-2021 22:22:40.699 [restartedMain] INFO  c.e.EcommerceBackendApplication.logStarted - Started EcommerceBackendApplication in 2.879 seconds (JVM running for 3.658)
12-03-2021 22:22:41.244 [RMI TCP Connection(3)-192.168.43.44] INFO  o.a.c.c.C.[Tomcat].[localhost].[/].log - Initializing Spring DispatcherServlet 'dispatcherServlet'
12-03-2021 22:22:41.245 [RMI TCP Connection(3)-192.168.43.44] INFO  o.s.web.servlet.DispatcherServlet.initServletBean - Initializing Servlet 'dispatcherServlet'
12-03-2021 22:22:41.245 [RMI TCP Connection(4)-192.168.43.44] INFO  com.zaxxer.hikari.HikariDataSource.getConnection - HikariPool-1 - Starting...
12-03-2021 22:22:41.246 [RMI TCP Connection(3)-192.168.43.44] INFO  o.s.web.servlet.DispatcherServlet.initServletBean - Completed initialization in 1 ms
12-03-2021 22:22:41.369 [RMI TCP Connection(4)-192.168.43.44] INFO  com.zaxxer.hikari.HikariDataSource.getConnection - HikariPool-1 - Start completed.
12-03-2021 22:35:56.321 [restartedMain] INFO  c.e.EcommerceBackendApplication.logStarting - Starting EcommerceBackendApplication using Java 11.0.9 on DESKTOP-TKJ4F4S with PID 10272 (E:\projects\Ecommerce\ecommerce-backend\build\classes\java\main started by Eanda in E:\projects\Ecommerce\ecommerce-backend)
12-03-2021 22:35:56.323 [restartedMain] INFO  c.e.EcommerceBackendApplication.logStartupProfileInfo - No active profile set, falling back to default profiles: default
12-03-2021 22:35:56.359 [restartedMain] INFO  o.s.b.d.restart.ChangeableUrls.logTo - The Class-Path manifest attribute in C:\Users\Eanda\.gradle\caches\modules-2\files-2.1\javax.xml\jaxb-impl\2.1\8c86d5d4eac7f89cec63432274d712ba82cd201b\jaxb-impl-2.1.jar referenced one or more files that do not exist: file:/C:/Users/Eanda/.gradle/caches/modules-2/files-2.1/javax.xml/jaxb-impl/2.1/8c86d5d4eac7f89cec63432274d712ba82cd201b/jaxb-api.jar,file:/C:/Users/Eanda/.gradle/caches/modules-2/files-2.1/javax.xml/jaxb-impl/2.1/8c86d5d4eac7f89cec63432274d712ba82cd201b/activation.jar,file:/C:/Users/Eanda/.gradle/caches/modules-2/files-2.1/javax.xml/jaxb-impl/2.1/8c86d5d4eac7f89cec63432274d712ba82cd201b/jsr173_1.0_api.jar,file:/C:/Users/Eanda/.gradle/caches/modules-2/files-2.1/javax.xml/jaxb-impl/2.1/8c86d5d4eac7f89cec63432274d712ba82cd201b/jaxb1-impl.jar
12-03-2021 22:35:56.360 [restartedMain] INFO  o.s.b.d.e.DevToolsPropertyDefaultsPostProcessor.logTo - Devtools property defaults active! Set 'spring.devtools.add-properties' to 'false' to disable
12-03-2021 22:35:56.360 [restartedMain] INFO  o.s.b.d.e.DevToolsPropertyDefaultsPostProcessor.logTo - For additional web related logging consider setting the 'logging.level.web' property to 'DEBUG'
12-03-2021 22:35:56.966 [restartedMain] DEBUG o.m.s.b.a.MybatisAutoConfiguration.registerBeanDefinitions - Searching for mappers annotated with @Mapper
12-03-2021 22:35:56.966 [restartedMain] DEBUG o.m.s.b.a.MybatisAutoConfiguration.lambda$registerBeanDefinitions$0 - Using auto-configuration base package 'com.ecommercebackend'
12-03-2021 22:35:57.160 [restartedMain] DEBUG o.m.s.mapper.ClassPathMapperScanner.scanCandidateComponents - Identified candidate component class: file [E:\projects\Ecommerce\ecommerce-backend\build\classes\java\main\com\ecommercebackend\admin\dao\CategoryDao.class]
12-03-2021 22:35:57.161 [restartedMain] DEBUG o.m.s.mapper.ClassPathMapperScanner.scanCandidateComponents - Identified candidate component class: file [E:\projects\Ecommerce\ecommerce-backend\build\classes\java\main\com\ecommercebackend\admin\dao\EducationInfoDao.class]
12-03-2021 22:35:57.161 [restartedMain] DEBUG o.m.s.mapper.ClassPathMapperScanner.scanCandidateComponents - Identified candidate component class: file [E:\projects\Ecommerce\ecommerce-backend\build\classes\java\main\com\ecommercebackend\admin\dao\EmergencyContactDao.class]
12-03-2021 22:35:57.161 [restartedMain] DEBUG o.m.s.mapper.ClassPathMapperScanner.scanCandidateComponents - Identified candidate component class: file [E:\projects\Ecommerce\ecommerce-backend\build\classes\java\main\com\ecommercebackend\admin\dao\PersonalInfoDao.class]
12-03-2021 22:35:57.161 [restartedMain] DEBUG o.m.s.mapper.ClassPathMapperScanner.scanCandidateComponents - Identified candidate component class: file [E:\projects\Ecommerce\ecommerce-backend\build\classes\java\main\com\ecommercebackend\admin\dao\ProductDao.class]
12-03-2021 22:35:57.161 [restartedMain] DEBUG o.m.s.mapper.ClassPathMapperScanner.scanCandidateComponents - Identified candidate component class: file [E:\projects\Ecommerce\ecommerce-backend\build\classes\java\main\com\ecommercebackend\admin\dao\ResourceImageDao.class]
12-03-2021 22:35:57.161 [restartedMain] DEBUG o.m.s.mapper.ClassPathMapperScanner.scanCandidateComponents - Identified candidate component class: file [E:\projects\Ecommerce\ecommerce-backend\build\classes\java\main\com\ecommercebackend\admin\dao\UserDao.class]
12-03-2021 22:35:57.164 [restartedMain] DEBUG o.m.s.mapper.ClassPathMapperScanner.scanCandidateComponents - Identified candidate component class: file [E:\projects\Ecommerce\ecommerce-backend\build\classes\java\main\com\ecommercebackend\core\dao\DefaultAuthenticationDao.class]
12-03-2021 22:35:57.164 [restartedMain] DEBUG o.m.s.mapper.ClassPathMapperScanner.scanCandidateComponents - Identified candidate component class: file [E:\projects\Ecommerce\ecommerce-backend\build\classes\java\main\com\ecommercebackend\core\dao\SuccessLoginDao.class]
12-03-2021 22:35:57.166 [restartedMain] DEBUG o.m.s.mapper.ClassPathMapperScanner.scanCandidateComponents - Identified candidate component class: file [E:\projects\Ecommerce\ecommerce-backend\build\classes\java\main\com\ecommercebackend\web\dao\ReaderImgDao.class]
12-03-2021 22:35:57.166 [restartedMain] DEBUG o.m.s.mapper.ClassPathMapperScanner.debug - Creating MapperFactoryBean with name 'categoryDao' and 'com.ecommercebackend.admin.dao.CategoryDao' mapperInterface
12-03-2021 22:35:57.167 [restartedMain] DEBUG o.m.s.mapper.ClassPathMapperScanner.debug - Enabling autowire by type for MapperFactoryBean with name 'categoryDao'.
12-03-2021 22:35:57.167 [restartedMain] DEBUG o.m.s.mapper.ClassPathMapperScanner.debug - Creating MapperFactoryBean with name 'educationInfoDao' and 'com.ecommercebackend.admin.dao.EducationInfoDao' mapperInterface
12-03-2021 22:35:57.167 [restartedMain] DEBUG o.m.s.mapper.ClassPathMapperScanner.debug - Enabling autowire by type for MapperFactoryBean with name 'educationInfoDao'.
12-03-2021 22:35:57.167 [restartedMain] DEBUG o.m.s.mapper.ClassPathMapperScanner.debug - Creating MapperFactoryBean with name 'emergencyContactDao' and 'com.ecommercebackend.admin.dao.EmergencyContactDao' mapperInterface
12-03-2021 22:35:57.167 [restartedMain] DEBUG o.m.s.mapper.ClassPathMapperScanner.debug - Enabling autowire by type for MapperFactoryBean with name 'emergencyContactDao'.
12-03-2021 22:35:57.168 [restartedMain] DEBUG o.m.s.mapper.ClassPathMapperScanner.debug - Creating MapperFactoryBean with name 'personalInfoDao' and 'com.ecommercebackend.admin.dao.PersonalInfoDao' mapperInterface
12-03-2021 22:35:57.168 [restartedMain] DEBUG o.m.s.mapper.ClassPathMapperScanner.debug - Enabling autowire by type for MapperFactoryBean with name 'personalInfoDao'.
12-03-2021 22:35:57.168 [restartedMain] DEBUG o.m.s.mapper.ClassPathMapperScanner.debug - Creating MapperFactoryBean with name 'productDao' and 'com.ecommercebackend.admin.dao.ProductDao' mapperInterface
12-03-2021 22:35:57.168 [restartedMain] DEBUG o.m.s.mapper.ClassPathMapperScanner.debug - Enabling autowire by type for MapperFactoryBean with name 'productDao'.
12-03-2021 22:35:57.168 [restartedMain] DEBUG o.m.s.mapper.ClassPathMapperScanner.debug - Creating MapperFactoryBean with name 'resourceImageDao' and 'com.ecommercebackend.admin.dao.ResourceImageDao' mapperInterface
12-03-2021 22:35:57.168 [restartedMain] DEBUG o.m.s.mapper.ClassPathMapperScanner.debug - Enabling autowire by type for MapperFactoryBean with name 'resourceImageDao'.
12-03-2021 22:35:57.168 [restartedMain] DEBUG o.m.s.mapper.ClassPathMapperScanner.debug - Creating MapperFactoryBean with name 'userDao' and 'com.ecommercebackend.admin.dao.UserDao' mapperInterface
12-03-2021 22:35:57.168 [restartedMain] DEBUG o.m.s.mapper.ClassPathMapperScanner.debug - Enabling autowire by type for MapperFactoryBean with name 'userDao'.
12-03-2021 22:35:57.168 [restartedMain] DEBUG o.m.s.mapper.ClassPathMapperScanner.debug - Creating MapperFactoryBean with name 'defaultAuthenticationDao' and 'com.ecommercebackend.core.dao.DefaultAuthenticationDao' mapperInterface
12-03-2021 22:35:57.168 [restartedMain] DEBUG o.m.s.mapper.ClassPathMapperScanner.debug - Enabling autowire by type for MapperFactoryBean with name 'defaultAuthenticationDao'.
12-03-2021 22:35:57.169 [restartedMain] DEBUG o.m.s.mapper.ClassPathMapperScanner.debug - Creating MapperFactoryBean with name 'successLoginDao' and 'com.ecommercebackend.core.dao.SuccessLoginDao' mapperInterface
12-03-2021 22:35:57.169 [restartedMain] DEBUG o.m.s.mapper.ClassPathMapperScanner.debug - Enabling autowire by type for MapperFactoryBean with name 'successLoginDao'.
12-03-2021 22:35:57.169 [restartedMain] DEBUG o.m.s.mapper.ClassPathMapperScanner.debug - Creating MapperFactoryBean with name 'readerImgDao' and 'com.ecommercebackend.web.dao.ReaderImgDao' mapperInterface
12-03-2021 22:35:57.169 [restartedMain] DEBUG o.m.s.mapper.ClassPathMapperScanner.debug - Enabling autowire by type for MapperFactoryBean with name 'readerImgDao'.
12-03-2021 22:35:57.306 [restartedMain] INFO  o.s.c.s.PostProcessorRegistrationDelegate$BeanPostProcessorChecker.postProcessAfterInitialization - Bean 'org.springframework.ws.config.annotation.DelegatingWsConfiguration' of type [org.springframework.ws.config.annotation.DelegatingWsConfiguration$$EnhancerBySpringCGLIB$$361097e] is not eligible for getting processed by all BeanPostProcessors (for example: not eligible for auto-proxying)
12-03-2021 22:35:57.328 [restartedMain] INFO  o.s.w.s.a.s.AnnotationActionEndpointMapping.afterPropertiesSet - Supporting [WS-Addressing August 2004, WS-Addressing 1.0]
12-03-2021 22:35:57.375 [restartedMain] INFO  o.s.c.s.PostProcessorRegistrationDelegate$BeanPostProcessorChecker.postProcessAfterInitialization - Bean 'org.springframework.security.access.expression.method.DefaultMethodSecurityExpressionHandler@231ed3d5' of type [org.springframework.security.access.expression.method.DefaultMethodSecurityExpressionHandler] is not eligible for getting processed by all BeanPostProcessors (for example: not eligible for auto-proxying)
12-03-2021 22:35:57.378 [restartedMain] INFO  o.s.c.s.PostProcessorRegistrationDelegate$BeanPostProcessorChecker.postProcessAfterInitialization - Bean 'methodSecurityMetadataSource' of type [org.springframework.security.access.method.DelegatingMethodSecurityMetadataSource] is not eligible for getting processed by all BeanPostProcessors (for example: not eligible for auto-proxying)
12-03-2021 22:35:57.587 [restartedMain] INFO  o.s.b.w.e.tomcat.TomcatWebServer.initialize - Tomcat initialized with port(s): 8080 (http)
12-03-2021 22:35:57.593 [restartedMain] INFO  o.a.coyote.http11.Http11NioProtocol.log - Initializing ProtocolHandler ["http-nio-8080"]
12-03-2021 22:35:57.594 [restartedMain] INFO  o.a.catalina.core.StandardService.log - Starting service [Tomcat]
12-03-2021 22:35:57.594 [restartedMain] INFO  o.a.catalina.core.StandardEngine.log - Starting Servlet engine: [Apache Tomcat/9.0.41]
12-03-2021 22:35:57.667 [restartedMain] INFO  o.a.c.c.C.[Tomcat].[localhost].[/].log - Initializing Spring embedded WebApplicationContext
12-03-2021 22:35:57.667 [restartedMain] INFO  o.s.b.w.s.c.ServletWebServerApplicationContext.prepareWebApplicationContext - Root WebApplicationContext: initialization completed in 1306 ms
12-03-2021 22:35:57.884 [restartedMain] DEBUG o.m.spring.SqlSessionFactoryBean.debug - Parsed configuration file: 'class path resource [mybatis/mybatis_config.xml]'
12-03-2021 22:35:57.917 [restartedMain] DEBUG o.m.spring.SqlSessionFactoryBean.debug - Parsed mapper file: 'file [E:\projects\Ecommerce\ecommerce-backend\build\resources\main\mybatis\mapper\admin\categoryDai.xml]'
12-03-2021 22:35:57.924 [restartedMain] DEBUG o.m.spring.SqlSessionFactoryBean.debug - Parsed mapper file: 'file [E:\projects\Ecommerce\ecommerce-backend\build\resources\main\mybatis\mapper\admin\educationInfoDao.xml]'
12-03-2021 22:35:57.929 [restartedMain] DEBUG o.m.spring.SqlSessionFactoryBean.debug - Parsed mapper file: 'file [E:\projects\Ecommerce\ecommerce-backend\build\resources\main\mybatis\mapper\admin\emergencyContactDao.xml]'
12-03-2021 22:35:57.933 [restartedMain] DEBUG o.m.spring.SqlSessionFactoryBean.debug - Parsed mapper file: 'file [E:\projects\Ecommerce\ecommerce-backend\build\resources\main\mybatis\mapper\admin\personalInfoDao.xml]'
12-03-2021 22:35:57.939 [restartedMain] DEBUG o.m.spring.SqlSessionFactoryBean.debug - Parsed mapper file: 'file [E:\projects\Ecommerce\ecommerce-backend\build\resources\main\mybatis\mapper\admin\productDao.xml]'
12-03-2021 22:35:57.944 [restartedMain] DEBUG o.m.spring.SqlSessionFactoryBean.debug - Parsed mapper file: 'file [E:\projects\Ecommerce\ecommerce-backend\build\resources\main\mybatis\mapper\admin\resourceImageDao.xml]'
12-03-2021 22:35:57.949 [restartedMain] DEBUG o.m.spring.SqlSessionFactoryBean.debug - Parsed mapper file: 'file [E:\projects\Ecommerce\ecommerce-backend\build\resources\main\mybatis\mapper\admin\userDao.xml]'
12-03-2021 22:35:57.952 [restartedMain] DEBUG o.m.spring.SqlSessionFactoryBean.debug - Parsed mapper file: 'file [E:\projects\Ecommerce\ecommerce-backend\build\resources\main\mybatis\mapper\core\SuccessLogin.xml]'
12-03-2021 22:35:57.968 [restartedMain] DEBUG o.m.spring.SqlSessionFactoryBean.debug - Parsed mapper file: 'file [E:\projects\Ecommerce\ecommerce-backend\build\resources\main\mybatis\mapper\core\defaultAuthenticationDao.xml]'
12-03-2021 22:35:57.972 [restartedMain] DEBUG o.m.spring.SqlSessionFactoryBean.debug - Parsed mapper file: 'file [E:\projects\Ecommerce\ecommerce-backend\build\resources\main\mybatis\mapper\web\readerImgDao.xml]'
12-03-2021 22:35:58.112 [restartedMain] INFO  o.s.s.c.ThreadPoolTaskExecutor.initialize - Initializing ExecutorService
12-03-2021 22:35:58.113 [restartedMain] INFO  o.s.s.c.ThreadPoolTaskExecutor.initialize - Initializing ExecutorService 'asyncExecutor'
12-03-2021 22:35:58.309 [restartedMain] INFO  o.s.s.web.DefaultSecurityFilterChain.<init> - Will secure Ant [pattern='/api/web/**'] with []
12-03-2021 22:35:58.309 [restartedMain] INFO  o.s.s.web.DefaultSecurityFilterChain.<init> - Will secure Ant [pattern='/api/mobile/**'] with []
12-03-2021 22:35:58.309 [restartedMain] INFO  o.s.s.web.DefaultSecurityFilterChain.<init> - Will secure Ant [pattern='/401.html'] with []
12-03-2021 22:35:58.309 [restartedMain] INFO  o.s.s.web.DefaultSecurityFilterChain.<init> - Will secure Ant [pattern='/404.html'] with []
12-03-2021 22:35:58.309 [restartedMain] INFO  o.s.s.web.DefaultSecurityFilterChain.<init> - Will secure Ant [pattern='/500.html'] with []
12-03-2021 22:35:58.340 [restartedMain] INFO  o.s.s.web.DefaultSecurityFilterChain.<init> - Will secure Or [Ant [pattern='/oauth/token'], Ant [pattern='/oauth/token_key'], Ant [pattern='/oauth/check_token']] with [org.springframework.security.web.context.request.async.WebAsyncManagerIntegrationFilter@5b267da8, org.springframework.security.web.context.SecurityContextPersistenceFilter@40c15386, org.springframework.security.web.header.HeaderWriterFilter@62a9a98e, org.springframework.security.web.authentication.logout.LogoutFilter@1e36ab17, org.springframework.security.web.authentication.www.BasicAuthenticationFilter@2458c5bc, org.springframework.security.web.savedrequest.RequestCacheAwareFilter@3f52ae24, org.springframework.security.web.servletapi.SecurityContextHolderAwareRequestFilter@1bf4bbda, org.springframework.security.web.authentication.AnonymousAuthenticationFilter@631f52a2, org.springframework.security.web.session.SessionManagementFilter@7947b3dd, org.springframework.security.web.access.ExceptionTranslationFilter@14f08ea6, org.springframework.security.web.access.intercept.FilterSecurityInterceptor@4e171ef8]
12-03-2021 22:35:58.347 [restartedMain] INFO  o.s.s.web.DefaultSecurityFilterChain.<init> - Will secure Or [Ant [pattern='/api/**']] with [org.springframework.security.web.context.request.async.WebAsyncManagerIntegrationFilter@57302223, org.springframework.security.web.context.SecurityContextPersistenceFilter@5ffd8e8e, org.springframework.security.web.header.HeaderWriterFilter@5e7d7bc1, org.springframework.security.web.authentication.logout.LogoutFilter@fa32a22, org.springframework.security.oauth2.provider.authentication.OAuth2AuthenticationProcessingFilter@559d34e1, org.springframework.security.web.savedrequest.RequestCacheAwareFilter@5b77cf77, org.springframework.security.web.servletapi.SecurityContextHolderAwareRequestFilter@6e6114ab, org.springframework.security.web.authentication.AnonymousAuthenticationFilter@192eddb7, org.springframework.security.web.session.SessionManagementFilter@76a491df, org.springframework.security.web.access.ExceptionTranslationFilter@622cc452, org.springframework.security.web.access.intercept.FilterSecurityInterceptor@16ec09a3]
12-03-2021 22:35:58.358 [restartedMain] INFO  o.s.s.web.DefaultSecurityFilterChain.<init> - Will secure any request with [org.springframework.security.web.context.request.async.WebAsyncManagerIntegrationFilter@62dd1a90, org.springframework.security.web.context.SecurityContextPersistenceFilter@cef9bfb, org.springframework.security.web.header.HeaderWriterFilter@45765c44, org.springframework.security.web.csrf.CsrfFilter@164fd2a9, org.springframework.security.web.authentication.logout.LogoutFilter@36a8aae1, org.springframework.security.web.authentication.UsernamePasswordAuthenticationFilter@30447e0, org.springframework.security.web.authentication.ui.DefaultLoginPageGeneratingFilter@6e293706, org.springframework.security.web.authentication.ui.DefaultLogoutPageGeneratingFilter@746d932d, org.springframework.security.web.authentication.www.BasicAuthenticationFilter@659f559d, org.springframework.security.web.savedrequest.RequestCacheAwareFilter@13a779de, org.springframework.security.web.servletapi.SecurityContextHolderAwareRequestFilter@64c48392, org.springframework.security.web.authentication.AnonymousAuthenticationFilter@5577e107, org.springframework.security.web.session.SessionManagementFilter@64ddc753, org.springframework.security.web.access.ExceptionTranslationFilter@573548c, org.springframework.security.web.access.intercept.FilterSecurityInterceptor@76fc1b55]
12-03-2021 22:35:58.527 [restartedMain] WARN  o.t.templatemode.TemplateMode.parse - [THYMELEAF][restartedMain] Template Mode 'LEGACYHTML5' is deprecated. Using Template Mode 'HTML' instead.
12-03-2021 22:35:58.541 [restartedMain] DEBUG o.m.s.b.a.MybatisAutoConfiguration.afterPropertiesSet - Not found configuration for registering mapper bean using @MapperScan, MapperFactoryBean and MapperScannerConfigurer.
12-03-2021 22:35:58.740 [restartedMain] INFO  o.s.b.d.a.OptionalLiveReloadServer.startServer - LiveReload server is running on port 35729
12-03-2021 22:35:58.745 [restartedMain] INFO  o.s.b.a.e.web.EndpointLinksResolver.<init> - Exposing 2 endpoint(s) beneath base path '/actuator'
12-03-2021 22:35:58.780 [restartedMain] INFO  o.a.coyote.http11.Http11NioProtocol.log - Starting ProtocolHandler ["http-nio-8080"]
12-03-2021 22:35:58.793 [restartedMain] INFO  o.s.b.w.e.tomcat.TomcatWebServer.start - Tomcat started on port(s): 8080 (http) with context path ''
12-03-2021 22:35:58.803 [restartedMain] INFO  c.e.EcommerceBackendApplication.logStarted - Started EcommerceBackendApplication in 2.772 seconds (JVM running for 3.538)
12-03-2021 22:35:59.265 [RMI TCP Connection(4)-192.168.43.44] INFO  o.a.c.c.C.[Tomcat].[localhost].[/].log - Initializing Spring DispatcherServlet 'dispatcherServlet'
12-03-2021 22:35:59.266 [RMI TCP Connection(3)-192.168.43.44] INFO  com.zaxxer.hikari.HikariDataSource.getConnection - HikariPool-1 - Starting...
12-03-2021 22:35:59.266 [RMI TCP Connection(4)-192.168.43.44] INFO  o.s.web.servlet.DispatcherServlet.initServletBean - Initializing Servlet 'dispatcherServlet'
12-03-2021 22:35:59.268 [RMI TCP Connection(4)-192.168.43.44] INFO  o.s.web.servlet.DispatcherServlet.initServletBean - Completed initialization in 2 ms
12-03-2021 22:35:59.495 [RMI TCP Connection(3)-192.168.43.44] INFO  com.zaxxer.hikari.HikariDataSource.getConnection - HikariPool-1 - Start completed.
